;  LST file generated by mikroListExporter - v.2.0 
; Date/Time: 10/10/2016 01:22:11 p.m.
;----------------------------------------------

;Address Opcode 	ASM
0x0000	0xF008EF00  	GOTO        4096
0x0004	0x0000      	NOP
0x0006	0x0000      	NOP
0x0008	0xF000EF00  	GOTO        0
0x000C	0x0000      	NOP
0x000E	0x0000      	NOP
0x0010	0x0000      	NOP
0x0012	0x0000      	NOP
0x0014	0x0000      	NOP
0x0016	0x0000      	NOP
0x0018	0xD7F3      	BRA         0
_main:
;adc-servo.c,27 :: 		void main() org 0x1000
;adc-servo.c,30 :: 		TRISA = 0b00000001;  //Todo el puerto A es salida
0x1000	0x0E01      	MOVLW       1
0x1002	0x6E92      	MOVWF       TRISA 
;adc-servo.c,31 :: 		TRISB = 0b00000000;  //Todo el puerto B es salida
0x1004	0x6A93      	CLRF        TRISB 
;adc-servo.c,32 :: 		TRISC = 0b00000001;  //Todo el puerto C es salida, exepto el bit 0 que es entrada
0x1006	0x0E01      	MOVLW       1
0x1008	0x6E94      	MOVWF       TRISC 
;adc-servo.c,33 :: 		ADCON1 = 0b00001110;  //Entradas analogicas desactivadas
0x100A	0x0E0E      	MOVLW       14
0x100C	0x6EC1      	MOVWF       ADCON1 
;adc-servo.c,35 :: 		PORTA = 0;
0x100E	0x6A80      	CLRF        PORTA 
;adc-servo.c,36 :: 		PORTB = 0;
0x1010	0x6A81      	CLRF        PORTB 
;adc-servo.c,37 :: 		PORTC = 0;
0x1012	0x6A82      	CLRF        PORTC 
;adc-servo.c,39 :: 		PORTC.f1 = 1;
0x1014	0x8282      	BSF         PORTC, 1 
;adc-servo.c,41 :: 		delay_ms(100);
0x1016	0x0E07      	MOVLW       7
0x1018	0x6E0B      	MOVWF       R11, 0
0x101A	0x0E17      	MOVLW       23
0x101C	0x6E0C      	MOVWF       R12, 0
0x101E	0x0E6A      	MOVLW       106
0x1020	0x6E0D      	MOVWF       R13, 0
L_main7:
0x1022	0x2E0D      	DECFSZ      R13, 1, 0
0x1024	0xD7FE      	BRA         L_main7
0x1026	0x2E0C      	DECFSZ      R12, 1, 0
0x1028	0xD7FC      	BRA         L_main7
0x102A	0x2E0B      	DECFSZ      R11, 1, 0
0x102C	0xD7FA      	BRA         L_main7
0x102E	0x0000      	NOP
;adc-servo.c,43 :: 		while(1)
L_main8:
;adc-servo.c,45 :: 		x = ADC_Read(0);
0x1030	0x6A19      	CLRF        FARG_ADC_Read_channel 
0x1032	0xD8AD      	RCALL       _ADC_Read
0x1034	0xD8C7      	RCALL       _word2double
0x1036	0xF015C000  	MOVFF       R0, _x
0x103A	0xF016C001  	MOVFF       R1, _x+1
0x103E	0xF017C002  	MOVFF       R2, _x+2
0x1042	0xF018C003  	MOVFF       R3, _x+3
;adc-servo.c,46 :: 		x = (x*180)/1023;
0x1046	0x0E00      	MOVLW       0
0x1048	0x6E04      	MOVWF       R4 
0x104A	0x0E00      	MOVLW       0
0x104C	0x6E05      	MOVWF       R5 
0x104E	0x0E34      	MOVLW       52
0x1050	0x6E06      	MOVWF       R6 
0x1052	0x0E86      	MOVLW       134
0x1054	0x6E07      	MOVWF       R7 
0x1056	0xDA2E      	RCALL       _Mul_32x32_FP
0x1058	0x0E00      	MOVLW       0
0x105A	0x6E04      	MOVWF       R4 
0x105C	0x0EC0      	MOVLW       192
0x105E	0x6E05      	MOVWF       R5 
0x1060	0x0E7F      	MOVLW       127
0x1062	0x6E06      	MOVWF       R6 
0x1064	0x0E88      	MOVLW       136
0x1066	0x6E07      	MOVWF       R7 
0x1068	0xD8C9      	RCALL       _Div_32x32_FP
0x106A	0xF015C000  	MOVFF       R0, _x
0x106E	0xF016C001  	MOVFF       R1, _x+1
0x1072	0xF017C002  	MOVFF       R2, _x+2
0x1076	0xF018C003  	MOVFF       R3, _x+3
;adc-servo.c,47 :: 		servo(x);
0x107A	0xD97A      	RCALL       _double2int
0x107C	0xF019C000  	MOVFF       R0, FARG_servo_angulo
0x1080	0xF01AC001  	MOVFF       R1, FARG_servo_angulo+1
0x1084	0xD9DE      	RCALL       _servo
;adc-servo.c,48 :: 		delay_ms(20);
0x1086	0x0E02      	MOVLW       2
0x1088	0x6E0B      	MOVWF       R11, 0
0x108A	0x0E38      	MOVLW       56
0x108C	0x6E0C      	MOVWF       R12, 0
0x108E	0x0EAD      	MOVLW       173
0x1090	0x6E0D      	MOVWF       R13, 0
L_main10:
0x1092	0x2E0D      	DECFSZ      R13, 1, 0
0x1094	0xD7FE      	BRA         L_main10
0x1096	0x2E0C      	DECFSZ      R12, 1, 0
0x1098	0xD7FC      	BRA         L_main10
0x109A	0x2E0B      	DECFSZ      R11, 1, 0
0x109C	0xD7FA      	BRA         L_main10
;adc-servo.c,49 :: 		}
0x109E	0xD7C8      	BRA         L_main8
;adc-servo.c,52 :: 		}
L_end_main:
0x10A0	0xD7FF      	BRA         $+0
; end of _main
_FIXSIGN32:
;__Lib_MathDouble.c,117 :: 		
;__Lib_MathDouble.c,121 :: 		
0x10A2	0xAE0A      	BTFSS       R10, 7, 0
;__Lib_MathDouble.c,122 :: 		
0x10A4	0x9E02      	BCF         R2, 7, 0
;__Lib_MathDouble.c,123 :: 		
0x10A6	0x0E00      	MOVLW       0
;__Lib_MathDouble.c,125 :: 		
L_end_FIXSIGN32:
0x10A8	0x0012      	RETURN      0
; end of _FIXSIGN32
_SETFUN32:
;__Lib_MathDouble.c,144 :: 		
;__Lib_MathDouble.c,152 :: 		
0x10AA	0x840B      	BSF         R11, 2, 0
;__Lib_MathDouble.c,153 :: 		
0x10AC	0xAE0B      	BTFSS       R11, 7, 0
;__Lib_MathDouble.c,154 :: 		
0x10AE	0xF008EF60  	GOTO        SETFUN32EEE
;__Lib_MathDouble.c,156 :: 		
0x10B2	0x0E01      	MOVLW       1
;__Lib_MathDouble.c,157 :: 		
0x10B4	0x6E03      	MOVWF       R3, 0
;__Lib_MathDouble.c,158 :: 		
0x10B6	0x6A02      	CLRF        R2, 0
;__Lib_MathDouble.c,159 :: 		
0x10B8	0x6A01      	CLRF        R1, 0
;__Lib_MathDouble.c,160 :: 		
0x10BA	0x6A00      	CLRF        R0, 0
;__Lib_MathDouble.c,161 :: 		
0x10BC	0x360A      	RLCF        R10, 1, 0
;__Lib_MathDouble.c,162 :: 		
0x10BE	0x3202      	RRCF        R2, 1, 0
;__Lib_MathDouble.c,163 :: 		
SETFUN32EEE:
;__Lib_MathDouble.c,164 :: 		
0x10C0	0x0EFF      	MOVLW       255
;__Lib_MathDouble.c,166 :: 		
L_end_SETFUN32:
0x10C2	0x0012      	RETURN      0
; end of _SETFUN32
_RES032:
;__Lib_MathDouble.c,128 :: 		
;__Lib_MathDouble.c,134 :: 		
0x10C4	0x6A02      	CLRF        R2, 0
;__Lib_MathDouble.c,135 :: 		
0x10C6	0x6A01      	CLRF        R1, 0
;__Lib_MathDouble.c,136 :: 		
0x10C8	0x6A00      	CLRF        R0, 0
;__Lib_MathDouble.c,137 :: 		
0x10CA	0x6A08      	CLRF        R8, 0
;__Lib_MathDouble.c,138 :: 		
0x10CC	0x6A03      	CLRF        R3, 0
;__Lib_MathDouble.c,139 :: 		
0x10CE	0x0E00      	MOVLW       0
;__Lib_MathDouble.c,141 :: 		
L_end_RES032:
0x10D0	0x0012      	RETURN      0
; end of _RES032
_NRM3232:
;__Lib_MathDouble.c,455 :: 		
;__Lib_MathDouble.c,463 :: 		
0x10D2	0x6A0C      	CLRF        R12, 0
;__Lib_MathDouble.c,464 :: 		
0x10D4	0x6A0E      	CLRF        R14, 0
;__Lib_MathDouble.c,465 :: 		
0x10D6	0x5002      	MOVF        R2, 0, 0
;__Lib_MathDouble.c,466 :: 		
0x10D8	0xA4D8      	BTFSS       STATUS, 2, 0
;__Lib_MathDouble.c,467 :: 		
0x10DA	0xF008EF82  	GOTO        NORM3232
;__Lib_MathDouble.c,468 :: 		
0x10DE	0xF002C001  	MOVFF       R1, R2
;__Lib_MathDouble.c,469 :: 		
0x10E2	0xF001C000  	MOVFF       R0, R1
;__Lib_MathDouble.c,470 :: 		
0x10E6	0x6A00      	CLRF        R0, 0
;__Lib_MathDouble.c,471 :: 		
0x10E8	0x860E      	BSF         R14, 3, 0
;__Lib_MathDouble.c,473 :: 		
0x10EA	0x5002      	MOVF        R2, 0, 0
;__Lib_MathDouble.c,474 :: 		
0x10EC	0xA4D8      	BTFSS       STATUS, 2, 0
;__Lib_MathDouble.c,475 :: 		
0x10EE	0xF008EF82  	GOTO        NORM3232
;__Lib_MathDouble.c,476 :: 		
0x10F2	0xF002C001  	MOVFF       R1, R2
;__Lib_MathDouble.c,477 :: 		
0x10F6	0x6A01      	CLRF        R1, 0
;__Lib_MathDouble.c,478 :: 		
0x10F8	0x960E      	BCF         R14, 3, 0
;__Lib_MathDouble.c,479 :: 		
0x10FA	0x880E      	BSF         R14, 4, 0
;__Lib_MathDouble.c,481 :: 		
0x10FC	0x5002      	MOVF        R2, 0, 0
;__Lib_MathDouble.c,482 :: 		
0x10FE	0xB4D8      	BTFSC       STATUS, 2, 0
;__Lib_MathDouble.c,483 :: 		
0x1100	0xF008EF94  	GOTO        JPNRES032
;__Lib_MathDouble.c,484 :: 		
NORM3232:
;__Lib_MathDouble.c,485 :: 		
0x1104	0x500E      	MOVF        R14, 0, 0
;__Lib_MathDouble.c,486 :: 		
0x1106	0x5E03      	SUBWF       R3, 1, 0
;__Lib_MathDouble.c,487 :: 		
0x1108	0xA4D8      	BTFSS       STATUS, 2, 0
;__Lib_MathDouble.c,488 :: 		
0x110A	0xA0D8      	BTFSS       STATUS, 0, 0
;__Lib_MathDouble.c,489 :: 		
0x110C	0xF008EF99  	GOTO        JPNSETFUN32
;__Lib_MathDouble.c,490 :: 		
0x1110	0x90D8      	BCF         STATUS, 0, 0
;__Lib_MathDouble.c,491 :: 		
NORM3232A:
;__Lib_MathDouble.c,492 :: 		
0x1112	0xBE02      	BTFSC       R2, 7, 0
;__Lib_MathDouble.c,493 :: 		
0x1114	0xF008EF9E  	GOTO        JMPNFIXSIGN32
;__Lib_MathDouble.c,494 :: 		
0x1118	0x3600      	RLCF        R0, 1, 0
;__Lib_MathDouble.c,495 :: 		
0x111A	0x3601      	RLCF        R1, 1, 0
;__Lib_MathDouble.c,496 :: 		
0x111C	0x3602      	RLCF        R2, 1, 0
;__Lib_MathDouble.c,497 :: 		
0x111E	0x2E03      	DECFSZ      R3, 1, 0
;__Lib_MathDouble.c,498 :: 		
0x1120	0xF008EF89  	GOTO        NORM3232A
;__Lib_MathDouble.c,499 :: 		
0x1124	0xF008EF99  	GOTO        JPNSETFUN32
;__Lib_MathDouble.c,500 :: 		
JPNRES032:
;__Lib_MathDouble.c,501 :: 		
0x1128	0x0E01      	MOVLW       1
;__Lib_MathDouble.c,502 :: 		
0x112A	0x6E0C      	MOVWF       R12, 0
;__Lib_MathDouble.c,504 :: 		
0x112C	0xDFCB      	RCALL       _RES032
;__Lib_MathDouble.c,506 :: 		
0x112E	0xF008EFA1  	GOTO        NORM32EEE
;__Lib_MathDouble.c,507 :: 		
JPNSETFUN32:
;__Lib_MathDouble.c,508 :: 		
0x1132	0x0E02      	MOVLW       2
;__Lib_MathDouble.c,509 :: 		
0x1134	0x6E0C      	MOVWF       R12, 0
;__Lib_MathDouble.c,511 :: 		
0x1136	0xDFB9      	RCALL       _SETFUN32
;__Lib_MathDouble.c,513 :: 		
0x1138	0xF008EFA1  	GOTO        NORM32EEE
;__Lib_MathDouble.c,514 :: 		
JMPNFIXSIGN32:
;__Lib_MathDouble.c,515 :: 		
0x113C	0x0E04      	MOVLW       4
;__Lib_MathDouble.c,516 :: 		
0x113E	0x6E0C      	MOVWF       R12, 0
;__Lib_MathDouble.c,518 :: 		
0x1140	0xDFB0      	RCALL       _FIXSIGN32
;__Lib_MathDouble.c,520 :: 		
NORM32EEE:
;__Lib_MathDouble.c,527 :: 		
L_end_NRM3232:
0x1142	0x0012      	RETURN      0
; end of _NRM3232
_SETFOV32:
;__Lib_MathDouble.c,82 :: 		
;__Lib_MathDouble.c,90 :: 		
0x1144	0x820B      	BSF         R11, 1, 0
;__Lib_MathDouble.c,91 :: 		
0x1146	0xAE0B      	BTFSS       R11, 7, 0
;__Lib_MathDouble.c,92 :: 		
0x1148	0xF008EFAC  	GOTO        SETFOV32EEE
;__Lib_MathDouble.c,94 :: 		
0x114C	0x6803      	SETF        R3, 0
;__Lib_MathDouble.c,95 :: 		
0x114E	0x6802      	SETF        R2, 0
;__Lib_MathDouble.c,96 :: 		
0x1150	0x6801      	SETF        R1, 0
;__Lib_MathDouble.c,97 :: 		
0x1152	0x6800      	SETF        R0, 0
;__Lib_MathDouble.c,98 :: 		
0x1154	0x360A      	RLCF        R10, 1, 0
;__Lib_MathDouble.c,99 :: 		
0x1156	0x3202      	RRCF        R2, 1, 0
;__Lib_MathDouble.c,100 :: 		
SETFOV32EEE:
;__Lib_MathDouble.c,101 :: 		
0x1158	0x0EFF      	MOVLW       255
;__Lib_MathDouble.c,103 :: 		
L_end_SETFOV32:
0x115A	0x0012      	RETURN      0
; end of _SETFOV32
_SETFDZ32:
;__Lib_MathDouble.c,106 :: 		
;__Lib_MathDouble.c,110 :: 		
0x115C	0x6A0B      	CLRF        R11, 0
;__Lib_MathDouble.c,111 :: 		
0x115E	0x860B      	BSF         R11, 3, 0
;__Lib_MathDouble.c,112 :: 		
0x1160	0x0EFF      	MOVLW       255
;__Lib_MathDouble.c,114 :: 		
L_end_SETFDZ32:
0x1162	0x0012      	RETURN      0
; end of _SETFDZ32
_Delay_22us:
;__Lib_Delays.c,15 :: 		void Delay_22us() {
;__Lib_Delays.c,16 :: 		Delay_us(22);
0x1164	0x0E57      	MOVLW       87
0x1166	0x6E0D      	MOVWF       R13, 0
L_Delay_22us2:
0x1168	0x2E0D      	DECFSZ      R13, 1, 0
0x116A	0xD7FE      	BRA         L_Delay_22us2
0x116C	0x0000      	NOP
0x116E	0x0000      	NOP
;__Lib_Delays.c,17 :: 		}
L_end_Delay_22us:
0x1170	0x0012      	RETURN      0
; end of _Delay_22us
_SETIOV3224:
;__Lib_MathDouble.c,530 :: 		
;__Lib_MathDouble.c,537 :: 		
0x1172	0x800B      	BSF         R11, 0, 0
;__Lib_MathDouble.c,538 :: 		
0x1174	0xAE0B      	BTFSS       R11, 7, 0
;__Lib_MathDouble.c,539 :: 		
0x1176	0xF008EFC5  	GOTO        SETIOV3224EEE
;__Lib_MathDouble.c,541 :: 		
0x117A	0x6A02      	CLRF        R2, 0
;__Lib_MathDouble.c,542 :: 		
0x117C	0xAE0A      	BTFSS       R10, 7, 0
;__Lib_MathDouble.c,543 :: 		
0x117E	0x0EFF      	MOVLW       255
;__Lib_MathDouble.c,544 :: 		
0x1180	0x6E02      	MOVWF       R2, 0
;__Lib_MathDouble.c,545 :: 		
0x1182	0x6E01      	MOVWF       R1, 0
;__Lib_MathDouble.c,546 :: 		
0x1184	0x6E00      	MOVWF       R0, 0
;__Lib_MathDouble.c,547 :: 		
0x1186	0x360A      	RLCF        R10, 1, 0
;__Lib_MathDouble.c,548 :: 		
0x1188	0x3202      	RRCF        R2, 1, 0
;__Lib_MathDouble.c,549 :: 		
SETIOV3224EEE:
;__Lib_MathDouble.c,550 :: 		
0x118A	0x0EFF      	MOVLW       255
;__Lib_MathDouble.c,552 :: 		
L_end_SETIOV3224:
0x118C	0x0012      	RETURN      0
; end of _SETIOV3224
_ADC_Read:
;__Lib_ADC_A_D.c,35 :: 		
;__Lib_ADC_A_D.c,38 :: 		
0x118E	0x6AC2      	CLRF        ADCON0 
;__Lib_ADC_A_D.c,39 :: 		
0x1190	0x0E07      	MOVLW       7
0x1192	0x12C0      	IORWF       ADCON2, 1 
;__Lib_ADC_A_D.c,40 :: 		
0x1194	0x8EC0      	BSF         ADCON2, 7 
;__Lib_ADC_A_D.c,41 :: 		
0x1196	0xF000C019  	MOVFF       FARG_ADC_Read_channel, R0
0x119A	0x3600      	RLCF        R0, 1 
0x119C	0x9000      	BCF         R0, 0 
0x119E	0x3600      	RLCF        R0, 1 
0x11A0	0x9000      	BCF         R0, 0 
0x11A2	0x5000      	MOVF        R0, 0 
0x11A4	0x12C2      	IORWF       ADCON0, 1 
;__Lib_ADC_A_D.c,42 :: 		
0x11A6	0x80C2      	BSF         ADCON0, 0 
;__Lib_ADC_A_D.c,43 :: 		
0x11A8	0xDFDD      	RCALL       _Delay_22us
;__Lib_ADC_A_D.c,44 :: 		
0x11AA	0x82C2      	BSF         ADCON0, 1 
;__Lib_ADC_A_D.c,45 :: 		
L_ADC_Read2:
0x11AC	0xA2C2      	BTFSS       ADCON0, 1 
0x11AE	0xD001      	BRA         L_ADC_Read3
;__Lib_ADC_A_D.c,46 :: 		
0x11B0	0xD7FD      	BRA         L_ADC_Read2
L_ADC_Read3:
;__Lib_ADC_A_D.c,47 :: 		
0x11B2	0xF001CFC4  	MOVFF       ADRESH, R1
0x11B6	0x6A00      	CLRF        R0 
;__Lib_ADC_A_D.c,48 :: 		
0x11B8	0x50C3      	MOVF        ADRESL, 0 
0x11BA	0x1200      	IORWF       R0, 1 
0x11BC	0x0E00      	MOVLW       0
0x11BE	0x1201      	IORWF       R1, 1 
;__Lib_ADC_A_D.c,49 :: 		
0x11C0	0x90C2      	BCF         ADCON0, 0 
;__Lib_ADC_A_D.c,51 :: 		
;__Lib_ADC_A_D.c,52 :: 		
L_end_ADC_Read:
0x11C2	0x0012      	RETURN      0
; end of _ADC_Read
_word2double:
;__Lib_MathDouble.c,2335 :: 		
;__Lib_MathDouble.c,2344 :: 		
0x11C4	0x5000      	MOVF        R0, 0, 0
;__Lib_MathDouble.c,2345 :: 		
0x11C6	0x6E08      	MOVWF       R8, 0
;__Lib_MathDouble.c,2346 :: 		
0x11C8	0x5001      	MOVF        R1, 0, 0
;__Lib_MathDouble.c,2347 :: 		
0x11CA	0x6E00      	MOVWF       R0, 0
;__Lib_MathDouble.c,2348 :: 		
0x11CC	0x6A01      	CLRF        R1, 0
;__Lib_MathDouble.c,2349 :: 		
0x11CE	0x6A02      	CLRF        R2, 0
;__Lib_MathDouble.c,2350 :: 		
0x11D0	0x6A03      	CLRF        R3, 0
;__Lib_MathDouble.c,2353 :: 		
0x11D2	0x6A0B      	CLRF        R11, 0
;__Lib_MathDouble.c,2354 :: 		
0x11D4	0x6A0C      	CLRF        R12, 0
;__Lib_MathDouble.c,2356 :: 		
0x11D6	0x0E96      	MOVLW       150
;__Lib_MathDouble.c,2357 :: 		
0x11D8	0x6E03      	MOVWF       R3, 0
;__Lib_MathDouble.c,2358 :: 		
0x11DA	0x6A0A      	CLRF        R10, 0
;__Lib_MathDouble.c,2360 :: 		
0x11DC	0xF001C000  	MOVFF       R0, R1
;__Lib_MathDouble.c,2361 :: 		
0x11E0	0xF000C008  	MOVFF       R8, R0
;__Lib_MathDouble.c,2362 :: 		
0x11E4	0x6A08      	CLRF        R8, 0
;__Lib_MathDouble.c,2363 :: 		
0x11E6	0x6A02      	CLRF        R2, 0
;__Lib_MathDouble.c,2365 :: 		
0x11E8	0xDF74      	RCALL       _NRM3232
;__Lib_MathDouble.c,2366 :: 		
L_end_word2double:
0x11EA	0x0012      	RETURN      0
; end of _word2double
___CC2DW:
;__Lib_System.c,21 :: 		
;__Lib_System.c,23 :: 		
_CC2DL_Loop1:
;__Lib_System.c,24 :: 		
0x11EC	0x0009      	TBLRD*+
;__Lib_System.c,25 :: 		
0x11EE	0xFFE6CFF5  	MOVFF       TABLAT, POSTINC1
;__Lib_System.c,26 :: 		
0x11F2	0x0600      	DECF        R0, 1, 0
;__Lib_System.c,27 :: 		
0x11F4	0xE1FB      	BNZ         _CC2DL_Loop1
;__Lib_System.c,28 :: 		
0x11F6	0x0601      	DECF        R1, 1, 0
;__Lib_System.c,29 :: 		
0x11F8	0xE1F9      	BNZ         _CC2DL_Loop1
;__Lib_System.c,31 :: 		
L_end___CC2DW:
0x11FA	0x0012      	RETURN      0
; end of ___CC2DW
_Div_32x32_FP:
;__Lib_MathDouble.c,1325 :: 		
;__Lib_MathDouble.c,1339 :: 		
0x11FC	0x5004      	MOVF        R4, 0 
0x11FE	0x0A00      	XORLW       0
0x1200	0xE112      	BNZ         L_Div_32x32_FP11
;__Lib_MathDouble.c,1340 :: 		
0x1202	0x5005      	MOVF        R5, 0 
0x1204	0x0A00      	XORLW       0
0x1206	0xE10F      	BNZ         L_Div_32x32_FP12
;__Lib_MathDouble.c,1341 :: 		
0x1208	0x5006      	MOVF        R6, 0 
0x120A	0x0A00      	XORLW       0
0x120C	0xE10C      	BNZ         L_Div_32x32_FP13
;__Lib_MathDouble.c,1342 :: 		
0x120E	0x5007      	MOVF        R7, 0 
0x1210	0x0A00      	XORLW       0
0x1212	0xE109      	BNZ         L_Div_32x32_FP14
;__Lib_MathDouble.c,1343 :: 		
0x1214	0x0EFF      	MOVLW       255
0x1216	0x6E00      	MOVWF       R0 
;__Lib_MathDouble.c,1344 :: 		
0x1218	0x0EFF      	MOVLW       255
0x121A	0x6E01      	MOVWF       R1 
;__Lib_MathDouble.c,1345 :: 		
0x121C	0x0E7F      	MOVLW       127
0x121E	0x6E02      	MOVWF       R2 
;__Lib_MathDouble.c,1346 :: 		
0x1220	0x0EFF      	MOVLW       255
0x1222	0x6E03      	MOVWF       R3 
;__Lib_MathDouble.c,1347 :: 		
0x1224	0xD0A4      	BRA         L_end_Div_32x32_FP
;__Lib_MathDouble.c,1348 :: 		
L_Div_32x32_FP14:
L_Div_32x32_FP13:
L_Div_32x32_FP12:
L_Div_32x32_FP11:
;__Lib_MathDouble.c,1353 :: 		
0x1226	0x6A08      	CLRF        R8, 0
;__Lib_MathDouble.c,1354 :: 		
0x1228	0x6A09      	CLRF        R9, 0
;__Lib_MathDouble.c,1356 :: 		
0x122A	0x5007      	MOVF        R7, 0, 0
;__Lib_MathDouble.c,1357 :: 		
0x122C	0xB4D8      	BTFSC       STATUS, 2, 0
;__Lib_MathDouble.c,1358 :: 		
0x122E	0xF009EFA9  	GOTO        JPDSETFDZ32
;__Lib_MathDouble.c,1360 :: 		
0x1232	0x5003      	MOVF        R3, 0, 0
;__Lib_MathDouble.c,1361 :: 		
0x1234	0xB4D8      	BTFSC       STATUS, 2, 0
;__Lib_MathDouble.c,1362 :: 		
0x1236	0xF009EFAD  	GOTO        JPDRES032
;__Lib_MathDouble.c,1364 :: 		
0x123A	0x5002      	MOVF        R2, 0, 0
;__Lib_MathDouble.c,1365 :: 		
0x123C	0x1806      	XORWF       R6, 0, 0
;__Lib_MathDouble.c,1366 :: 		
0x123E	0x6E0A      	MOVWF       R10, 0
;__Lib_MathDouble.c,1367 :: 		
0x1240	0x8E02      	BSF         R2, 7, 0
;__Lib_MathDouble.c,1368 :: 		
0x1242	0x8E06      	BSF         R6, 7, 0
;__Lib_MathDouble.c,1370 :: 		
0x1244	0x6A0E      	CLRF        R14, 0
;__Lib_MathDouble.c,1371 :: 		
0x1246	0xF008C002  	MOVFF       R2, R8
;__Lib_MathDouble.c,1372 :: 		
0x124A	0xF00CC001  	MOVFF       R1, R12
;__Lib_MathDouble.c,1373 :: 		
0x124E	0xF00DC000  	MOVFF       R0, R13
;__Lib_MathDouble.c,1375 :: 		
0x1252	0x5004      	MOVF        R4, 0, 0
;__Lib_MathDouble.c,1376 :: 		
0x1254	0x5E0D      	SUBWF       R13, 1, 0
;__Lib_MathDouble.c,1377 :: 		
0x1256	0x5005      	MOVF        R5, 0, 0
;__Lib_MathDouble.c,1378 :: 		
0x1258	0xA0D8      	BTFSS       STATUS, 0, 0
;__Lib_MathDouble.c,1379 :: 		
0x125A	0x3C05      	INCFSZ      R5, 0, 0
;__Lib_MathDouble.c,1381 :: 		
0x125C	0x5E0C      	SUBWF       R12, 1, 0
;__Lib_MathDouble.c,1382 :: 		
0x125E	0x5006      	MOVF        R6, 0, 0
;__Lib_MathDouble.c,1383 :: 		
0x1260	0xA0D8      	BTFSS       STATUS, 0, 0
;__Lib_MathDouble.c,1384 :: 		
0x1262	0x3C06      	INCFSZ      R6, 0, 0
;__Lib_MathDouble.c,1386 :: 		
0x1264	0x5E08      	SUBWF       R8, 1, 0
;__Lib_MathDouble.c,1387 :: 		
0x1266	0x6A08      	CLRF        R8, 0
;__Lib_MathDouble.c,1388 :: 		
0x1268	0x6A0C      	CLRF        R12, 0
;__Lib_MathDouble.c,1389 :: 		
0x126A	0x6A0D      	CLRF        R13, 0
;__Lib_MathDouble.c,1390 :: 		
0x126C	0xA0D8      	BTFSS       STATUS, 0, 0
;__Lib_MathDouble.c,1391 :: 		
0x126E	0xF009EF40  	GOTO        DALIGN32OK
;__Lib_MathDouble.c,1393 :: 		
0x1272	0x90D8      	BCF         STATUS, 0, 0
;__Lib_MathDouble.c,1394 :: 		
0x1274	0x3202      	RRCF        R2, 1, 0
;__Lib_MathDouble.c,1395 :: 		
0x1276	0x3201      	RRCF        R1, 1, 0
;__Lib_MathDouble.c,1396 :: 		
0x1278	0x3200      	RRCF        R0, 1, 0
;__Lib_MathDouble.c,1397 :: 		
0x127A	0x3208      	RRCF        R8, 1, 0
;__Lib_MathDouble.c,1398 :: 		
0x127C	0x0E01      	MOVLW       1
;__Lib_MathDouble.c,1399 :: 		
0x127E	0x6E0E      	MOVWF       R14, 0
;__Lib_MathDouble.c,1400 :: 		
DALIGN32OK:
;__Lib_MathDouble.c,1401 :: 		
0x1280	0x5007      	MOVF        R7, 0, 0
;__Lib_MathDouble.c,1402 :: 		
0x1282	0x5E03      	SUBWF       R3, 1, 0
;__Lib_MathDouble.c,1403 :: 		
0x1284	0xA0D8      	BTFSS       STATUS, 0, 0
;__Lib_MathDouble.c,1404 :: 		
0x1286	0xF009EF4D  	GOTO        ALTB32
;__Lib_MathDouble.c,1406 :: 		
0x128A	0x0E7E      	MOVLW       126
;__Lib_MathDouble.c,1407 :: 		
0x128C	0x240E      	ADDWF       R14, 0, 0
;__Lib_MathDouble.c,1408 :: 		
0x128E	0x2603      	ADDWF       R3, 1, 0
;__Lib_MathDouble.c,1409 :: 		
0x1290	0xB0D8      	BTFSC       STATUS, 0, 0
;__Lib_MathDouble.c,1410 :: 		
0x1292	0xF009EFB1  	GOTO        JPDSETFOV32
;__Lib_MathDouble.c,1411 :: 		
0x1296	0xF009EF53  	GOTO        DARGOK32
;__Lib_MathDouble.c,1412 :: 		
ALTB32:
;__Lib_MathDouble.c,1413 :: 		
0x129A	0x0E7E      	MOVLW       126
;__Lib_MathDouble.c,1414 :: 		
0x129C	0x240E      	ADDWF       R14, 0, 0
;__Lib_MathDouble.c,1415 :: 		
0x129E	0x2603      	ADDWF       R3, 1, 0
;__Lib_MathDouble.c,1416 :: 		
0x12A0	0xA0D8      	BTFSS       STATUS, 0, 0
;__Lib_MathDouble.c,1417 :: 		
0x12A2	0xF009EFB5  	GOTO        JPDSETFUN32
;__Lib_MathDouble.c,1418 :: 		
DARGOK32:
;__Lib_MathDouble.c,1419 :: 		
0x12A6	0x0E18      	MOVLW       24
;__Lib_MathDouble.c,1420 :: 		
0x12A8	0x6E0B      	MOVWF       R11, 0
;__Lib_MathDouble.c,1421 :: 		
DLOOP32:
;__Lib_MathDouble.c,1422 :: 		
0x12AA	0x360D      	RLCF        R13, 1, 0
;__Lib_MathDouble.c,1423 :: 		
0x12AC	0x360C      	RLCF        R12, 1, 0
;__Lib_MathDouble.c,1424 :: 		
0x12AE	0x3608      	RLCF        R8, 1, 0
;__Lib_MathDouble.c,1425 :: 		
0x12B0	0x3600      	RLCF        R0, 1, 0
;__Lib_MathDouble.c,1426 :: 		
0x12B2	0x3601      	RLCF        R1, 1, 0
;__Lib_MathDouble.c,1427 :: 		
0x12B4	0x3602      	RLCF        R2, 1, 0
;__Lib_MathDouble.c,1428 :: 		
0x12B6	0x360E      	RLCF        R14, 1, 0
;__Lib_MathDouble.c,1430 :: 		
0x12B8	0x5004      	MOVF        R4, 0, 0
;__Lib_MathDouble.c,1431 :: 		
0x12BA	0x5E00      	SUBWF       R0, 1, 0
;__Lib_MathDouble.c,1432 :: 		
0x12BC	0x5005      	MOVF        R5, 0, 0
;__Lib_MathDouble.c,1433 :: 		
0x12BE	0xA0D8      	BTFSS       STATUS, 0, 0
;__Lib_MathDouble.c,1434 :: 		
0x12C0	0x3C05      	INCFSZ      R5, 0, 0
;__Lib_MathDouble.c,1436 :: 		
0x12C2	0x5E01      	SUBWF       R1, 1, 0
;__Lib_MathDouble.c,1437 :: 		
0x12C4	0x5006      	MOVF        R6, 0, 0
;__Lib_MathDouble.c,1438 :: 		
0x12C6	0xA0D8      	BTFSS       STATUS, 0, 0
;__Lib_MathDouble.c,1439 :: 		
0x12C8	0x3C06      	INCFSZ      R6, 0, 0
;__Lib_MathDouble.c,1441 :: 		
0x12CA	0x5E02      	SUBWF       R2, 1, 0
;__Lib_MathDouble.c,1442 :: 		
0x12CC	0x3406      	RLCF        R6, 0, 0
;__Lib_MathDouble.c,1443 :: 		
0x12CE	0x120E      	IORWF       R14, 1, 0
;__Lib_MathDouble.c,1444 :: 		
0x12D0	0xA00E      	BTFSS       R14, 0, 0
;__Lib_MathDouble.c,1445 :: 		
0x12D2	0xF009EF6E  	GOTO        DREST32
;__Lib_MathDouble.c,1446 :: 		
0x12D6	0x800D      	BSF         R13, 0, 0
;__Lib_MathDouble.c,1447 :: 		
0x12D8	0xF009EF79  	GOTO        DOK32
;__Lib_MathDouble.c,1448 :: 		
DREST32:
;__Lib_MathDouble.c,1449 :: 		
0x12DC	0x5004      	MOVF        R4, 0, 0
;__Lib_MathDouble.c,1450 :: 		
0x12DE	0x2600      	ADDWF       R0, 1, 0
;__Lib_MathDouble.c,1451 :: 		
0x12E0	0x5005      	MOVF        R5, 0, 0
;__Lib_MathDouble.c,1452 :: 		
0x12E2	0xB0D8      	BTFSC       STATUS, 0, 0
;__Lib_MathDouble.c,1453 :: 		
0x12E4	0x3C05      	INCFSZ      R5, 0, 0
;__Lib_MathDouble.c,1455 :: 		
0x12E6	0x2601      	ADDWF       R1, 1, 0
;__Lib_MathDouble.c,1456 :: 		
0x12E8	0x5006      	MOVF        R6, 0, 0
;__Lib_MathDouble.c,1457 :: 		
0x12EA	0xB0D8      	BTFSC       STATUS, 0, 0
;__Lib_MathDouble.c,1458 :: 		
0x12EC	0x2806      	INCF        R6, 0, 0
;__Lib_MathDouble.c,1459 :: 		
0x12EE	0x2602      	ADDWF       R2, 1, 0
;__Lib_MathDouble.c,1460 :: 		
0x12F0	0x900D      	BCF         R13, 0, 0
;__Lib_MathDouble.c,1461 :: 		
DOK32:
;__Lib_MathDouble.c,1462 :: 		
0x12F2	0x2E0B      	DECFSZ      R11, 1, 0
;__Lib_MathDouble.c,1463 :: 		
0x12F4	0xF009EF55  	GOTO        DLOOP32
;__Lib_MathDouble.c,1467 :: 		
0x12F8	0xF009EF9F  	GOTO        DIV32OK
;__Lib_MathDouble.c,1468 :: 		
0x12FC	0x90D8      	BCF         STATUS, 0, 0
;__Lib_MathDouble.c,1469 :: 		
0x12FE	0x3600      	RLCF        R0, 1, 0
;__Lib_MathDouble.c,1470 :: 		
0x1300	0x3601      	RLCF        R1, 1, 0
;__Lib_MathDouble.c,1471 :: 		
0x1302	0x3602      	RLCF        R2, 1, 0
;__Lib_MathDouble.c,1472 :: 		
0x1304	0x360E      	RLCF        R14, 1, 0
;__Lib_MathDouble.c,1474 :: 		
0x1306	0x5004      	MOVF        R4, 0, 0
;__Lib_MathDouble.c,1475 :: 		
0x1308	0x5E00      	SUBWF       R0, 1, 0
;__Lib_MathDouble.c,1476 :: 		
0x130A	0x5005      	MOVF        R5, 0, 0
;__Lib_MathDouble.c,1477 :: 		
0x130C	0xA0D8      	BTFSS       STATUS, 0, 0
;__Lib_MathDouble.c,1478 :: 		
0x130E	0x3C05      	INCFSZ      R5, 0, 0
;__Lib_MathDouble.c,1479 :: 		
0x1310	0x5E01      	SUBWF       R1, 1, 0
;__Lib_MathDouble.c,1480 :: 		
0x1312	0x5006      	MOVF        R6, 0, 0
;__Lib_MathDouble.c,1481 :: 		
0x1314	0xA0D8      	BTFSS       STATUS, 0, 0
;__Lib_MathDouble.c,1482 :: 		
0x1316	0x3C06      	INCFSZ      R6, 0, 0
;__Lib_MathDouble.c,1483 :: 		
0x1318	0x5E02      	SUBWF       R2, 1, 0
;__Lib_MathDouble.c,1484 :: 		
0x131A	0x3406      	RLCF        R6, 0, 0
;__Lib_MathDouble.c,1485 :: 		
0x131C	0x100E      	IORWF       R14, 0, 0
;__Lib_MathDouble.c,1486 :: 		
0x131E	0x0B01      	ANDLW       1
;__Lib_MathDouble.c,1487 :: 		
0x1320	0x260D      	ADDWF       R13, 1, 0
;__Lib_MathDouble.c,1488 :: 		
0x1322	0xB0D8      	BTFSC       STATUS, 0, 0
;__Lib_MathDouble.c,1489 :: 		
0x1324	0x2A0C      	INCF        R12, 1, 0
;__Lib_MathDouble.c,1490 :: 		
0x1326	0xB4D8      	BTFSC       STATUS, 2, 0
;__Lib_MathDouble.c,1491 :: 		
0x1328	0x2A08      	INCF        R8, 1, 0
;__Lib_MathDouble.c,1492 :: 		
0x132A	0xA4D8      	BTFSS       STATUS, 2, 0
;__Lib_MathDouble.c,1493 :: 		
0x132C	0xF009EF9F  	GOTO        DIV32OK
;__Lib_MathDouble.c,1494 :: 		
0x1330	0x3208      	RRCF        R8, 1, 0
;__Lib_MathDouble.c,1495 :: 		
0x1332	0x320C      	RRCF        R12, 1, 0
;__Lib_MathDouble.c,1496 :: 		
0x1334	0x320D      	RRCF        R13, 1, 0
;__Lib_MathDouble.c,1497 :: 		
0x1336	0x2A03      	INCF        R3, 1, 0
;__Lib_MathDouble.c,1498 :: 		
0x1338	0xB4D8      	BTFSC       STATUS, 2, 0
;__Lib_MathDouble.c,1499 :: 		
0x133A	0xF009EFB1  	GOTO        JPDSETFOV32
;__Lib_MathDouble.c,1500 :: 		
DIV32OK:
;__Lib_MathDouble.c,1501 :: 		
0x133E	0xAE0A      	BTFSS       R10, 7, 0
;__Lib_MathDouble.c,1502 :: 		
0x1340	0x9E08      	BCF         R8, 7, 0
;__Lib_MathDouble.c,1503 :: 		
0x1342	0x5008      	MOVF        R8, 0, 0
;__Lib_MathDouble.c,1504 :: 		
0x1344	0x6E02      	MOVWF       R2, 0
;__Lib_MathDouble.c,1505 :: 		
0x1346	0x500C      	MOVF        R12, 0, 0
;__Lib_MathDouble.c,1506 :: 		
0x1348	0x6E01      	MOVWF       R1, 0
;__Lib_MathDouble.c,1507 :: 		
0x134A	0x500D      	MOVF        R13, 0, 0
;__Lib_MathDouble.c,1508 :: 		
0x134C	0x6E00      	MOVWF       R0, 0
;__Lib_MathDouble.c,1511 :: 		
0x134E	0xF009EFB7  	GOTO        DIV32EEE
;__Lib_MathDouble.c,1512 :: 		
JPDSETFDZ32:
;__Lib_MathDouble.c,1513 :: 		
0x1352	0x0E01      	MOVLW       1
;__Lib_MathDouble.c,1516 :: 		
0x1354	0xDF03      	RCALL       _SETFDZ32
;__Lib_MathDouble.c,1518 :: 		
0x1356	0xF009EFB7  	GOTO        DIV32EEE
;__Lib_MathDouble.c,1519 :: 		
JPDRES032:
;__Lib_MathDouble.c,1520 :: 		
0x135A	0x0E02      	MOVLW       2
;__Lib_MathDouble.c,1523 :: 		
0x135C	0xDEB3      	RCALL       _RES032
;__Lib_MathDouble.c,1525 :: 		
0x135E	0xF009EFB7  	GOTO        DIV32EEE
;__Lib_MathDouble.c,1526 :: 		
JPDSETFOV32:
;__Lib_MathDouble.c,1527 :: 		
0x1362	0x0E04      	MOVLW       4
;__Lib_MathDouble.c,1530 :: 		
0x1364	0xDEEF      	RCALL       _SETFOV32
;__Lib_MathDouble.c,1532 :: 		
0x1366	0xF009EFB7  	GOTO        DIV32EEE
;__Lib_MathDouble.c,1533 :: 		
JPDSETFUN32:
;__Lib_MathDouble.c,1534 :: 		
0x136A	0x0E08      	MOVLW       8
;__Lib_MathDouble.c,1537 :: 		
0x136C	0xDE9E      	RCALL       _SETFUN32
;__Lib_MathDouble.c,1539 :: 		
DIV32EEE:
;__Lib_MathDouble.c,1547 :: 		
L_end_Div_32x32_FP:
0x136E	0x0012      	RETURN      0
; end of _Div_32x32_FP
_double2int:
;__Lib_MathDouble.c,1897 :: 		
;__Lib_MathDouble.c,1906 :: 		
0x1370	0x6A0B      	CLRF        R11, 0
;__Lib_MathDouble.c,1907 :: 		
0x1372	0x5003      	MOVF        R3, 0, 0
;__Lib_MathDouble.c,1908 :: 		
0x1374	0xB4D8      	BTFSC       STATUS, 2, 0
;__Lib_MathDouble.c,1909 :: 		
0x1376	0xF009EFFE  	GOTO        IRES016
;__Lib_MathDouble.c,1910 :: 		
0x137A	0x5002      	MOVF        R2, 0, 0
;__Lib_MathDouble.c,1911 :: 		
0x137C	0x6E0A      	MOVWF       R10, 0
;__Lib_MathDouble.c,1912 :: 		
0x137E	0x8E02      	BSF         R2, 7, 0
;__Lib_MathDouble.c,1914 :: 		
0x1380	0x0E8E      	MOVLW       142
;__Lib_MathDouble.c,1915 :: 		
0x1382	0x5E03      	SUBWF       R3, 1, 0
;__Lib_MathDouble.c,1916 :: 		
0x1384	0xAE03      	BTFSS       R3, 7, 0
;__Lib_MathDouble.c,1917 :: 		
0x1386	0xF00AEF02  	GOTO        SETIOV16
;__Lib_MathDouble.c,1918 :: 		
0x138A	0x6C03      	NEGF        R3, 0
;__Lib_MathDouble.c,1920 :: 		
0x138C	0x0E08      	MOVLW       8
;__Lib_MathDouble.c,1921 :: 		
0x138E	0x5C03      	SUBWF       R3, 0, 0
;__Lib_MathDouble.c,1922 :: 		
0x1390	0xA0D8      	BTFSS       STATUS, 0, 0
;__Lib_MathDouble.c,1923 :: 		
0x1392	0xF009EFDD  	GOTO        TSHIFT3216
;__Lib_MathDouble.c,1924 :: 		
0x1396	0x6E03      	MOVWF       R3, 0
;__Lib_MathDouble.c,1925 :: 		
0x1398	0x3601      	RLCF        R1, 1, 0
;__Lib_MathDouble.c,1926 :: 		
0x139A	0xF001C002  	MOVFF       R2, R1
;__Lib_MathDouble.c,1927 :: 		
0x139E	0x6A02      	CLRF        R2, 0
;__Lib_MathDouble.c,1929 :: 		
0x13A0	0x0E08      	MOVLW       8
;__Lib_MathDouble.c,1930 :: 		
0x13A2	0x5C03      	SUBWF       R3, 0, 0
;__Lib_MathDouble.c,1931 :: 		
0x13A4	0xA0D8      	BTFSS       STATUS, 0, 0
;__Lib_MathDouble.c,1932 :: 		
0x13A6	0xF009EFDD  	GOTO        TSHIFT3216
;__Lib_MathDouble.c,1933 :: 		
0x13AA	0x6E03      	MOVWF       R3, 0
;__Lib_MathDouble.c,1934 :: 		
0x13AC	0x3601      	RLCF        R1, 1, 0
;__Lib_MathDouble.c,1935 :: 		
0x13AE	0x6A01      	CLRF        R1, 0
;__Lib_MathDouble.c,1937 :: 		
0x13B0	0x5003      	MOVF        R3, 0, 0
;__Lib_MathDouble.c,1938 :: 		
0x13B2	0xA4D8      	BTFSS       STATUS, 2, 0
;__Lib_MathDouble.c,1939 :: 		
0x13B4	0x90D8      	BCF         STATUS, 0, 0
;__Lib_MathDouble.c,1940 :: 		
0x13B6	0xF009EFE7  	GOTO        SHIFT3216OK
;__Lib_MathDouble.c,1941 :: 		
TSHIFT3216:
;__Lib_MathDouble.c,1942 :: 		
0x13BA	0x5003      	MOVF        R3, 0, 0
;__Lib_MathDouble.c,1943 :: 		
0x13BC	0xB4D8      	BTFSC       STATUS, 2, 0
;__Lib_MathDouble.c,1944 :: 		
0x13BE	0xF009EFE7  	GOTO        SHIFT3216OK
;__Lib_MathDouble.c,1945 :: 		
SHIFT3216:
;__Lib_MathDouble.c,1946 :: 		
0x13C2	0x90D8      	BCF         STATUS, 0, 0
;__Lib_MathDouble.c,1947 :: 		
0x13C4	0x3202      	RRCF        R2, 1, 0
;__Lib_MathDouble.c,1948 :: 		
0x13C6	0x3201      	RRCF        R1, 1, 0
;__Lib_MathDouble.c,1949 :: 		
0x13C8	0x2E03      	DECFSZ      R3, 1, 0
;__Lib_MathDouble.c,1950 :: 		
0x13CA	0xF009EFE1  	GOTO        SHIFT3216
;__Lib_MathDouble.c,1951 :: 		
SHIFT3216OK:
;__Lib_MathDouble.c,1952 :: 		
0x13CE	0xBC0B      	BTFSC       R11, 6, 0
;__Lib_MathDouble.c,1953 :: 		
0x13D0	0xA001      	BTFSS       R1, 0, 0
;__Lib_MathDouble.c,1954 :: 		
0x13D2	0xF009EFF4  	GOTO        INT3216OK
;__Lib_MathDouble.c,1955 :: 		
0x13D6	0xA0D8      	BTFSS       STATUS, 0, 0
;__Lib_MathDouble.c,1956 :: 		
0x13D8	0xF009EFF4  	GOTO        INT3216OK
;__Lib_MathDouble.c,1957 :: 		
0x13DC	0x2A01      	INCF        R1, 1, 0
;__Lib_MathDouble.c,1958 :: 		
0x13DE	0xB4D8      	BTFSC       STATUS, 2, 0
;__Lib_MathDouble.c,1959 :: 		
0x13E0	0x2A02      	INCF        R2, 1, 0
;__Lib_MathDouble.c,1960 :: 		
0x13E2	0xBE02      	BTFSC       R2, 7, 0
;__Lib_MathDouble.c,1961 :: 		
0x13E4	0xF00AEF11  	GOTO        JPJSETIOV3224
;__Lib_MathDouble.c,1962 :: 		
INT3216OK:
;__Lib_MathDouble.c,1963 :: 		
0x13E8	0xAE0A      	BTFSS       R10, 7, 0
;__Lib_MathDouble.c,1964 :: 		
0x13EA	0xF00AEF16  	GOTO        INT3216EOK
;__Lib_MathDouble.c,1966 :: 		
0x13EE	0x1E02      	COMF        R2, 1, 0
;__Lib_MathDouble.c,1967 :: 		
0x13F0	0x1E01      	COMF        R1, 1, 0
;__Lib_MathDouble.c,1968 :: 		
0x13F2	0x2A01      	INCF        R1, 1, 0
;__Lib_MathDouble.c,1969 :: 		
0x13F4	0xB4D8      	BTFSC       STATUS, 2, 0
;__Lib_MathDouble.c,1970 :: 		
0x13F6	0x2A02      	INCF        R2, 1, 0
;__Lib_MathDouble.c,1971 :: 		
0x13F8	0xF00AEF16  	GOTO        INT3216EOK
;__Lib_MathDouble.c,1973 :: 		
IRES016:
;__Lib_MathDouble.c,1974 :: 		
0x13FC	0x6A02      	CLRF        R2, 0
;__Lib_MathDouble.c,1975 :: 		
0x13FE	0x6A01      	CLRF        R1, 0
;__Lib_MathDouble.c,1976 :: 		
0x1400	0xF00AEF16  	GOTO        INT3216EOK
;__Lib_MathDouble.c,1977 :: 		
SETIOV16:
;__Lib_MathDouble.c,1978 :: 		
0x1404	0x800B      	BSF         R11, 0, 0
;__Lib_MathDouble.c,1979 :: 		
0x1406	0xAE0B      	BTFSS       R11, 7, 0
;__Lib_MathDouble.c,1980 :: 		
0x1408	0xF00AEF1A  	GOTO        INT3216EER
;__Lib_MathDouble.c,1982 :: 		
0x140C	0x6A02      	CLRF        R2, 0
;__Lib_MathDouble.c,1983 :: 		
0x140E	0xAE0A      	BTFSS       R10, 7, 0
;__Lib_MathDouble.c,1984 :: 		
0x1410	0xF00AEF1A  	GOTO        INT3216EER
;__Lib_MathDouble.c,1985 :: 		
0x1414	0x0EFF      	MOVLW       255
;__Lib_MathDouble.c,1986 :: 		
0x1416	0x6E02      	MOVWF       R2, 0
;__Lib_MathDouble.c,1987 :: 		
0x1418	0x6E01      	MOVWF       R1, 0
;__Lib_MathDouble.c,1988 :: 		
0x141A	0x360A      	RLCF        R10, 1, 0
;__Lib_MathDouble.c,1989 :: 		
0x141C	0x3202      	RRCF        R2, 1, 0
;__Lib_MathDouble.c,1990 :: 		
0x141E	0xF00AEF1A  	GOTO        INT3216EER
;__Lib_MathDouble.c,1992 :: 		
JPJSETIOV3224:
;__Lib_MathDouble.c,1993 :: 		
0x1422	0x0E01      	MOVLW       1
;__Lib_MathDouble.c,1994 :: 		
0x1424	0x6E0C      	MOVWF       R12, 0
;__Lib_MathDouble.c,1996 :: 		
0x1426	0xDEA5      	RCALL       _SETIOV3224
;__Lib_MathDouble.c,1998 :: 		
0x1428	0xF00AEF1C  	GOTO        INT3216EEE
;__Lib_MathDouble.c,1999 :: 		
INT3216EOK:
;__Lib_MathDouble.c,2000 :: 		
0x142C	0x0E00      	MOVLW       0
;__Lib_MathDouble.c,2001 :: 		
0x142E	0x6E0C      	MOVWF       R12, 0
;__Lib_MathDouble.c,2002 :: 		
0x1430	0xF00AEF1C  	GOTO        INT3216EEE
;__Lib_MathDouble.c,2003 :: 		
INT3216EER:
;__Lib_MathDouble.c,2004 :: 		
0x1434	0x0EFF      	MOVLW       255
;__Lib_MathDouble.c,2005 :: 		
0x1436	0x6E0C      	MOVWF       R12, 0
;__Lib_MathDouble.c,2006 :: 		
INT3216EEE:
;__Lib_MathDouble.c,2007 :: 		
0x1438	0x5001      	MOVF        R1, 0, 0
;__Lib_MathDouble.c,2008 :: 		
0x143A	0x6E00      	MOVWF       R0, 0
;__Lib_MathDouble.c,2009 :: 		
0x143C	0x5002      	MOVF        R2, 0, 0
;__Lib_MathDouble.c,2010 :: 		
0x143E	0x6E01      	MOVWF       R1, 0
;__Lib_MathDouble.c,2015 :: 		
L_end_double2int:
0x1440	0x0012      	RETURN      0
; end of _double2int
_servo:
;adc-servo.c,4 :: 		void servo(int angulo) //para mantener el servo en su posicion esta funcion debe ser invocada cada 20 mili-segundos
;adc-servo.c,7 :: 		if(angulo <= 0)
0x1442	0x0E80      	MOVLW       128
0x1444	0x6E00      	MOVWF       R0 
0x1446	0x0E80      	MOVLW       128
0x1448	0x181A      	XORWF       FARG_servo_angulo+1, 0 
0x144A	0x5C00      	SUBWF       R0, 0 
0x144C	0xE102      	BNZ         L__servo12
0x144E	0x5019      	MOVF        FARG_servo_angulo, 0 
0x1450	0x0800      	SUBLW       0
L__servo12:
0x1452	0xE302      	BNC         L_servo0
;adc-servo.c,9 :: 		angulo = 0;
0x1454	0x6A19      	CLRF        FARG_servo_angulo 
0x1456	0x6A1A      	CLRF        FARG_servo_angulo+1 
;adc-servo.c,10 :: 		}
L_servo0:
;adc-servo.c,11 :: 		if (angulo >= 180)
0x1458	0x0E80      	MOVLW       128
0x145A	0x181A      	XORWF       FARG_servo_angulo+1, 0 
0x145C	0x6E00      	MOVWF       R0 
0x145E	0x0E80      	MOVLW       128
0x1460	0x5C00      	SUBWF       R0, 0 
0x1462	0xE102      	BNZ         L__servo13
0x1464	0x0EB4      	MOVLW       180
0x1466	0x5C19      	SUBWF       FARG_servo_angulo, 0 
L__servo13:
0x1468	0xE304      	BNC         L_servo1
;adc-servo.c,13 :: 		angulo = 180;
0x146A	0x0EB4      	MOVLW       180
0x146C	0x6E19      	MOVWF       FARG_servo_angulo 
0x146E	0x0E00      	MOVLW       0
0x1470	0x6E1A      	MOVWF       FARG_servo_angulo+1 
;adc-servo.c,14 :: 		}
L_servo1:
;adc-servo.c,15 :: 		ServoPin = 1;
0x1472	0x8081      	BSF         PORTB, 0 
;adc-servo.c,16 :: 		delay_us(1000);
0x1474	0x0E10      	MOVLW       16
0x1476	0x6E0C      	MOVWF       R12, 0
0x1478	0x0E94      	MOVLW       148
0x147A	0x6E0D      	MOVWF       R13, 0
L_servo2:
0x147C	0x2E0D      	DECFSZ      R13, 1, 0
0x147E	0xD7FE      	BRA         L_servo2
0x1480	0x2E0C      	DECFSZ      R12, 1, 0
0x1482	0xD7FC      	BRA         L_servo2
0x1484	0x0000      	NOP
;adc-servo.c,17 :: 		for(i = 0; i <= angulo; i++)
0x1486	0x6A01      	CLRF        R1 
0x1488	0x6A02      	CLRF        R2 
L_servo3:
0x148A	0x0E80      	MOVLW       128
0x148C	0x181A      	XORWF       FARG_servo_angulo+1, 0 
0x148E	0x6E00      	MOVWF       R0 
0x1490	0x0E80      	MOVLW       128
0x1492	0x1802      	XORWF       R2, 0 
0x1494	0x5C00      	SUBWF       R0, 0 
0x1496	0xE102      	BNZ         L__servo14
0x1498	0x5001      	MOVF        R1, 0 
0x149A	0x5C19      	SUBWF       FARG_servo_angulo, 0 
L__servo14:
0x149C	0xE309      	BNC         L_servo4
;adc-servo.c,19 :: 		delay_us(6);
0x149E	0x0E17      	MOVLW       23
0x14A0	0x6E0D      	MOVWF       R13, 0
L_servo6:
0x14A2	0x2E0D      	DECFSZ      R13, 1, 0
0x14A4	0xD7FE      	BRA         L_servo6
0x14A6	0x0000      	NOP
0x14A8	0x0000      	NOP
;adc-servo.c,17 :: 		for(i = 0; i <= angulo; i++)
0x14AA	0x4A01      	INFSNZ      R1, 1 
0x14AC	0x2A02      	INCF        R2, 1 
;adc-servo.c,20 :: 		}
0x14AE	0xD7ED      	BRA         L_servo3
L_servo4:
;adc-servo.c,21 :: 		ServoPin = 0;
0x14B0	0x9081      	BCF         PORTB, 0 
;adc-servo.c,22 :: 		}
L_end_servo:
0x14B2	0x0012      	RETURN      0
; end of _servo
_Mul_32x32_FP:
;__Lib_MathDouble.c,1130 :: 		
;__Lib_MathDouble.c,1148 :: 		
0x14B4	0x6A08      	CLRF        R8, 0
;__Lib_MathDouble.c,1149 :: 		
0x14B6	0x6A09      	CLRF        R9, 0
;__Lib_MathDouble.c,1151 :: 		
0x14B8	0x0E00      	MOVLW       0
;__Lib_MathDouble.c,1152 :: 		
0x14BA	0x6207      	CPFSEQ      R7, 0
;__Lib_MathDouble.c,1153 :: 		
0x14BC	0x6403      	CPFSGT      R3, 0
;__Lib_MathDouble.c,1154 :: 		
0x14BE	0xF00AEFDF  	GOTO        MULJPRES032
;__Lib_MathDouble.c,1157 :: 		
0x14C2	0x5002      	MOVF        R2, 0, 0
;__Lib_MathDouble.c,1158 :: 		
0x14C4	0x1806      	XORWF       R6, 0, 0
;__Lib_MathDouble.c,1159 :: 		
0x14C6	0x6E0A      	MOVWF       R10, 0
;__Lib_MathDouble.c,1161 :: 		
0x14C8	0x5007      	MOVF        R7, 0, 0
;__Lib_MathDouble.c,1162 :: 		
0x14CA	0x2603      	ADDWF       R3, 1, 0
;__Lib_MathDouble.c,1163 :: 		
0x14CC	0x0E7E      	MOVLW       126
;__Lib_MathDouble.c,1164 :: 		
0x14CE	0xA0D8      	BTFSS       STATUS, 0, 0
;__Lib_MathDouble.c,1165 :: 		
0x14D0	0xF00AEF70  	GOTO        MTUN32
;__Lib_MathDouble.c,1167 :: 		
0x14D4	0x5E03      	SUBWF       R3, 1, 0
;__Lib_MathDouble.c,1168 :: 		
0x14D6	0xB0D8      	BTFSC       STATUS, 0, 0
;__Lib_MathDouble.c,1169 :: 		
0x14D8	0xF00AEFE3  	GOTO        MULJPSETFOV32
;__Lib_MathDouble.c,1170 :: 		
0x14DC	0xF00AEF74  	GOTO        MOK32
;__Lib_MathDouble.c,1172 :: 		
MTUN32:
;__Lib_MathDouble.c,1173 :: 		
0x14E0	0x5E03      	SUBWF       R3, 1, 0
;__Lib_MathDouble.c,1174 :: 		
0x14E2	0xA0D8      	BTFSS       STATUS, 0, 0
;__Lib_MathDouble.c,1175 :: 		
0x14E4	0xF00AEFE7  	GOTO        MULJPSETFUN32
;__Lib_MathDouble.c,1177 :: 		
MOK32:
;__Lib_MathDouble.c,1178 :: 		
0x14E8	0x8E02      	BSF         R2, 7, 0
;__Lib_MathDouble.c,1179 :: 		
0x14EA	0x8E06      	BSF         R6, 7, 0
;__Lib_MathDouble.c,1181 :: 		
0x14EC	0xF00EC002  	MOVFF       R2, R14
;__Lib_MathDouble.c,1182 :: 		
0x14F0	0xF00BC001  	MOVFF       R1, R11
;__Lib_MathDouble.c,1183 :: 		
0x14F4	0xF00DC000  	MOVFF       R0, R13
;__Lib_MathDouble.c,1185 :: 		
0x14F8	0x5000      	MOVF        R0, 0, 0
;__Lib_MathDouble.c,1186 :: 		
0x14FA	0x0204      	MULWF       R4, 0
;__Lib_MathDouble.c,1187 :: 		
0x14FC	0xF00CCFF4  	MOVFF       PRODH, R12
;__Lib_MathDouble.c,1189 :: 		
0x1500	0x5001      	MOVF        R1, 0, 0
;__Lib_MathDouble.c,1190 :: 		
0x1502	0x0205      	MULWF       R5, 0
;__Lib_MathDouble.c,1191 :: 		
0x1504	0xF000CFF4  	MOVFF       PRODH, R0
;__Lib_MathDouble.c,1192 :: 		
0x1508	0xF008CFF3  	MOVFF       PRODL, R8
;__Lib_MathDouble.c,1194 :: 		
0x150C	0x0204      	MULWF       R4, 0
;__Lib_MathDouble.c,1195 :: 		
0x150E	0x50F3      	MOVF        PRODL, 0, 0
;__Lib_MathDouble.c,1196 :: 		
0x1510	0x260C      	ADDWF       R12, 1, 0
;__Lib_MathDouble.c,1197 :: 		
0x1512	0x50F4      	MOVF        PRODH, 0, 0
;__Lib_MathDouble.c,1198 :: 		
0x1514	0x2208      	ADDWFC      R8, 1, 0
;__Lib_MathDouble.c,1199 :: 		
0x1516	0x0E00      	MOVLW       0
;__Lib_MathDouble.c,1200 :: 		
0x1518	0x2200      	ADDWFC      R0, 1, 0
;__Lib_MathDouble.c,1202 :: 		
0x151A	0x500D      	MOVF        R13, 0, 0
;__Lib_MathDouble.c,1203 :: 		
0x151C	0x0205      	MULWF       R5, 0
;__Lib_MathDouble.c,1204 :: 		
0x151E	0x50F3      	MOVF        PRODL, 0, 0
;__Lib_MathDouble.c,1205 :: 		
0x1520	0x260C      	ADDWF       R12, 1, 0
;__Lib_MathDouble.c,1206 :: 		
0x1522	0x50F4      	MOVF        PRODH, 0, 0
;__Lib_MathDouble.c,1207 :: 		
0x1524	0x2208      	ADDWFC      R8, 1, 0
;__Lib_MathDouble.c,1208 :: 		
0x1526	0x0E00      	MOVLW       0
;__Lib_MathDouble.c,1209 :: 		
0x1528	0x2200      	ADDWFC      R0, 1, 0
;__Lib_MathDouble.c,1211 :: 		
0x152A	0x5002      	MOVF        R2, 0, 0
;__Lib_MathDouble.c,1212 :: 		
0x152C	0x0204      	MULWF       R4, 0
;__Lib_MathDouble.c,1213 :: 		
0x152E	0x50F3      	MOVF        PRODL, 0, 0
;__Lib_MathDouble.c,1214 :: 		
0x1530	0x2608      	ADDWF       R8, 1, 0
;__Lib_MathDouble.c,1215 :: 		
0x1532	0x50F4      	MOVF        PRODH, 0, 0
;__Lib_MathDouble.c,1216 :: 		
0x1534	0x2200      	ADDWFC      R0, 1, 0
;__Lib_MathDouble.c,1217 :: 		
0x1536	0x5002      	MOVF        R2, 0, 0
;__Lib_MathDouble.c,1218 :: 		
0x1538	0x0205      	MULWF       R5, 0
;__Lib_MathDouble.c,1219 :: 		
0x153A	0x6A01      	CLRF        R1, 0
;__Lib_MathDouble.c,1220 :: 		
0x153C	0x0E00      	MOVLW       0
;__Lib_MathDouble.c,1221 :: 		
0x153E	0x2201      	ADDWFC      R1, 1, 0
;__Lib_MathDouble.c,1222 :: 		
0x1540	0x50F3      	MOVF        PRODL, 0, 0
;__Lib_MathDouble.c,1223 :: 		
0x1542	0x2600      	ADDWF       R0, 1, 0
;__Lib_MathDouble.c,1224 :: 		
0x1544	0x50F4      	MOVF        PRODH, 0, 0
;__Lib_MathDouble.c,1225 :: 		
0x1546	0x2201      	ADDWFC      R1, 1, 0
;__Lib_MathDouble.c,1227 :: 		
0x1548	0x500D      	MOVF        R13, 0, 0
;__Lib_MathDouble.c,1228 :: 		
0x154A	0x0206      	MULWF       R6, 0
;__Lib_MathDouble.c,1229 :: 		
0x154C	0x50F3      	MOVF        PRODL, 0, 0
;__Lib_MathDouble.c,1230 :: 		
0x154E	0x2608      	ADDWF       R8, 1, 0
;__Lib_MathDouble.c,1231 :: 		
0x1550	0x50F4      	MOVF        PRODH, 0, 0
;__Lib_MathDouble.c,1232 :: 		
0x1552	0x2200      	ADDWFC      R0, 1, 0
;__Lib_MathDouble.c,1233 :: 		
0x1554	0x6A02      	CLRF        R2, 0
;__Lib_MathDouble.c,1234 :: 		
0x1556	0x0E00      	MOVLW       0
;__Lib_MathDouble.c,1235 :: 		
0x1558	0x2201      	ADDWFC      R1, 1, 0
;__Lib_MathDouble.c,1236 :: 		
0x155A	0x2202      	ADDWFC      R2, 1, 0
;__Lib_MathDouble.c,1238 :: 		
0x155C	0x500B      	MOVF        R11, 0, 0
;__Lib_MathDouble.c,1239 :: 		
0x155E	0x0206      	MULWF       R6, 0
;__Lib_MathDouble.c,1240 :: 		
0x1560	0x50F3      	MOVF        PRODL, 0, 0
;__Lib_MathDouble.c,1241 :: 		
0x1562	0x2600      	ADDWF       R0, 1, 0
;__Lib_MathDouble.c,1242 :: 		
0x1564	0x50F4      	MOVF        PRODH, 0, 0
;__Lib_MathDouble.c,1243 :: 		
0x1566	0x2201      	ADDWFC      R1, 1, 0
;__Lib_MathDouble.c,1244 :: 		
0x1568	0x0E00      	MOVLW       0
;__Lib_MathDouble.c,1245 :: 		
0x156A	0x2202      	ADDWFC      R2, 1, 0
;__Lib_MathDouble.c,1247 :: 		
0x156C	0x500E      	MOVF        R14, 0, 0
;__Lib_MathDouble.c,1248 :: 		
0x156E	0x0206      	MULWF       R6, 0
;__Lib_MathDouble.c,1249 :: 		
0x1570	0x50F3      	MOVF        PRODL, 0, 0
;__Lib_MathDouble.c,1250 :: 		
0x1572	0x2601      	ADDWF       R1, 1, 0
;__Lib_MathDouble.c,1251 :: 		
0x1574	0x50F4      	MOVF        PRODH, 0, 0
;__Lib_MathDouble.c,1252 :: 		
0x1576	0x2202      	ADDWFC      R2, 1, 0
;__Lib_MathDouble.c,1254 :: 		
0x1578	0xBE02      	BTFSC       R2, 7, 0
;__Lib_MathDouble.c,1255 :: 		
0x157A	0xF00AEFC7  	GOTO        MROUND32
;__Lib_MathDouble.c,1256 :: 		
0x157E	0x3608      	RLCF        R8, 1, 0
;__Lib_MathDouble.c,1257 :: 		
0x1580	0x3600      	RLCF        R0, 1, 0
;__Lib_MathDouble.c,1258 :: 		
0x1582	0x3601      	RLCF        R1, 1, 0
;__Lib_MathDouble.c,1259 :: 		
0x1584	0x3602      	RLCF        R2, 1, 0
;__Lib_MathDouble.c,1260 :: 		
0x1586	0x0603      	DECF        R3, 1, 0
;__Lib_MathDouble.c,1261 :: 		
0x1588	0xB4D8      	BTFSC       STATUS, 2, 0
;__Lib_MathDouble.c,1262 :: 		
0x158A	0xF00AEFE7  	GOTO        MULJPSETFUN32
;__Lib_MathDouble.c,1264 :: 		
MROUND32:
;__Lib_MathDouble.c,1267 :: 		
0x158E	0xF00AEFDA  	GOTO        MUL32OK
;__Lib_MathDouble.c,1268 :: 		
0x1592	0x80D8      	BSF         STATUS, 0, 0
;__Lib_MathDouble.c,1269 :: 		
0x1594	0x0E80      	MOVLW       128
;__Lib_MathDouble.c,1270 :: 		
0x1596	0x6408      	CPFSGT      R8, 0
;__Lib_MathDouble.c,1271 :: 		
0x1598	0x3000      	RRCF        R0, 0, 0
;__Lib_MathDouble.c,1272 :: 		
0x159A	0x0E00      	MOVLW       0
;__Lib_MathDouble.c,1273 :: 		
0x159C	0x2200      	ADDWFC      R0, 1, 0
;__Lib_MathDouble.c,1274 :: 		
0x159E	0x2201      	ADDWFC      R1, 1, 0
;__Lib_MathDouble.c,1275 :: 		
0x15A0	0x2202      	ADDWFC      R2, 1, 0
;__Lib_MathDouble.c,1277 :: 		
0x15A2	0xA0D8      	BTFSS       STATUS, 0, 0
;__Lib_MathDouble.c,1278 :: 		
0x15A4	0xF00AEFDA  	GOTO        MUL32OK
;__Lib_MathDouble.c,1279 :: 		
0x15A8	0x3202      	RRCF        R2, 1, 0
;__Lib_MathDouble.c,1280 :: 		
0x15AA	0x3201      	RRCF        R1, 1, 0
;__Lib_MathDouble.c,1281 :: 		
0x15AC	0x3200      	RRCF        R0, 1, 0
;__Lib_MathDouble.c,1282 :: 		
0x15AE	0x4A03      	INFSNZ      R3, 1, 0
;__Lib_MathDouble.c,1283 :: 		
0x15B0	0xF00AEFE3  	GOTO        MULJPSETFOV32
;__Lib_MathDouble.c,1285 :: 		
MUL32OK:
;__Lib_MathDouble.c,1286 :: 		
0x15B4	0xAE0A      	BTFSS       R10, 7, 0
;__Lib_MathDouble.c,1287 :: 		
0x15B6	0x9E02      	BCF         R2, 7, 0
;__Lib_MathDouble.c,1289 :: 		
0x15B8	0x0E00      	MOVLW       0
;__Lib_MathDouble.c,1290 :: 		
0x15BA	0xF00AEFE9  	GOTO        MULEEE
;__Lib_MathDouble.c,1291 :: 		
MULJPRES032:
;__Lib_MathDouble.c,1292 :: 		
0x15BE	0x0E01      	MOVLW       1
;__Lib_MathDouble.c,1295 :: 		
0x15C0	0xDD81      	RCALL       _RES032
;__Lib_MathDouble.c,1297 :: 		
0x15C2	0xF00AEFE9  	GOTO        MULEEE
;__Lib_MathDouble.c,1298 :: 		
MULJPSETFOV32:
;__Lib_MathDouble.c,1299 :: 		
0x15C6	0x0E02      	MOVLW       2
;__Lib_MathDouble.c,1302 :: 		
0x15C8	0xDDBD      	RCALL       _SETFOV32
;__Lib_MathDouble.c,1304 :: 		
0x15CA	0xF00AEFE9  	GOTO        MULEEE
;__Lib_MathDouble.c,1305 :: 		
MULJPSETFUN32:
;__Lib_MathDouble.c,1306 :: 		
0x15CE	0x0E04      	MOVLW       4
;__Lib_MathDouble.c,1309 :: 		
0x15D0	0xDD6C      	RCALL       _SETFUN32
;__Lib_MathDouble.c,1311 :: 		
MULEEE:
;__Lib_MathDouble.c,1318 :: 		
L_end_Mul_32x32_FP:
0x15D2	0x0012      	RETURN      0
; end of _Mul_32x32_FP
Symbol List:
//** Routines locations **
//ADDRESS    SIZE    PROCEDURE
//----------------------------------------------
0x1000     [162]    _main
0x10A2       [8]    _FIXSIGN32
0x10AA      [26]    _SETFUN32
0x10C4      [14]    _RES032
0x10D2     [114]    _NRM3232
0x1144      [24]    _SETFOV32
0x115C       [8]    _SETFDZ32
0x1164      [14]    _Delay_22us
0x1172      [28]    _SETIOV3224
0x118E      [54]    _ADC_Read
0x11C4      [40]    _word2double
0x11EC      [16]    ___CC2DW
0x11FC     [372]    _Div_32x32_FP
0x1370     [210]    _double2int
0x1442     [114]    _servo
0x14B4     [288]    _Mul_32x32_FP
//** Variables locations ** 
//ADDRESS    SIZE    VARIABLE
//----------------------------------------------
0x0000       [1]    __Lib_SoftI2C_PutZerosToLATScl_temp_scl_L0
0x0000       [1]    __Lib_SoftI2C_PutZerosToLATSda_temp_sda_L0
0x0000       [1]    R0
0x0000       [1]    UART1_Init_tmp_L0
0x0000       [1]    EEPROM_Write_SaveINTCON_L0
0x0000       [1]    SPI1_Write_tmp_L0
0x0000       [1]    FLASH_Erase_64_SaveINTCON_L0
0x0001       [2]    FLASH_Read_N_Bytes_i_L0
0x0001       [1]    I2C1_Rd_tmp_L0
0x0001       [1]    __Lib_PS2_Wait_Falling_nsample_L0
0x0001       [1]    FLASH_Write_32_i_L0
0x0001       [1]    ispunct_rslt_L0
0x0001       [1]    FLASH_Erase_Write_64_i_L0
0x0001       [1]    UART1_Read___tmp_UART1_Read_L0
0x0001       [1]    R1
0x0001       [1]    __Lib_TFT_16bit_JPEG_FileReadBytes_Result_L0
0x0001       [2]    servo_i_L0
0x0001       [1]    __Lib_TFT_16bit_JPEG_FileRead_i_L0
0x0001       [1]    __Lib_TFT_JPEG_FileRead_i_L0
0x0001       [1]    __Lib_USB_genHID_?FLOC____Lib_USB_genHID_USB_Handle_BusyT1
0x0001       [1]    __Lib_TFT_JPEG_FileReadBytes_Result_L0
0x0002       [2]    memcpy_dd_L0
0x0002       [2]    memset_pp_L0
0x0002       [1]    __Lib_USB_genHID_USB_CtrlTrf_Rx_Service_byteToRead_L0
0x0002       [1]    R2
0x0002       [1]    FLASH_Erase_Write_64_j_L0
0x0002       [2]    memchr_s_L0
0x0002       [2]    strlen_cp_L0
0x0002       [1]    FLASH_Write_32_SaveINTCON_L0
0x0003       [2]    MM_TotalFreeMemSize_Tot_L0
0x0003       [2]    Ltrim_original_L0
0x0003       [2]    __Lib_MmcFat16_f16_toInt_l_L0
0x0003       [1]    __Lib_USB_genHID_USB_CtrlTrf_Rx_Service_i_L0
0x0003       [1]    __Lib_Sprinti_?FLOC____Lib_Sprinti_Do_FillT29
0x0003       [1]    R3
0x0003       [1]    FLASH_Erase_Write_64_SaveINTCON_L0
0x0003       [2]    memmove_tt_L0
0x0003       [2]    __Lib_USB_genHID_USB_CtrlTrf_Tx_Service_byteToSend_L0
0x0003       [1]    MM_Init_i_L0
0x0004       [2]    strcat_cp_L0
0x0004       [2]    strncat_cp_L0
0x0004       [2]    __Lib_MemManager_MM_GetMemAlign_P_L0
0x0004       [1]    __Lib_USB_genHID_GetMaxIndexInDevDsc_index_L0
0x0004       [2]    strncpy_cp_L0
0x0004       [2]    strcpy_cp_L0
0x0004       [2]    memcpy_ss_L0
0x0004       [2]    __Lib_USB_genHID_USB_Transfer_Packet_handle_L0
0x0004       [1]    R4
0x0004       [2]    frexp_pom_L0
0x0004       [1]    __Lib_Sprinti_?FLOC____Lib_Sprinti_Do_FillT40
0x0004       [2]    __Lib_USB_genHID_USB_Std_Feature_Req_Handler_p_L0
0x0004       [2]    __Lib_USB_genHID_USB_Get_Status_Handler_p_L2
0x0005       [2]    __Lib_USB_genHID_USB_Configure_Endpoint_handle_L0
0x0005       [1]    MM_TotalFreeMemSize_i_L0
0x0005       [1]    R5
0x0005       [2]    LongWordToHex_input_half_L0
0x0005       [2]    memmove_ff_L0
0x0005       [2]    Ltrim_p_L0
0x0005       [2]    LongIntToHex_input_half_L0
0x0005       [1]    __Lib_Sprinti_?FLOC____Lib_Sprinti_Do_FillT54
0x0006       [1]    __Lib_Sprinti_?FLOC____Lib_Sprinti_Do_FillT69
0x0006       [1]    R6
0x0006       [1]    __Lib_MemManager_MM_GetMemAlign_i_L0
0x0006       [2]    __Lib_USB_genHID_GetMaxIndexInConfigDsc_totalLen_L0
0x0007       [1]    __Lib_TFT_JPEG_GenerateHuffmanTables_bLength_L0
0x0007       [1]    R7
0x0007       [1]    __Lib_TFT_16bit_JPEG_GenerateHuffmanTables_bLength_L0
0x0008       [1]    __Lib_TFT_JPEG_GenerateHuffmanTables_bTable_L0
0x0008       [3]    __Lib_USB_genHID_GetMaxIndexInConfigDsc_ptr_L0
0x0008       [1]    __Lib_TFT_16bit_JPEG_GenerateHuffmanTables_bTable_L0
0x0008       [1]    R8
0x0009       [1]    R9
0x0009       [4]    __Lib_MmcFat16_f16_toLong_l_L0
0x000A       [1]    R10
0x000B       [1]    R11
0x000C       [1]    R12
0x000D       [1]    R13
0x000E       [1]    R14
0x000F       [1]    R15
0x0010       [1]    R16
0x0011       [1]    R17
0x0012       [1]    R18
0x0013       [1]    R19
0x0014       [1]    R20
0x0015       [4]    _x
0x0019       [1]    FARG_ADC_Read_channel
0x0019       [2]    FARG_servo_angulo
0x0F80       [1]    PORTA
0x0F81       [1]    PORTB
0x0F82       [1]    PORTC
0x0F92       [1]    TRISA
0x0F93       [1]    TRISB
0x0F94       [1]    TRISC
0x0FC0       [1]    ADCON2
0x0FC1       [1]    ADCON1
0x0FC2       [1]    ADCON0
0x0FC3       [1]    ADRESL
0x0FC4       [1]    ADRESH
0x0FD8       [1]    STATUS
0x0FD9       [1]    FSR2L
0x0FDA       [1]    FSR2H
0x0FDE       [1]    POSTINC2
0x0FE0       [1]    BSR
0x0FE1       [1]    FSR1L
0x0FE2       [1]    FSR1H
0x0FE4       [1]    PREINC1
0x0FE6       [1]    POSTINC1
0x0FE7       [1]    INDF1
0x0FE8       [1]    WREG
0x0FE9       [1]    FSR0L
0x0FEA       [1]    FSR0H
0x0FEE       [1]    POSTINC0
0x0FF3       [1]    PRODL
0x0FF4       [1]    PRODH
0x0FF5       [1]    TABLAT
0x0FF6       [1]    TBLPTRL
0x0FF7       [1]    TBLPTRH
0x0FF8       [1]    TBLPTRU
