;  LST file generated by mikroListExporter - v.2.0 
; Date/Time: 25/09/2016 06:03:30 p.m.
;----------------------------------------------

;Address Opcode 	ASM
0x0000	0xF008EF00  	GOTO        4096
0x0004	0x0000      	NOP
0x0006	0x0000      	NOP
0x0008	0xF008EF53  	GOTO        4262
0x000C	0x0000      	NOP
0x000E	0x0000      	NOP
0x0010	0x0000      	NOP
0x0012	0x0000      	NOP
0x0014	0x0000      	NOP
0x0016	0x0000      	NOP
0x0018	0xD7F3      	BRA         0
_main:
;timer0.c,27 :: 		void main() org 0x1000
;timer0.c,29 :: 		TRISA= 0b00000000;
0x1000	0x6A92      	CLRF        TRISA 
;timer0.c,30 :: 		TRISB= 0b00000000;
0x1002	0x6A93      	CLRF        TRISB 
;timer0.c,31 :: 		TRISC= 0b00000001;
0x1004	0x0E01      	MOVLW       1
0x1006	0x6E94      	MOVWF       TRISC 
;timer0.c,33 :: 		PORTA = 0;
0x1008	0x6A80      	CLRF        PORTA 
;timer0.c,34 :: 		PORTB = 0;
0x100A	0x6A81      	CLRF        PORTB 
;timer0.c,35 :: 		PORTC = 0;
0x100C	0x6A82      	CLRF        PORTC 
;timer0.c,37 :: 		delay_ms(1000);
0x100E	0x0E3D      	MOVLW       61
0x1010	0x6E0B      	MOVWF       R11, 0
0x1012	0x0EE1      	MOVLW       225
0x1014	0x6E0C      	MOVWF       R12, 0
0x1016	0x0E3F      	MOVLW       63
0x1018	0x6E0D      	MOVWF       R13, 0
L_main1:
0x101A	0x2E0D      	DECFSZ      R13, 1, 0
0x101C	0xD7FE      	BRA         L_main1
0x101E	0x2E0C      	DECFSZ      R12, 1, 0
0x1020	0xD7FC      	BRA         L_main1
0x1022	0x2E0B      	DECFSZ      R11, 1, 0
0x1024	0xD7FA      	BRA         L_main1
0x1026	0x0000      	NOP
0x1028	0x0000      	NOP
;timer0.c,39 :: 		for(i = 0; i<5;i++)
0x102A	0x6A15      	CLRF        _i 
0x102C	0x6A16      	CLRF        _i+1 
L_main2:
0x102E	0x0E80      	MOVLW       128
0x1030	0x1816      	XORWF       _i+1, 0 
0x1032	0x6E00      	MOVWF       R0 
0x1034	0x0E80      	MOVLW       128
0x1036	0x5C00      	SUBWF       R0, 0 
0x1038	0xE102      	BNZ         L__main12
0x103A	0x0E05      	MOVLW       5
0x103C	0x5C15      	SUBWF       _i, 0 
L__main12:
0x103E	0xE211      	BC          L_main3
;timer0.c,41 :: 		PORTC.f2 = !PORTC.f2;
0x1040	0x7482      	BTG         PORTC, 2 
;timer0.c,42 :: 		delay_ms(500);
0x1042	0x0E1F      	MOVLW       31
0x1044	0x6E0B      	MOVWF       R11, 0
0x1046	0x0E71      	MOVLW       113
0x1048	0x6E0C      	MOVWF       R12, 0
0x104A	0x0E1E      	MOVLW       30
0x104C	0x6E0D      	MOVWF       R13, 0
L_main5:
0x104E	0x2E0D      	DECFSZ      R13, 1, 0
0x1050	0xD7FE      	BRA         L_main5
0x1052	0x2E0C      	DECFSZ      R12, 1, 0
0x1054	0xD7FC      	BRA         L_main5
0x1056	0x2E0B      	DECFSZ      R11, 1, 0
0x1058	0xD7FA      	BRA         L_main5
0x105A	0x0000      	NOP
;timer0.c,39 :: 		for(i = 0; i<5;i++)
0x105C	0x4A15      	INFSNZ      _i, 1 
0x105E	0x2A16      	INCF        _i+1, 1 
;timer0.c,43 :: 		}
0x1060	0xD7E6      	BRA         L_main2
L_main3:
;timer0.c,44 :: 		PORTC.f2 = 0;
0x1062	0x9482      	BCF         PORTC, 2 
;timer0.c,45 :: 		delay_ms(100);
0x1064	0x0E07      	MOVLW       7
0x1066	0x6E0B      	MOVWF       R11, 0
0x1068	0x0E17      	MOVLW       23
0x106A	0x6E0C      	MOVWF       R12, 0
0x106C	0x0E6A      	MOVLW       106
0x106E	0x6E0D      	MOVWF       R13, 0
L_main6:
0x1070	0x2E0D      	DECFSZ      R13, 1, 0
0x1072	0xD7FE      	BRA         L_main6
0x1074	0x2E0C      	DECFSZ      R12, 1, 0
0x1076	0xD7FC      	BRA         L_main6
0x1078	0x2E0B      	DECFSZ      R11, 1, 0
0x107A	0xD7FA      	BRA         L_main6
0x107C	0x0000      	NOP
;timer0.c,47 :: 		T0CON = 0b00000001;
0x107E	0x0E01      	MOVLW       1
0x1080	0x6ED5      	MOVWF       T0CON 
;timer0.c,48 :: 		TMR0H   = 0x15;
0x1082	0x0E15      	MOVLW       21
0x1084	0x6ED7      	MOVWF       TMR0H 
;timer0.c,49 :: 		TMR0L   = 0xA0;
0x1086	0x0EA0      	MOVLW       160
0x1088	0x6ED6      	MOVWF       TMR0L 
;timer0.c,50 :: 		INTCON = 0b11100000;
0x108A	0x0EE0      	MOVLW       224
0x108C	0x6EF2      	MOVWF       INTCON 
;timer0.c,51 :: 		RCON.f7 = 0;
0x108E	0x9ED0      	BCF         RCON, 7 
;timer0.c,52 :: 		T0CON.f7 = 1;
0x1090	0x8ED5      	BSF         T0CON, 7 
;timer0.c,54 :: 		while(1)
L_main7:
;timer0.c,56 :: 		}
0x1092	0xD7FF      	BRA         L_main7
;timer0.c,57 :: 		}
L_end_main:
0x1094	0xD7FF      	BRA         $+0
; end of _main
___CC2DW:
;__Lib_System.c,21 :: 		
;__Lib_System.c,23 :: 		
_CC2DL_Loop1:
;__Lib_System.c,24 :: 		
0x1096	0x0009      	TBLRD*+
;__Lib_System.c,25 :: 		
0x1098	0xFFE6CFF5  	MOVFF       TABLAT, POSTINC1
;__Lib_System.c,26 :: 		
0x109C	0x0600      	DECF        R0, 1, 0
;__Lib_System.c,27 :: 		
0x109E	0xE1FB      	BNZ         _CC2DL_Loop1
;__Lib_System.c,28 :: 		
0x10A0	0x0601      	DECF        R1, 1, 0
;__Lib_System.c,29 :: 		
0x10A2	0xE1F9      	BNZ         _CC2DL_Loop1
;__Lib_System.c,31 :: 		
L_end___CC2DW:
0x10A4	0x0012      	RETURN      0
; end of ___CC2DW
_timer0:
;timer0.c,11 :: 		void timer0() iv 0x0008 ics ICS_AUTO
;timer0.c,13 :: 		if (INTCON.f2 == 1)
0x10A6	0xA4F2      	BTFSS       INTCON, 2 
0x10A8	0xD008      	BRA         L_timer00
;timer0.c,15 :: 		T0CON.f7 = 0;
0x10AA	0x9ED5      	BCF         T0CON, 7 
;timer0.c,16 :: 		INTCON.f2 = 0;
0x10AC	0x94F2      	BCF         INTCON, 2 
;timer0.c,17 :: 		TMR0H         = 0x15;
0x10AE	0x0E15      	MOVLW       21
0x10B0	0x6ED7      	MOVWF       TMR0H 
;timer0.c,18 :: 		TMR0L         = 0xA0;
0x10B2	0x0EA0      	MOVLW       160
0x10B4	0x6ED6      	MOVWF       TMR0L 
;timer0.c,19 :: 		PORTC.f1 = !PORTC.f1;
0x10B6	0x7282      	BTG         PORTC, 1 
;timer0.c,20 :: 		T0CON.f7 = 1;
0x10B8	0x8ED5      	BSF         T0CON, 7 
;timer0.c,21 :: 		}
L_timer00:
;timer0.c,22 :: 		}
L_end_timer0:
L__timer010:
0x10BA	0x0011      	RETFIE      1
; end of _timer0
Symbol List:
//** Routines locations **
//ADDRESS    SIZE    PROCEDURE
//----------------------------------------------
0x1000     [150]    _main
0x1096      [16]    ___CC2DW
0x10A6      [22]    _timer0
//** Variables locations ** 
//ADDRESS    SIZE    VARIABLE
//----------------------------------------------
0x0000       [1]    FLASH_Erase_64_SaveINTCON_L0
0x0000       [1]    UART1_Init_tmp_L0
0x0000       [1]    EEPROM_Write_SaveINTCON_L0
0x0000       [1]    __Lib_SoftI2C_PutZerosToLATSda_temp_sda_L0
0x0000       [1]    R0
0x0000       [1]    SPI1_Write_tmp_L0
0x0000       [1]    __Lib_SoftI2C_PutZerosToLATScl_temp_scl_L0
0x0001       [1]    __Lib_PS2_Wait_Falling_nsample_L0
0x0001       [1]    ispunct_rslt_L0
0x0001       [1]    UART1_Read___tmp_UART1_Read_L0
0x0001       [1]    FLASH_Write_32_i_L0
0x0001       [1]    __Lib_TFT_16bit_JPEG_FileRead_i_L0
0x0001       [1]    I2C1_Rd_tmp_L0
0x0001       [1]    __Lib_TFT_JPEG_FileRead_i_L0
0x0001       [1]    __Lib_TFT_16bit_JPEG_FileReadBytes_Result_L0
0x0001       [1]    R1
0x0001       [1]    __Lib_TFT_JPEG_FileReadBytes_Result_L0
0x0001       [2]    FLASH_Read_N_Bytes_i_L0
0x0001       [1]    FLASH_Erase_Write_64_i_L0
0x0001       [1]    __Lib_USB_genHID_?FLOC____Lib_USB_genHID_USB_Handle_BusyT1
0x0002       [2]    memchr_s_L0
0x0002       [1]    __Lib_USB_genHID_USB_CtrlTrf_Rx_Service_byteToRead_L0
0x0002       [2]    memset_pp_L0
0x0002       [1]    FLASH_Erase_Write_64_j_L0
0x0002       [2]    memcpy_dd_L0
0x0002       [1]    R2
0x0002       [1]    FLASH_Write_32_SaveINTCON_L0
0x0002       [2]    strlen_cp_L0
0x0003       [1]    __Lib_USB_genHID_USB_CtrlTrf_Rx_Service_i_L0
0x0003       [1]    R3
0x0003       [1]    __Lib_Sprinti_?FLOC____Lib_Sprinti_Do_FillT29
0x0003       [1]    MM_Init_i_L0
0x0003       [2]    memmove_tt_L0
0x0003       [2]    __Lib_MmcFat16_f16_toInt_l_L0
0x0003       [2]    MM_TotalFreeMemSize_Tot_L0
0x0003       [2]    Ltrim_original_L0
0x0003       [2]    __Lib_USB_genHID_USB_CtrlTrf_Tx_Service_byteToSend_L0
0x0003       [1]    FLASH_Erase_Write_64_SaveINTCON_L0
0x0004       [1]    __Lib_Sprinti_?FLOC____Lib_Sprinti_Do_FillT40
0x0004       [2]    __Lib_USB_genHID_USB_Get_Status_Handler_p_L2
0x0004       [2]    __Lib_MemManager_MM_GetMemAlign_P_L0
0x0004       [2]    __Lib_USB_genHID_USB_Std_Feature_Req_Handler_p_L0
0x0004       [1]    R4
0x0004       [2]    strcpy_cp_L0
0x0004       [2]    strncat_cp_L0
0x0004       [2]    __Lib_USB_genHID_USB_Transfer_Packet_handle_L0
0x0004       [2]    strncpy_cp_L0
0x0004       [2]    frexp_pom_L0
0x0004       [1]    __Lib_USB_genHID_GetMaxIndexInDevDsc_index_L0
0x0004       [2]    memcpy_ss_L0
0x0004       [2]    strcat_cp_L0
0x0005       [2]    memmove_ff_L0
0x0005       [2]    LongWordToHex_input_half_L0
0x0005       [2]    LongIntToHex_input_half_L0
0x0005       [1]    __Lib_Sprinti_?FLOC____Lib_Sprinti_Do_FillT54
0x0005       [2]    Ltrim_p_L0
0x0005       [1]    MM_TotalFreeMemSize_i_L0
0x0005       [1]    R5
0x0005       [2]    __Lib_USB_genHID_USB_Configure_Endpoint_handle_L0
0x0006       [1]    R6
0x0006       [1]    __Lib_Sprinti_?FLOC____Lib_Sprinti_Do_FillT69
0x0006       [1]    __Lib_MemManager_MM_GetMemAlign_i_L0
0x0006       [2]    __Lib_USB_genHID_GetMaxIndexInConfigDsc_totalLen_L0
0x0007       [1]    __Lib_TFT_16bit_JPEG_GenerateHuffmanTables_bLength_L0
0x0007       [1]    __Lib_TFT_JPEG_GenerateHuffmanTables_bLength_L0
0x0007       [1]    R7
0x0008       [1]    __Lib_TFT_16bit_JPEG_GenerateHuffmanTables_bTable_L0
0x0008       [3]    __Lib_USB_genHID_GetMaxIndexInConfigDsc_ptr_L0
0x0008       [1]    R8
0x0008       [1]    __Lib_TFT_JPEG_GenerateHuffmanTables_bTable_L0
0x0009       [1]    R9
0x0009       [4]    __Lib_MmcFat16_f16_toLong_l_L0
0x000A       [1]    R10
0x000B       [1]    R11
0x000C       [1]    R12
0x000D       [1]    R13
0x000E       [1]    R14
0x000F       [1]    R15
0x0010       [1]    R16
0x0011       [1]    R17
0x0012       [1]    R18
0x0013       [1]    R19
0x0014       [1]    R20
0x0015       [2]    _i
0x0F80       [1]    PORTA
0x0F81       [1]    PORTB
0x0F82       [1]    PORTC
0x0F92       [1]    TRISA
0x0F93       [1]    TRISB
0x0F94       [1]    TRISC
0x0FD0       [1]    RCON
0x0FD5       [1]    T0CON
0x0FD6       [1]    TMR0L
0x0FD7       [1]    TMR0H
0x0FD8       [1]    STATUS
0x0FD9       [1]    FSR2L
0x0FDA       [1]    FSR2H
0x0FDE       [1]    POSTINC2
0x0FE0       [1]    BSR
0x0FE1       [1]    FSR1L
0x0FE2       [1]    FSR1H
0x0FE4       [1]    PREINC1
0x0FE6       [1]    POSTINC1
0x0FE7       [1]    INDF1
0x0FE8       [1]    WREG
0x0FE9       [1]    FSR0L
0x0FEA       [1]    FSR0H
0x0FEE       [1]    POSTINC0
0x0FF2       [1]    INTCON
0x0FF3       [1]    PRODL
0x0FF4       [1]    PRODH
0x0FF5       [1]    TABLAT
0x0FF6       [1]    TBLPTRL
0x0FF7       [1]    TBLPTRH
0x0FF8       [1]    TBLPTRU
