;  LST file generated by mikroListExporter - v.2.0 
; Date/Time: 21/09/2016 08:08:07 p.m.
;----------------------------------------------

;Address Opcode 	ASM
0x0000	0xF008EF00  	GOTO        4096
0x0004	0x0000      	NOP
0x0006	0x0000      	NOP
0x0008	0xF000EF00  	GOTO        0
0x000C	0x0000      	NOP
0x000E	0x0000      	NOP
0x0010	0x0000      	NOP
0x0012	0x0000      	NOP
0x0014	0x0000      	NOP
0x0016	0x0000      	NOP
0x0018	0xD7F3      	BRA         0
_main:
;Servo.c,32 :: 		void main()  org 0x1000
;Servo.c,34 :: 		TRISA = 0b00000000;
0x1000	0x6A92      	CLRF        TRISA 
;Servo.c,35 :: 		TRISB = 0b00000000;
0x1002	0x6A93      	CLRF        TRISB 
;Servo.c,36 :: 		TRISC = 0b00000001;
0x1004	0x0E01      	MOVLW       1
0x1006	0x6E94      	MOVWF       TRISC 
;Servo.c,37 :: 		ADCON1 = 0b00001111;
0x1008	0x0E0F      	MOVLW       15
0x100A	0x6EC1      	MOVWF       ADCON1 
;Servo.c,39 :: 		PORTA = 0;
0x100C	0x6A80      	CLRF        PORTA 
;Servo.c,40 :: 		PORTB = 0;
0x100E	0x6A81      	CLRF        PORTB 
;Servo.c,41 :: 		PORTC = 0;
0x1010	0x6A82      	CLRF        PORTC 
;Servo.c,45 :: 		while(1)
L_main7:
;Servo.c,47 :: 		for(x = 0; x<= 180; x++)
0x1012	0x6A15      	CLRF        _x 
0x1014	0x6A16      	CLRF        _x+1 
L_main9:
0x1016	0x0E80      	MOVLW       128
0x1018	0x6E00      	MOVWF       R0 
0x101A	0x0E80      	MOVLW       128
0x101C	0x1816      	XORWF       _x+1, 0 
0x101E	0x5C00      	SUBWF       R0, 0 
0x1020	0xE102      	BNZ         L__main22
0x1022	0x5015      	MOVF        _x, 0 
0x1024	0x08B4      	SUBLW       180
L__main22:
0x1026	0xE314      	BNC         L_main10
;Servo.c,49 :: 		servo(x);
0x1028	0xF017C015  	MOVFF       _x, FARG_servo_angulo
0x102C	0xF018C016  	MOVFF       _x+1, FARG_servo_angulo+1
0x1030	0xD83C      	RCALL       _servo
;Servo.c,50 :: 		delay_ms(20);
0x1032	0x0E02      	MOVLW       2
0x1034	0x6E0B      	MOVWF       R11, 0
0x1036	0x0E38      	MOVLW       56
0x1038	0x6E0C      	MOVWF       R12, 0
0x103A	0x0EAD      	MOVLW       173
0x103C	0x6E0D      	MOVWF       R13, 0
L_main12:
0x103E	0x2E0D      	DECFSZ      R13, 1, 0
0x1040	0xD7FE      	BRA         L_main12
0x1042	0x2E0C      	DECFSZ      R12, 1, 0
0x1044	0xD7FC      	BRA         L_main12
0x1046	0x2E0B      	DECFSZ      R11, 1, 0
0x1048	0xD7FA      	BRA         L_main12
;Servo.c,47 :: 		for(x = 0; x<= 180; x++)
0x104A	0x4A15      	INFSNZ      _x, 1 
0x104C	0x2A16      	INCF        _x+1, 1 
;Servo.c,51 :: 		}
0x104E	0xD7E3      	BRA         L_main9
L_main10:
;Servo.c,53 :: 		for(x = 180; x>= 0; x--)
0x1050	0x0EB4      	MOVLW       180
0x1052	0x6E15      	MOVWF       _x 
0x1054	0x0E00      	MOVLW       0
0x1056	0x6E16      	MOVWF       _x+1 
L_main13:
0x1058	0x0E80      	MOVLW       128
0x105A	0x1816      	XORWF       _x+1, 0 
0x105C	0x6E00      	MOVWF       R0 
0x105E	0x0E80      	MOVLW       128
0x1060	0x5C00      	SUBWF       R0, 0 
0x1062	0xE102      	BNZ         L__main23
0x1064	0x0E00      	MOVLW       0
0x1066	0x5C15      	SUBWF       _x, 0 
L__main23:
0x1068	0xE316      	BNC         L_main14
;Servo.c,55 :: 		servo(x);
0x106A	0xF017C015  	MOVFF       _x, FARG_servo_angulo
0x106E	0xF018C016  	MOVFF       _x+1, FARG_servo_angulo+1
0x1072	0xD81B      	RCALL       _servo
;Servo.c,56 :: 		delay_ms(20);
0x1074	0x0E02      	MOVLW       2
0x1076	0x6E0B      	MOVWF       R11, 0
0x1078	0x0E38      	MOVLW       56
0x107A	0x6E0C      	MOVWF       R12, 0
0x107C	0x0EAD      	MOVLW       173
0x107E	0x6E0D      	MOVWF       R13, 0
L_main16:
0x1080	0x2E0D      	DECFSZ      R13, 1, 0
0x1082	0xD7FE      	BRA         L_main16
0x1084	0x2E0C      	DECFSZ      R12, 1, 0
0x1086	0xD7FC      	BRA         L_main16
0x1088	0x2E0B      	DECFSZ      R11, 1, 0
0x108A	0xD7FA      	BRA         L_main16
;Servo.c,53 :: 		for(x = 180; x>= 0; x--)
0x108C	0x0E01      	MOVLW       1
0x108E	0x5E15      	SUBWF       _x, 1 
0x1090	0x0E00      	MOVLW       0
0x1092	0x5A16      	SUBWFB      _x+1, 1 
;Servo.c,57 :: 		}
0x1094	0xD7E1      	BRA         L_main13
L_main14:
;Servo.c,58 :: 		}
0x1096	0xD7BD      	BRA         L_main7
;Servo.c,62 :: 		}
L_end_main:
0x1098	0xD7FF      	BRA         $+0
; end of _main
___CC2DW:
;__Lib_System.c,21 :: 		
;__Lib_System.c,23 :: 		
_CC2DL_Loop1:
;__Lib_System.c,24 :: 		
0x109A	0x0009      	TBLRD*+
;__Lib_System.c,25 :: 		
0x109C	0xFFE6CFF5  	MOVFF       TABLAT, POSTINC1
;__Lib_System.c,26 :: 		
0x10A0	0x0600      	DECF        R0, 1, 0
;__Lib_System.c,27 :: 		
0x10A2	0xE1FB      	BNZ         _CC2DL_Loop1
;__Lib_System.c,28 :: 		
0x10A4	0x0601      	DECF        R1, 1, 0
;__Lib_System.c,29 :: 		
0x10A6	0xE1F9      	BNZ         _CC2DL_Loop1
;__Lib_System.c,31 :: 		
L_end___CC2DW:
0x10A8	0x0012      	RETURN      0
; end of ___CC2DW
_servo:
;Servo.c,3 :: 		void servo(int angulo)
;Servo.c,11 :: 		if(angulo <= 0)
0x10AA	0x0E80      	MOVLW       128
0x10AC	0x6E00      	MOVWF       R0 
0x10AE	0x0E80      	MOVLW       128
0x10B0	0x1818      	XORWF       FARG_servo_angulo+1, 0 
0x10B2	0x5C00      	SUBWF       R0, 0 
0x10B4	0xE102      	BNZ         L__servo18
0x10B6	0x5017      	MOVF        FARG_servo_angulo, 0 
0x10B8	0x0800      	SUBLW       0
L__servo18:
0x10BA	0xE302      	BNC         L_servo0
;Servo.c,13 :: 		angulo = 0;
0x10BC	0x6A17      	CLRF        FARG_servo_angulo 
0x10BE	0x6A18      	CLRF        FARG_servo_angulo+1 
;Servo.c,14 :: 		}
L_servo0:
;Servo.c,16 :: 		if (angulo >= 180)
0x10C0	0x0E80      	MOVLW       128
0x10C2	0x1818      	XORWF       FARG_servo_angulo+1, 0 
0x10C4	0x6E00      	MOVWF       R0 
0x10C6	0x0E80      	MOVLW       128
0x10C8	0x5C00      	SUBWF       R0, 0 
0x10CA	0xE102      	BNZ         L__servo19
0x10CC	0x0EB4      	MOVLW       180
0x10CE	0x5C17      	SUBWF       FARG_servo_angulo, 0 
L__servo19:
0x10D0	0xE304      	BNC         L_servo1
;Servo.c,18 :: 		angulo = 180;
0x10D2	0x0EB4      	MOVLW       180
0x10D4	0x6E17      	MOVWF       FARG_servo_angulo 
0x10D6	0x0E00      	MOVLW       0
0x10D8	0x6E18      	MOVWF       FARG_servo_angulo+1 
;Servo.c,19 :: 		}
L_servo1:
;Servo.c,21 :: 		PORTC.f1 = 1;
0x10DA	0x8282      	BSF         PORTC, 1 
;Servo.c,22 :: 		delay_us(1000);
0x10DC	0x0E10      	MOVLW       16
0x10DE	0x6E0C      	MOVWF       R12, 0
0x10E0	0x0E94      	MOVLW       148
0x10E2	0x6E0D      	MOVWF       R13, 0
L_servo2:
0x10E4	0x2E0D      	DECFSZ      R13, 1, 0
0x10E6	0xD7FE      	BRA         L_servo2
0x10E8	0x2E0C      	DECFSZ      R12, 1, 0
0x10EA	0xD7FC      	BRA         L_servo2
0x10EC	0x0000      	NOP
;Servo.c,23 :: 		for(i = 0; i <= angulo; i++)
0x10EE	0x6A01      	CLRF        R1 
0x10F0	0x6A02      	CLRF        R2 
L_servo3:
0x10F2	0x0E80      	MOVLW       128
0x10F4	0x1818      	XORWF       FARG_servo_angulo+1, 0 
0x10F6	0x6E00      	MOVWF       R0 
0x10F8	0x0E80      	MOVLW       128
0x10FA	0x1802      	XORWF       R2, 0 
0x10FC	0x5C00      	SUBWF       R0, 0 
0x10FE	0xE102      	BNZ         L__servo20
0x1100	0x5001      	MOVF        R1, 0 
0x1102	0x5C17      	SUBWF       FARG_servo_angulo, 0 
L__servo20:
0x1104	0xE309      	BNC         L_servo4
;Servo.c,25 :: 		delay_us(6);
0x1106	0x0E17      	MOVLW       23
0x1108	0x6E0D      	MOVWF       R13, 0
L_servo6:
0x110A	0x2E0D      	DECFSZ      R13, 1, 0
0x110C	0xD7FE      	BRA         L_servo6
0x110E	0x0000      	NOP
0x1110	0x0000      	NOP
;Servo.c,23 :: 		for(i = 0; i <= angulo; i++)
0x1112	0x4A01      	INFSNZ      R1, 1 
0x1114	0x2A02      	INCF        R2, 1 
;Servo.c,26 :: 		}
0x1116	0xD7ED      	BRA         L_servo3
L_servo4:
;Servo.c,27 :: 		PORTC.f1 = 0;
0x1118	0x9282      	BCF         PORTC, 1 
;Servo.c,28 :: 		}
L_end_servo:
0x111A	0x0012      	RETURN      0
; end of _servo
Symbol List:
//** Routines locations **
//ADDRESS    SIZE    PROCEDURE
//----------------------------------------------
0x1000     [154]    _main
0x109A      [16]    ___CC2DW
0x10AA     [114]    _servo
//** Variables locations ** 
//ADDRESS    SIZE    VARIABLE
//----------------------------------------------
0x0000       [1]    R0
0x0000       [1]    UART1_Init_tmp_L0
0x0000       [1]    SPI1_Write_tmp_L0
0x0000       [1]    __Lib_SoftI2C_PutZerosToLATSda_temp_sda_L0
0x0000       [1]    __Lib_SoftI2C_PutZerosToLATScl_temp_scl_L0
0x0000       [1]    EEPROM_Write_SaveINTCON_L0
0x0000       [1]    FLASH_Erase_64_SaveINTCON_L0
0x0001       [1]    ispunct_rslt_L0
0x0001       [1]    __Lib_PS2_Wait_Falling_nsample_L0
0x0001       [1]    FLASH_Erase_Write_64_i_L0
0x0001       [2]    servo_i_L0
0x0001       [1]    R1
0x0001       [2]    FLASH_Read_N_Bytes_i_L0
0x0001       [1]    __Lib_TFT_JPEG_FileRead_i_L0
0x0001       [1]    I2C1_Rd_tmp_L0
0x0001       [1]    __Lib_TFT_16bit_JPEG_FileReadBytes_Result_L0
0x0001       [1]    UART1_Read___tmp_UART1_Read_L0
0x0001       [1]    __Lib_USB_genHID_?FLOC____Lib_USB_genHID_USB_Handle_BusyT1
0x0001       [1]    __Lib_TFT_JPEG_FileReadBytes_Result_L0
0x0001       [1]    __Lib_TFT_16bit_JPEG_FileRead_i_L0
0x0001       [1]    FLASH_Write_32_i_L0
0x0002       [1]    __Lib_USB_genHID_USB_CtrlTrf_Rx_Service_byteToRead_L0
0x0002       [2]    memset_pp_L0
0x0002       [1]    FLASH_Write_32_SaveINTCON_L0
0x0002       [2]    memchr_s_L0
0x0002       [1]    FLASH_Erase_Write_64_j_L0
0x0002       [2]    strlen_cp_L0
0x0002       [2]    memcpy_dd_L0
0x0002       [1]    R2
0x0003       [1]    __Lib_USB_genHID_USB_CtrlTrf_Rx_Service_i_L0
0x0003       [1]    FLASH_Erase_Write_64_SaveINTCON_L0
0x0003       [2]    Ltrim_original_L0
0x0003       [1]    R3
0x0003       [1]    __Lib_Sprinti_?FLOC____Lib_Sprinti_Do_FillT29
0x0003       [2]    __Lib_MmcFat16_f16_toInt_l_L0
0x0003       [2]    __Lib_USB_genHID_USB_CtrlTrf_Tx_Service_byteToSend_L0
0x0003       [2]    MM_TotalFreeMemSize_Tot_L0
0x0003       [1]    MM_Init_i_L0
0x0003       [2]    memmove_tt_L0
0x0004       [1]    __Lib_Sprinti_?FLOC____Lib_Sprinti_Do_FillT40
0x0004       [2]    strcat_cp_L0
0x0004       [1]    __Lib_USB_genHID_GetMaxIndexInDevDsc_index_L0
0x0004       [1]    R4
0x0004       [2]    __Lib_USB_genHID_USB_Std_Feature_Req_Handler_p_L0
0x0004       [2]    memcpy_ss_L0
0x0004       [2]    __Lib_MemManager_MM_GetMemAlign_P_L0
0x0004       [2]    __Lib_USB_genHID_USB_Get_Status_Handler_p_L2
0x0004       [2]    frexp_pom_L0
0x0004       [2]    __Lib_USB_genHID_USB_Transfer_Packet_handle_L0
0x0004       [2]    strncpy_cp_L0
0x0004       [2]    strncat_cp_L0
0x0004       [2]    strcpy_cp_L0
0x0005       [2]    __Lib_USB_genHID_USB_Configure_Endpoint_handle_L0
0x0005       [1]    MM_TotalFreeMemSize_i_L0
0x0005       [2]    Ltrim_p_L0
0x0005       [1]    R5
0x0005       [2]    LongWordToHex_input_half_L0
0x0005       [2]    LongIntToHex_input_half_L0
0x0005       [2]    memmove_ff_L0
0x0005       [1]    __Lib_Sprinti_?FLOC____Lib_Sprinti_Do_FillT54
0x0006       [1]    __Lib_MemManager_MM_GetMemAlign_i_L0
0x0006       [2]    __Lib_USB_genHID_GetMaxIndexInConfigDsc_totalLen_L0
0x0006       [1]    R6
0x0006       [1]    __Lib_Sprinti_?FLOC____Lib_Sprinti_Do_FillT69
0x0007       [1]    __Lib_TFT_16bit_JPEG_GenerateHuffmanTables_bLength_L0
0x0007       [1]    R7
0x0007       [1]    __Lib_TFT_JPEG_GenerateHuffmanTables_bLength_L0
0x0008       [1]    __Lib_TFT_16bit_JPEG_GenerateHuffmanTables_bTable_L0
0x0008       [1]    __Lib_TFT_JPEG_GenerateHuffmanTables_bTable_L0
0x0008       [3]    __Lib_USB_genHID_GetMaxIndexInConfigDsc_ptr_L0
0x0008       [1]    R8
0x0009       [4]    __Lib_MmcFat16_f16_toLong_l_L0
0x0009       [1]    R9
0x000A       [1]    R10
0x000B       [1]    R11
0x000C       [1]    R12
0x000D       [1]    R13
0x000E       [1]    R14
0x000F       [1]    R15
0x0010       [1]    R16
0x0011       [1]    R17
0x0012       [1]    R18
0x0013       [1]    R19
0x0014       [1]    R20
0x0015       [2]    _x
0x0017       [2]    FARG_servo_angulo
0x0F80       [1]    PORTA
0x0F81       [1]    PORTB
0x0F82       [1]    PORTC
0x0F92       [1]    TRISA
0x0F93       [1]    TRISB
0x0F94       [1]    TRISC
0x0FC1       [1]    ADCON1
0x0FD8       [1]    STATUS
0x0FD9       [1]    FSR2L
0x0FDA       [1]    FSR2H
0x0FDE       [1]    POSTINC2
0x0FE0       [1]    BSR
0x0FE1       [1]    FSR1L
0x0FE2       [1]    FSR1H
0x0FE4       [1]    PREINC1
0x0FE6       [1]    POSTINC1
0x0FE7       [1]    INDF1
0x0FE8       [1]    WREG
0x0FE9       [1]    FSR0L
0x0FEA       [1]    FSR0H
0x0FEE       [1]    POSTINC0
0x0FF3       [1]    PRODL
0x0FF4       [1]    PRODH
0x0FF5       [1]    TABLAT
0x0FF6       [1]    TBLPTRL
0x0FF7       [1]    TBLPTRH
0x0FF8       [1]    TBLPTRU
