;  LST file generated by mikroListExporter - v.2.0 
; Date/Time: 02/10/2016 12:37:49 a.m.
;----------------------------------------------

;Address Opcode 	ASM
0x0000	0xF008EF15  	GOTO        4138
0x0004	0x0000      	NOP
0x0006	0x0000      	NOP
0x0008	0xF00BEF1E  	GOTO        5692
0x000C	0x0000      	NOP
0x000E	0x0000      	NOP
0x0010	0x0000      	NOP
0x0012	0x0000      	NOP
0x0014	0x0000      	NOP
0x0016	0x0000      	NOP
0x0018	0xF00BEF3D  	GOTO        5754
_bootInterrupt:
;Buzzer.c,54 :: 		void bootInterrupt()    //tabla de saltos para poder activar interrupciones usando un bootloader, manda llamar interrupciones y al main segun correponda
;Buzzer.c,57 :: 		goto _main
0x1000	0xF008EF15  	GOTO        _main
;Buzzer.c,58 :: 		goto 0
0x1004	0xF000EF00  	GOTO        0
;Buzzer.c,59 :: 		goto _interrupt
0x1008	0xF00BEF1E  	GOTO        _interrupt
;Buzzer.c,60 :: 		goto 0
0x100C	0xF000EF00  	GOTO        0
;Buzzer.c,61 :: 		goto 0
0x1010	0xF000EF00  	GOTO        0
;Buzzer.c,62 :: 		goto 0
0x1014	0xF000EF00  	GOTO        0
;Buzzer.c,63 :: 		goto _interrupt_low
0x1018	0xF00BEF3D  	GOTO        _interrupt_low
;Buzzer.c,65 :: 		}
L_end_bootInterrupt:
0x101C	0x0012      	RETURN      0
; end of _bootInterrupt
_main:
;Buzzer.c,21 :: 		void main() //programa principal aqui
;Buzzer.c,23 :: 		TRISA = 0b00000000;
0x102A	0x6A92      	CLRF        TRISA 
;Buzzer.c,24 :: 		TRISB = 0b00000001;
0x102C	0x0E01      	MOVLW       1
0x102E	0x6E93      	MOVWF       TRISB 
;Buzzer.c,25 :: 		TRISC = 0b00000001;
0x1030	0x0E01      	MOVLW       1
0x1032	0x6E94      	MOVWF       TRISC 
;Buzzer.c,26 :: 		ADCON1 = 0b00001111;
0x1034	0x0E0F      	MOVLW       15
0x1036	0x6EC1      	MOVWF       ADCON1 
;Buzzer.c,29 :: 		PORTA = 0;
0x1038	0x6A80      	CLRF        PORTA 
;Buzzer.c,30 :: 		PORTB = 0;
0x103A	0x6A81      	CLRF        PORTB 
;Buzzer.c,31 :: 		PORTC = 0;
0x103C	0x6A82      	CLRF        PORTC 
;Buzzer.c,34 :: 		Sound_Init(&PORTA, 0); //configuramos el buzzer en el puerto A0
0x103E	0x0E80      	MOVLW       PORTA
0x1040	0x6E1F      	MOVWF       FARG_Sound_Init_snd_port 
0x1042	0x0E0F      	MOVLW       hi_addr(PORTA)
0x1044	0x6E20      	MOVWF       FARG_Sound_Init_snd_port+1 
0x1046	0x6A21      	CLRF        FARG_Sound_Init_snd_pin 
0x1048	0xDA0B      	RCALL       _Sound_Init
;Buzzer.c,35 :: 		Sound_Play(880, 1000);  // hacemos sonar el buzzer a 880 Hz por 1 segundo
0x104A	0x0E70      	MOVLW       112
0x104C	0x6E1F      	MOVWF       FARG_Sound_Play_freq_in_hz 
0x104E	0x0E03      	MOVLW       3
0x1050	0x6E20      	MOVWF       FARG_Sound_Play_freq_in_hz+1 
0x1052	0x0EE8      	MOVLW       232
0x1054	0x6E21      	MOVWF       FARG_Sound_Play_duration_ms 
0x1056	0x0E03      	MOVLW       3
0x1058	0x6E22      	MOVWF       FARG_Sound_Play_duration_ms+1 
0x105A	0xDA22      	RCALL       _Sound_Play
;Buzzer.c,37 :: 		delay_ms(500);
0x105C	0x0E1F      	MOVLW       31
0x105E	0x6E0B      	MOVWF       R11, 0
0x1060	0x0E71      	MOVLW       113
0x1062	0x6E0C      	MOVWF       R12, 0
0x1064	0x0E1E      	MOVLW       30
0x1066	0x6E0D      	MOVWF       R13, 0
L_main2:
0x1068	0x2E0D      	DECFSZ      R13, 1, 0
0x106A	0xD7FE      	BRA         L_main2
0x106C	0x2E0C      	DECFSZ      R12, 1, 0
0x106E	0xD7FC      	BRA         L_main2
0x1070	0x2E0B      	DECFSZ      R11, 1, 0
0x1072	0xD7FA      	BRA         L_main2
0x1074	0x0000      	NOP
;Buzzer.c,38 :: 		PORTC.f2 = 1;
0x1076	0x8482      	BSF         PORTC, 2 
;Buzzer.c,39 :: 		delay_ms(500);
0x1078	0x0E1F      	MOVLW       31
0x107A	0x6E0B      	MOVWF       R11, 0
0x107C	0x0E71      	MOVLW       113
0x107E	0x6E0C      	MOVWF       R12, 0
0x1080	0x0E1E      	MOVLW       30
0x1082	0x6E0D      	MOVWF       R13, 0
L_main3:
0x1084	0x2E0D      	DECFSZ      R13, 1, 0
0x1086	0xD7FE      	BRA         L_main3
0x1088	0x2E0C      	DECFSZ      R12, 1, 0
0x108A	0xD7FC      	BRA         L_main3
0x108C	0x2E0B      	DECFSZ      R11, 1, 0
0x108E	0xD7FA      	BRA         L_main3
0x1090	0x0000      	NOP
;Buzzer.c,40 :: 		PORTC.f2 = 0;
0x1092	0x9482      	BCF         PORTC, 2 
;Buzzer.c,43 :: 		INTCON = 0b10010000; //activamos la interrupcion en B0
0x1094	0x0E90      	MOVLW       144
0x1096	0x6EF2      	MOVWF       INTCON 
;Buzzer.c,44 :: 		INTCON2.f6 = 1; //interrupcion en flanco de subida
0x1098	0x8CF1      	BSF         INTCON2, 6 
;Buzzer.c,46 :: 		while(1)   //parapadeo el led rojo indefinidamente
L_main4:
;Buzzer.c,48 :: 		delay_ms(500);
0x109A	0x0E1F      	MOVLW       31
0x109C	0x6E0B      	MOVWF       R11, 0
0x109E	0x0E71      	MOVLW       113
0x10A0	0x6E0C      	MOVWF       R12, 0
0x10A2	0x0E1E      	MOVLW       30
0x10A4	0x6E0D      	MOVWF       R13, 0
L_main6:
0x10A6	0x2E0D      	DECFSZ      R13, 1, 0
0x10A8	0xD7FE      	BRA         L_main6
0x10AA	0x2E0C      	DECFSZ      R12, 1, 0
0x10AC	0xD7FC      	BRA         L_main6
0x10AE	0x2E0B      	DECFSZ      R11, 1, 0
0x10B0	0xD7FA      	BRA         L_main6
0x10B2	0x0000      	NOP
;Buzzer.c,49 :: 		PORTC.f2 = !PORTC.f2;
0x10B4	0x7482      	BTG         PORTC, 2 
;Buzzer.c,50 :: 		}
0x10B6	0xD7F1      	BRA         L_main4
;Buzzer.c,51 :: 		}
L_end_main:
0x10B8	0xD7FF      	BRA         $+0
; end of _main
_Get_Fosc_kHz:
;__Lib_Delays.c,1 :: 		unsigned long Get_Fosc_kHz(){
;__Lib_Delays.c,3 :: 		return Clock_kHz();
0x10BA	0x0E80      	MOVLW       128
0x10BC	0x6E00      	MOVWF       R0 
0x10BE	0x0EBB      	MOVLW       187
0x10C0	0x6E01      	MOVWF       R1 
0x10C2	0x0E00      	MOVLW       0
0x10C4	0x6E02      	MOVWF       R2 
0x10C6	0x6E03      	MOVWF       R3 
;__Lib_Delays.c,5 :: 		}
L_end_Get_Fosc_kHz:
0x10C8	0x0012      	RETURN      0
; end of _Get_Fosc_kHz
_Div_32x32_U:
;__Lib_Math.c,1162 :: 		
;__Lib_Math.c,1173 :: 		
0x10CA	0x6A0B      	CLRF        R11, 0
;__Lib_Math.c,1174 :: 		
0x10CC	0x6A0A      	CLRF        R10, 0
;__Lib_Math.c,1175 :: 		
0x10CE	0x6A09      	CLRF        R9, 0
;__Lib_Math.c,1176 :: 		
0x10D0	0x6A08      	CLRF        R8, 0
;__Lib_Math.c,1178 :: 		
0x10D2	0x6A0E      	CLRF        R14, 0
;__Lib_Math.c,1180 :: 		
0x10D4	0x3403      	RLCF        R3, 0, 0
;__Lib_Math.c,1181 :: 		
0x10D6	0x3608      	RLCF        R8, 1, 0
;__Lib_Math.c,1182 :: 		
0x10D8	0x5004      	MOVF        R4, 0, 0
;__Lib_Math.c,1183 :: 		
0x10DA	0x5E08      	SUBWF       R8, 1, 0
;__Lib_Math.c,1184 :: 		
0x10DC	0x5005      	MOVF        R5, 0, 0
;__Lib_Math.c,1185 :: 		
0x10DE	0xA0D8      	BTFSS       STATUS, 0, 0
;__Lib_Math.c,1186 :: 		
0x10E0	0x3C05      	INCFSZ      R5, 0, 0
;__Lib_Math.c,1187 :: 		
0x10E2	0x5E09      	SUBWF       R9, 1, 0
;__Lib_Math.c,1188 :: 		
0x10E4	0x5006      	MOVF        R6, 0, 0
;__Lib_Math.c,1189 :: 		
0x10E6	0xA0D8      	BTFSS       STATUS, 0, 0
;__Lib_Math.c,1190 :: 		
0x10E8	0x3C06      	INCFSZ      R6, 0, 0
;__Lib_Math.c,1191 :: 		
0x10EA	0x5E0A      	SUBWF       R10, 1, 0
;__Lib_Math.c,1192 :: 		
0x10EC	0x5007      	MOVF        R7, 0, 0
;__Lib_Math.c,1193 :: 		
0x10EE	0xA0D8      	BTFSS       STATUS, 0, 0
;__Lib_Math.c,1194 :: 		
0x10F0	0x3C07      	INCFSZ      R7, 0, 0
;__Lib_Math.c,1195 :: 		
0x10F2	0x5E0B      	SUBWF       R11, 1, 0
;__Lib_Math.c,1197 :: 		
0x10F4	0x6AE8      	CLRF        WREG, 0
;__Lib_Math.c,1198 :: 		
0x10F6	0xA0D8      	BTFSS       STATUS, 0, 0
;__Lib_Math.c,1199 :: 		
0x10F8	0x0E01      	MOVLW       1
;__Lib_Math.c,1200 :: 		
0x10FA	0x5E0E      	SUBWF       R14, 1, 0
;__Lib_Math.c,1201 :: 		
0x10FC	0x3603      	RLCF        R3, 1, 0
;__Lib_Math.c,1203 :: 		
0x10FE	0x0E07      	MOVLW       7
;__Lib_Math.c,1204 :: 		
0x1100	0x6E0C      	MOVWF       R12, 0
;__Lib_Math.c,1206 :: 		
LOOPU3232A:
;__Lib_Math.c,1207 :: 		
0x1102	0x3403      	RLCF        R3, 0, 0
;__Lib_Math.c,1208 :: 		
0x1104	0x3608      	RLCF        R8, 1, 0
;__Lib_Math.c,1209 :: 		
0x1106	0x3609      	RLCF        R9, 1, 0
;__Lib_Math.c,1210 :: 		
0x1108	0x360A      	RLCF        R10, 1, 0
;__Lib_Math.c,1211 :: 		
0x110A	0x360B      	RLCF        R11, 1, 0
;__Lib_Math.c,1212 :: 		
0x110C	0x360E      	RLCF        R14, 1, 0
;__Lib_Math.c,1213 :: 		
0x110E	0x5004      	MOVF        R4, 0, 0
;__Lib_Math.c,1214 :: 		
0x1110	0xA003      	BTFSS       R3, 0, 0
;__Lib_Math.c,1215 :: 		
0x1112	0xD012      	BRA         UADD22LA
;__Lib_Math.c,1217 :: 		
0x1114	0x5E08      	SUBWF       R8, 1, 0
;__Lib_Math.c,1218 :: 		
0x1116	0x5005      	MOVF        R5, 0, 0
;__Lib_Math.c,1219 :: 		
0x1118	0xA0D8      	BTFSS       STATUS, 0, 0
;__Lib_Math.c,1220 :: 		
0x111A	0x3C05      	INCFSZ      R5, 0, 0
;__Lib_Math.c,1221 :: 		
0x111C	0x5E09      	SUBWF       R9, 1, 0
;__Lib_Math.c,1222 :: 		
0x111E	0x5006      	MOVF        R6, 0, 0
;__Lib_Math.c,1223 :: 		
0x1120	0xA0D8      	BTFSS       STATUS, 0, 0
;__Lib_Math.c,1224 :: 		
0x1122	0x3C06      	INCFSZ      R6, 0, 0
;__Lib_Math.c,1225 :: 		
0x1124	0x5E0A      	SUBWF       R10, 1, 0
;__Lib_Math.c,1226 :: 		
0x1126	0x5007      	MOVF        R7, 0, 0
;__Lib_Math.c,1227 :: 		
0x1128	0xA0D8      	BTFSS       STATUS, 0, 0
;__Lib_Math.c,1228 :: 		
0x112A	0x3C07      	INCFSZ      R7, 0, 0
;__Lib_Math.c,1229 :: 		
0x112C	0x5E0B      	SUBWF       R11, 1, 0
;__Lib_Math.c,1230 :: 		
0x112E	0x6AE8      	CLRF        WREG, 0
;__Lib_Math.c,1231 :: 		
0x1130	0xA0D8      	BTFSS       STATUS, 0, 0
;__Lib_Math.c,1232 :: 		
0x1132	0x0E01      	MOVLW       1
;__Lib_Math.c,1233 :: 		
0x1134	0x5E0E      	SUBWF       R14, 1, 0
;__Lib_Math.c,1234 :: 		
0x1136	0xD011      	BRA         UOK22LA
;__Lib_Math.c,1236 :: 		
UADD22LA:
;__Lib_Math.c,1237 :: 		
0x1138	0x2608      	ADDWF       R8, 1, 0
;__Lib_Math.c,1238 :: 		
0x113A	0x5005      	MOVF        R5, 0, 0
;__Lib_Math.c,1239 :: 		
0x113C	0xB0D8      	BTFSC       STATUS, 0, 0
;__Lib_Math.c,1240 :: 		
0x113E	0x3C05      	INCFSZ      R5, 0, 0
;__Lib_Math.c,1241 :: 		
0x1140	0x2609      	ADDWF       R9, 1, 0
;__Lib_Math.c,1242 :: 		
0x1142	0x5006      	MOVF        R6, 0, 0
;__Lib_Math.c,1243 :: 		
0x1144	0xB0D8      	BTFSC       STATUS, 0, 0
;__Lib_Math.c,1244 :: 		
0x1146	0x3C06      	INCFSZ      R6, 0, 0
;__Lib_Math.c,1245 :: 		
0x1148	0x260A      	ADDWF       R10, 1, 0
;__Lib_Math.c,1246 :: 		
0x114A	0x5007      	MOVF        R7, 0, 0
;__Lib_Math.c,1247 :: 		
0x114C	0xB0D8      	BTFSC       STATUS, 0, 0
;__Lib_Math.c,1248 :: 		
0x114E	0x3C07      	INCFSZ      R7, 0, 0
;__Lib_Math.c,1249 :: 		
0x1150	0x260B      	ADDWF       R11, 1, 0
;__Lib_Math.c,1250 :: 		
0x1152	0x6AE8      	CLRF        WREG, 0
;__Lib_Math.c,1251 :: 		
0x1154	0xB0D8      	BTFSC       STATUS, 0, 0
;__Lib_Math.c,1252 :: 		
0x1156	0x0E01      	MOVLW       1
;__Lib_Math.c,1253 :: 		
0x1158	0x260E      	ADDWF       R14, 1, 0
;__Lib_Math.c,1255 :: 		
UOK22LA:
;__Lib_Math.c,1256 :: 		
0x115A	0x3603      	RLCF        R3, 1, 0
;__Lib_Math.c,1258 :: 		
0x115C	0x2E0C      	DECFSZ      R12, 1, 0
;__Lib_Math.c,1259 :: 		
0x115E	0xD7D1      	BRA         LOOPU3232A
;__Lib_Math.c,1261 :: 		
0x1160	0x3402      	RLCF        R2, 0, 0
;__Lib_Math.c,1262 :: 		
0x1162	0x3608      	RLCF        R8, 1, 0
;__Lib_Math.c,1263 :: 		
0x1164	0x3609      	RLCF        R9, 1, 0
;__Lib_Math.c,1264 :: 		
0x1166	0x360A      	RLCF        R10, 1, 0
;__Lib_Math.c,1265 :: 		
0x1168	0x360B      	RLCF        R11, 1, 0
;__Lib_Math.c,1266 :: 		
0x116A	0x360E      	RLCF        R14, 1, 0
;__Lib_Math.c,1267 :: 		
0x116C	0x5004      	MOVF        R4, 0, 0
;__Lib_Math.c,1268 :: 		
0x116E	0xA003      	BTFSS       R3, 0, 0
;__Lib_Math.c,1269 :: 		
0x1170	0xD012      	BRA         UADD22L8
;__Lib_Math.c,1271 :: 		
0x1172	0x5E08      	SUBWF       R8, 1, 0
;__Lib_Math.c,1272 :: 		
0x1174	0x5005      	MOVF        R5, 0, 0
;__Lib_Math.c,1273 :: 		
0x1176	0xA0D8      	BTFSS       STATUS, 0, 0
;__Lib_Math.c,1274 :: 		
0x1178	0x3C05      	INCFSZ      R5, 0, 0
;__Lib_Math.c,1275 :: 		
0x117A	0x5E09      	SUBWF       R9, 1, 0
;__Lib_Math.c,1276 :: 		
0x117C	0x5006      	MOVF        R6, 0, 0
;__Lib_Math.c,1277 :: 		
0x117E	0xA0D8      	BTFSS       STATUS, 0, 0
;__Lib_Math.c,1278 :: 		
0x1180	0x3C06      	INCFSZ      R6, 0, 0
;__Lib_Math.c,1279 :: 		
0x1182	0x5E0A      	SUBWF       R10, 1, 0
;__Lib_Math.c,1280 :: 		
0x1184	0x5007      	MOVF        R7, 0, 0
;__Lib_Math.c,1281 :: 		
0x1186	0xA0D8      	BTFSS       STATUS, 0, 0
;__Lib_Math.c,1282 :: 		
0x1188	0x3C07      	INCFSZ      R7, 0, 0
;__Lib_Math.c,1283 :: 		
0x118A	0x5E0B      	SUBWF       R11, 1, 0
;__Lib_Math.c,1284 :: 		
0x118C	0x6AE8      	CLRF        WREG, 0
;__Lib_Math.c,1285 :: 		
0x118E	0xA0D8      	BTFSS       STATUS, 0, 0
;__Lib_Math.c,1286 :: 		
0x1190	0x0E01      	MOVLW       1
;__Lib_Math.c,1287 :: 		
0x1192	0x5E0E      	SUBWF       R14, 1, 0
;__Lib_Math.c,1288 :: 		
0x1194	0xD011      	BRA         UOK22L8
;__Lib_Math.c,1290 :: 		
UADD22L8:
;__Lib_Math.c,1291 :: 		
0x1196	0x2608      	ADDWF       R8, 1, 0
;__Lib_Math.c,1292 :: 		
0x1198	0x5005      	MOVF        R5, 0, 0
;__Lib_Math.c,1293 :: 		
0x119A	0xB0D8      	BTFSC       STATUS, 0, 0
;__Lib_Math.c,1294 :: 		
0x119C	0x3C05      	INCFSZ      R5, 0, 0
;__Lib_Math.c,1295 :: 		
0x119E	0x2609      	ADDWF       R9, 1, 0
;__Lib_Math.c,1296 :: 		
0x11A0	0x5006      	MOVF        R6, 0, 0
;__Lib_Math.c,1297 :: 		
0x11A2	0xB0D8      	BTFSC       STATUS, 0, 0
;__Lib_Math.c,1298 :: 		
0x11A4	0x3C06      	INCFSZ      R6, 0, 0
;__Lib_Math.c,1299 :: 		
0x11A6	0x260A      	ADDWF       R10, 1, 0
;__Lib_Math.c,1300 :: 		
0x11A8	0x5007      	MOVF        R7, 0, 0
;__Lib_Math.c,1301 :: 		
0x11AA	0xB0D8      	BTFSC       STATUS, 0, 0
;__Lib_Math.c,1302 :: 		
0x11AC	0x3C07      	INCFSZ      R7, 0, 0
;__Lib_Math.c,1303 :: 		
0x11AE	0x260B      	ADDWF       R11, 1, 0
;__Lib_Math.c,1304 :: 		
0x11B0	0x6AE8      	CLRF        WREG, 0
;__Lib_Math.c,1305 :: 		
0x11B2	0xB0D8      	BTFSC       STATUS, 0, 0
;__Lib_Math.c,1306 :: 		
0x11B4	0x0E01      	MOVLW       1
;__Lib_Math.c,1307 :: 		
0x11B6	0x260E      	ADDWF       R14, 1, 0
;__Lib_Math.c,1309 :: 		
UOK22L8:
;__Lib_Math.c,1310 :: 		
0x11B8	0x3602      	RLCF        R2, 1, 0
;__Lib_Math.c,1312 :: 		
0x11BA	0x0E07      	MOVLW       7
;__Lib_Math.c,1313 :: 		
0x11BC	0x6E0C      	MOVWF       R12, 0
;__Lib_Math.c,1315 :: 		
LOOPU3232B:
;__Lib_Math.c,1316 :: 		
0x11BE	0x3402      	RLCF        R2, 0, 0
;__Lib_Math.c,1317 :: 		
0x11C0	0x3608      	RLCF        R8, 1, 0
;__Lib_Math.c,1318 :: 		
0x11C2	0x3609      	RLCF        R9, 1, 0
;__Lib_Math.c,1319 :: 		
0x11C4	0x360A      	RLCF        R10, 1, 0
;__Lib_Math.c,1320 :: 		
0x11C6	0x360B      	RLCF        R11, 1, 0
;__Lib_Math.c,1321 :: 		
0x11C8	0x360E      	RLCF        R14, 1, 0
;__Lib_Math.c,1322 :: 		
0x11CA	0x5004      	MOVF        R4, 0, 0
;__Lib_Math.c,1323 :: 		
0x11CC	0xA002      	BTFSS       R2, 0, 0
;__Lib_Math.c,1324 :: 		
0x11CE	0xD012      	BRA         UADD22LB
;__Lib_Math.c,1326 :: 		
0x11D0	0x5E08      	SUBWF       R8, 1, 0
;__Lib_Math.c,1327 :: 		
0x11D2	0x5005      	MOVF        R5, 0, 0
;__Lib_Math.c,1328 :: 		
0x11D4	0xA0D8      	BTFSS       STATUS, 0, 0
;__Lib_Math.c,1329 :: 		
0x11D6	0x3C05      	INCFSZ      R5, 0, 0
;__Lib_Math.c,1330 :: 		
0x11D8	0x5E09      	SUBWF       R9, 1, 0
;__Lib_Math.c,1331 :: 		
0x11DA	0x5006      	MOVF        R6, 0, 0
;__Lib_Math.c,1332 :: 		
0x11DC	0xA0D8      	BTFSS       STATUS, 0, 0
;__Lib_Math.c,1333 :: 		
0x11DE	0x3C06      	INCFSZ      R6, 0, 0
;__Lib_Math.c,1334 :: 		
0x11E0	0x5E0A      	SUBWF       R10, 1, 0
;__Lib_Math.c,1335 :: 		
0x11E2	0x5007      	MOVF        R7, 0, 0
;__Lib_Math.c,1336 :: 		
0x11E4	0xA0D8      	BTFSS       STATUS, 0, 0
;__Lib_Math.c,1337 :: 		
0x11E6	0x3C07      	INCFSZ      R7, 0, 0
;__Lib_Math.c,1338 :: 		
0x11E8	0x5E0B      	SUBWF       R11, 1, 0
;__Lib_Math.c,1339 :: 		
0x11EA	0x6AE8      	CLRF        WREG, 0
;__Lib_Math.c,1340 :: 		
0x11EC	0xA0D8      	BTFSS       STATUS, 0, 0
;__Lib_Math.c,1341 :: 		
0x11EE	0x0E01      	MOVLW       1
;__Lib_Math.c,1342 :: 		
0x11F0	0x5E0E      	SUBWF       R14, 1, 0
;__Lib_Math.c,1343 :: 		
0x11F2	0xD011      	BRA         UOK22LB
;__Lib_Math.c,1345 :: 		
UADD22LB:
;__Lib_Math.c,1346 :: 		
0x11F4	0x2608      	ADDWF       R8, 1, 0
;__Lib_Math.c,1347 :: 		
0x11F6	0x5005      	MOVF        R5, 0, 0
;__Lib_Math.c,1348 :: 		
0x11F8	0xB0D8      	BTFSC       STATUS, 0, 0
;__Lib_Math.c,1349 :: 		
0x11FA	0x3C05      	INCFSZ      R5, 0, 0
;__Lib_Math.c,1350 :: 		
0x11FC	0x2609      	ADDWF       R9, 1, 0
;__Lib_Math.c,1351 :: 		
0x11FE	0x5006      	MOVF        R6, 0, 0
;__Lib_Math.c,1352 :: 		
0x1200	0xB0D8      	BTFSC       STATUS, 0, 0
;__Lib_Math.c,1353 :: 		
0x1202	0x3C06      	INCFSZ      R6, 0, 0
;__Lib_Math.c,1354 :: 		
0x1204	0x260A      	ADDWF       R10, 1, 0
;__Lib_Math.c,1355 :: 		
0x1206	0x5007      	MOVF        R7, 0, 0
;__Lib_Math.c,1356 :: 		
0x1208	0xB0D8      	BTFSC       STATUS, 0, 0
;__Lib_Math.c,1357 :: 		
0x120A	0x3C07      	INCFSZ      R7, 0, 0
;__Lib_Math.c,1358 :: 		
0x120C	0x260B      	ADDWF       R11, 1, 0
;__Lib_Math.c,1359 :: 		
0x120E	0x6AE8      	CLRF        WREG, 0
;__Lib_Math.c,1360 :: 		
0x1210	0xB0D8      	BTFSC       STATUS, 0, 0
;__Lib_Math.c,1361 :: 		
0x1212	0x0E01      	MOVLW       1
;__Lib_Math.c,1362 :: 		
0x1214	0x260E      	ADDWF       R14, 1, 0
;__Lib_Math.c,1364 :: 		
UOK22LB:
;__Lib_Math.c,1365 :: 		
0x1216	0x3602      	RLCF        R2, 1, 0
;__Lib_Math.c,1367 :: 		
0x1218	0x2E0C      	DECFSZ      R12, 1, 0
;__Lib_Math.c,1368 :: 		
0x121A	0xD7D1      	BRA         LOOPU3232B
;__Lib_Math.c,1370 :: 		
0x121C	0x3401      	RLCF        R1, 0, 0
;__Lib_Math.c,1371 :: 		
0x121E	0x3608      	RLCF        R8, 1, 0
;__Lib_Math.c,1372 :: 		
0x1220	0x3609      	RLCF        R9, 1, 0
;__Lib_Math.c,1373 :: 		
0x1222	0x360A      	RLCF        R10, 1, 0
;__Lib_Math.c,1374 :: 		
0x1224	0x360B      	RLCF        R11, 1, 0
;__Lib_Math.c,1375 :: 		
0x1226	0x360E      	RLCF        R14, 1, 0
;__Lib_Math.c,1376 :: 		
0x1228	0x5004      	MOVF        R4, 0, 0
;__Lib_Math.c,1377 :: 		
0x122A	0xA002      	BTFSS       R2, 0, 0
;__Lib_Math.c,1378 :: 		
0x122C	0xD012      	BRA         UADD22L16
;__Lib_Math.c,1380 :: 		
0x122E	0x5E08      	SUBWF       R8, 1, 0
;__Lib_Math.c,1381 :: 		
0x1230	0x5005      	MOVF        R5, 0, 0
;__Lib_Math.c,1382 :: 		
0x1232	0xA0D8      	BTFSS       STATUS, 0, 0
;__Lib_Math.c,1383 :: 		
0x1234	0x3C05      	INCFSZ      R5, 0, 0
;__Lib_Math.c,1384 :: 		
0x1236	0x5E09      	SUBWF       R9, 1, 0
;__Lib_Math.c,1385 :: 		
0x1238	0x5006      	MOVF        R6, 0, 0
;__Lib_Math.c,1386 :: 		
0x123A	0xA0D8      	BTFSS       STATUS, 0, 0
;__Lib_Math.c,1387 :: 		
0x123C	0x3C06      	INCFSZ      R6, 0, 0
;__Lib_Math.c,1388 :: 		
0x123E	0x5E0A      	SUBWF       R10, 1, 0
;__Lib_Math.c,1389 :: 		
0x1240	0x5007      	MOVF        R7, 0, 0
;__Lib_Math.c,1390 :: 		
0x1242	0xA0D8      	BTFSS       STATUS, 0, 0
;__Lib_Math.c,1391 :: 		
0x1244	0x3C07      	INCFSZ      R7, 0, 0
;__Lib_Math.c,1392 :: 		
0x1246	0x5E0B      	SUBWF       R11, 1, 0
;__Lib_Math.c,1393 :: 		
0x1248	0x6AE8      	CLRF        WREG, 0
;__Lib_Math.c,1394 :: 		
0x124A	0xA0D8      	BTFSS       STATUS, 0, 0
;__Lib_Math.c,1395 :: 		
0x124C	0x0E01      	MOVLW       1
;__Lib_Math.c,1396 :: 		
0x124E	0x5E0E      	SUBWF       R14, 1, 0
;__Lib_Math.c,1397 :: 		
0x1250	0xD011      	BRA         UOK22L16
;__Lib_Math.c,1399 :: 		
UADD22L16:
;__Lib_Math.c,1400 :: 		
0x1252	0x2608      	ADDWF       R8, 1, 0
;__Lib_Math.c,1401 :: 		
0x1254	0x5005      	MOVF        R5, 0, 0
;__Lib_Math.c,1402 :: 		
0x1256	0xB0D8      	BTFSC       STATUS, 0, 0
;__Lib_Math.c,1403 :: 		
0x1258	0x3C05      	INCFSZ      R5, 0, 0
;__Lib_Math.c,1404 :: 		
0x125A	0x2609      	ADDWF       R9, 1, 0
;__Lib_Math.c,1405 :: 		
0x125C	0x5006      	MOVF        R6, 0, 0
;__Lib_Math.c,1406 :: 		
0x125E	0xB0D8      	BTFSC       STATUS, 0, 0
;__Lib_Math.c,1407 :: 		
0x1260	0x3C06      	INCFSZ      R6, 0, 0
;__Lib_Math.c,1408 :: 		
0x1262	0x260A      	ADDWF       R10, 1, 0
;__Lib_Math.c,1409 :: 		
0x1264	0x5007      	MOVF        R7, 0, 0
;__Lib_Math.c,1410 :: 		
0x1266	0xB0D8      	BTFSC       STATUS, 0, 0
;__Lib_Math.c,1411 :: 		
0x1268	0x3C07      	INCFSZ      R7, 0, 0
;__Lib_Math.c,1412 :: 		
0x126A	0x260B      	ADDWF       R11, 1, 0
;__Lib_Math.c,1413 :: 		
0x126C	0x6AE8      	CLRF        WREG, 0
;__Lib_Math.c,1414 :: 		
0x126E	0xB0D8      	BTFSC       STATUS, 0, 0
;__Lib_Math.c,1415 :: 		
0x1270	0x0E01      	MOVLW       1
;__Lib_Math.c,1416 :: 		
0x1272	0x260E      	ADDWF       R14, 1, 0
;__Lib_Math.c,1418 :: 		
UOK22L16:
;__Lib_Math.c,1419 :: 		
0x1274	0x3601      	RLCF        R1, 1, 0
;__Lib_Math.c,1421 :: 		
0x1276	0x0E07      	MOVLW       7
;__Lib_Math.c,1422 :: 		
0x1278	0x6E0C      	MOVWF       R12, 0
;__Lib_Math.c,1424 :: 		
LOOPU3232C:
;__Lib_Math.c,1425 :: 		
0x127A	0x3401      	RLCF        R1, 0, 0
;__Lib_Math.c,1426 :: 		
0x127C	0x3608      	RLCF        R8, 1, 0
;__Lib_Math.c,1427 :: 		
0x127E	0x3609      	RLCF        R9, 1, 0
;__Lib_Math.c,1428 :: 		
0x1280	0x360A      	RLCF        R10, 1, 0
;__Lib_Math.c,1429 :: 		
0x1282	0x360B      	RLCF        R11, 1, 0
;__Lib_Math.c,1430 :: 		
0x1284	0x360E      	RLCF        R14, 1, 0
;__Lib_Math.c,1431 :: 		
0x1286	0x5004      	MOVF        R4, 0, 0
;__Lib_Math.c,1432 :: 		
0x1288	0xA001      	BTFSS       R1, 0, 0
;__Lib_Math.c,1433 :: 		
0x128A	0xD012      	BRA         UADD22LC
;__Lib_Math.c,1435 :: 		
0x128C	0x5E08      	SUBWF       R8, 1, 0
;__Lib_Math.c,1436 :: 		
0x128E	0x5005      	MOVF        R5, 0, 0
;__Lib_Math.c,1437 :: 		
0x1290	0xA0D8      	BTFSS       STATUS, 0, 0
;__Lib_Math.c,1438 :: 		
0x1292	0x3C05      	INCFSZ      R5, 0, 0
;__Lib_Math.c,1439 :: 		
0x1294	0x5E09      	SUBWF       R9, 1, 0
;__Lib_Math.c,1440 :: 		
0x1296	0x5006      	MOVF        R6, 0, 0
;__Lib_Math.c,1441 :: 		
0x1298	0xA0D8      	BTFSS       STATUS, 0, 0
;__Lib_Math.c,1442 :: 		
0x129A	0x3C06      	INCFSZ      R6, 0, 0
;__Lib_Math.c,1443 :: 		
0x129C	0x5E0A      	SUBWF       R10, 1, 0
;__Lib_Math.c,1444 :: 		
0x129E	0x5007      	MOVF        R7, 0, 0
;__Lib_Math.c,1445 :: 		
0x12A0	0xA0D8      	BTFSS       STATUS, 0, 0
;__Lib_Math.c,1446 :: 		
0x12A2	0x3C07      	INCFSZ      R7, 0, 0
;__Lib_Math.c,1447 :: 		
0x12A4	0x5E0B      	SUBWF       R11, 1, 0
;__Lib_Math.c,1448 :: 		
0x12A6	0x6AE8      	CLRF        WREG, 0
;__Lib_Math.c,1449 :: 		
0x12A8	0xA0D8      	BTFSS       STATUS, 0, 0
;__Lib_Math.c,1450 :: 		
0x12AA	0x0E01      	MOVLW       1
;__Lib_Math.c,1451 :: 		
0x12AC	0x5E0E      	SUBWF       R14, 1, 0
;__Lib_Math.c,1452 :: 		
0x12AE	0xD011      	BRA         UOK22LC
;__Lib_Math.c,1454 :: 		
UADD22LC:
;__Lib_Math.c,1455 :: 		
0x12B0	0x2608      	ADDWF       R8, 1, 0
;__Lib_Math.c,1456 :: 		
0x12B2	0x5005      	MOVF        R5, 0, 0
;__Lib_Math.c,1457 :: 		
0x12B4	0xB0D8      	BTFSC       STATUS, 0, 0
;__Lib_Math.c,1458 :: 		
0x12B6	0x3C05      	INCFSZ      R5, 0, 0
;__Lib_Math.c,1459 :: 		
0x12B8	0x2609      	ADDWF       R9, 1, 0
;__Lib_Math.c,1460 :: 		
0x12BA	0x5006      	MOVF        R6, 0, 0
;__Lib_Math.c,1461 :: 		
0x12BC	0xB0D8      	BTFSC       STATUS, 0, 0
;__Lib_Math.c,1462 :: 		
0x12BE	0x3C06      	INCFSZ      R6, 0, 0
;__Lib_Math.c,1463 :: 		
0x12C0	0x260A      	ADDWF       R10, 1, 0
;__Lib_Math.c,1464 :: 		
0x12C2	0x5007      	MOVF        R7, 0, 0
;__Lib_Math.c,1465 :: 		
0x12C4	0xB0D8      	BTFSC       STATUS, 0, 0
;__Lib_Math.c,1466 :: 		
0x12C6	0x3C07      	INCFSZ      R7, 0, 0
;__Lib_Math.c,1467 :: 		
0x12C8	0x260B      	ADDWF       R11, 1, 0
;__Lib_Math.c,1468 :: 		
0x12CA	0x6AE8      	CLRF        WREG, 0
;__Lib_Math.c,1469 :: 		
0x12CC	0xB0D8      	BTFSC       STATUS, 0, 0
;__Lib_Math.c,1470 :: 		
0x12CE	0x0E01      	MOVLW       1
;__Lib_Math.c,1471 :: 		
0x12D0	0x260E      	ADDWF       R14, 1, 0
;__Lib_Math.c,1473 :: 		
UOK22LC:
;__Lib_Math.c,1474 :: 		
0x12D2	0x3601      	RLCF        R1, 1, 0
;__Lib_Math.c,1476 :: 		
0x12D4	0x2E0C      	DECFSZ      R12, 1, 0
;__Lib_Math.c,1477 :: 		
0x12D6	0xD7D1      	BRA         LOOPU3232C
;__Lib_Math.c,1479 :: 		
0x12D8	0x3400      	RLCF        R0, 0, 0
;__Lib_Math.c,1480 :: 		
0x12DA	0x3608      	RLCF        R8, 1, 0
;__Lib_Math.c,1481 :: 		
0x12DC	0x3609      	RLCF        R9, 1, 0
;__Lib_Math.c,1482 :: 		
0x12DE	0x360A      	RLCF        R10, 1, 0
;__Lib_Math.c,1483 :: 		
0x12E0	0x360B      	RLCF        R11, 1, 0
;__Lib_Math.c,1484 :: 		
0x12E2	0x360E      	RLCF        R14, 1, 0
;__Lib_Math.c,1485 :: 		
0x12E4	0x5004      	MOVF        R4, 0, 0
;__Lib_Math.c,1486 :: 		
0x12E6	0xA001      	BTFSS       R1, 0, 0
;__Lib_Math.c,1487 :: 		
0x12E8	0xD012      	BRA         UADD22L24
;__Lib_Math.c,1489 :: 		
0x12EA	0x5E08      	SUBWF       R8, 1, 0
;__Lib_Math.c,1490 :: 		
0x12EC	0x5005      	MOVF        R5, 0, 0
;__Lib_Math.c,1491 :: 		
0x12EE	0xA0D8      	BTFSS       STATUS, 0, 0
;__Lib_Math.c,1492 :: 		
0x12F0	0x3C05      	INCFSZ      R5, 0, 0
;__Lib_Math.c,1493 :: 		
0x12F2	0x5E09      	SUBWF       R9, 1, 0
;__Lib_Math.c,1494 :: 		
0x12F4	0x5006      	MOVF        R6, 0, 0
;__Lib_Math.c,1495 :: 		
0x12F6	0xA0D8      	BTFSS       STATUS, 0, 0
;__Lib_Math.c,1496 :: 		
0x12F8	0x3C06      	INCFSZ      R6, 0, 0
;__Lib_Math.c,1497 :: 		
0x12FA	0x5E0A      	SUBWF       R10, 1, 0
;__Lib_Math.c,1498 :: 		
0x12FC	0x5007      	MOVF        R7, 0, 0
;__Lib_Math.c,1499 :: 		
0x12FE	0xA0D8      	BTFSS       STATUS, 0, 0
;__Lib_Math.c,1500 :: 		
0x1300	0x3C07      	INCFSZ      R7, 0, 0
;__Lib_Math.c,1501 :: 		
0x1302	0x5E0B      	SUBWF       R11, 1, 0
;__Lib_Math.c,1502 :: 		
0x1304	0x6AE8      	CLRF        WREG, 0
;__Lib_Math.c,1503 :: 		
0x1306	0xA0D8      	BTFSS       STATUS, 0, 0
;__Lib_Math.c,1504 :: 		
0x1308	0x0E01      	MOVLW       1
;__Lib_Math.c,1505 :: 		
0x130A	0x5E0E      	SUBWF       R14, 1, 0
;__Lib_Math.c,1506 :: 		
0x130C	0xD011      	BRA         UOK22L24
;__Lib_Math.c,1508 :: 		
UADD22L24:
;__Lib_Math.c,1509 :: 		
0x130E	0x2608      	ADDWF       R8, 1, 0
;__Lib_Math.c,1510 :: 		
0x1310	0x5005      	MOVF        R5, 0, 0
;__Lib_Math.c,1511 :: 		
0x1312	0xB0D8      	BTFSC       STATUS, 0, 0
;__Lib_Math.c,1512 :: 		
0x1314	0x3C05      	INCFSZ      R5, 0, 0
;__Lib_Math.c,1513 :: 		
0x1316	0x2609      	ADDWF       R9, 1, 0
;__Lib_Math.c,1514 :: 		
0x1318	0x5006      	MOVF        R6, 0, 0
;__Lib_Math.c,1515 :: 		
0x131A	0xB0D8      	BTFSC       STATUS, 0, 0
;__Lib_Math.c,1516 :: 		
0x131C	0x3C06      	INCFSZ      R6, 0, 0
;__Lib_Math.c,1517 :: 		
0x131E	0x260A      	ADDWF       R10, 1, 0
;__Lib_Math.c,1518 :: 		
0x1320	0x5007      	MOVF        R7, 0, 0
;__Lib_Math.c,1519 :: 		
0x1322	0xB0D8      	BTFSC       STATUS, 0, 0
;__Lib_Math.c,1520 :: 		
0x1324	0x3C07      	INCFSZ      R7, 0, 0
;__Lib_Math.c,1521 :: 		
0x1326	0x260B      	ADDWF       R11, 1, 0
;__Lib_Math.c,1522 :: 		
0x1328	0x6AE8      	CLRF        WREG, 0
;__Lib_Math.c,1523 :: 		
0x132A	0xB0D8      	BTFSC       STATUS, 0, 0
;__Lib_Math.c,1524 :: 		
0x132C	0x0E01      	MOVLW       1
;__Lib_Math.c,1525 :: 		
0x132E	0x260E      	ADDWF       R14, 1, 0
;__Lib_Math.c,1527 :: 		
UOK22L24:
;__Lib_Math.c,1528 :: 		
0x1330	0x3600      	RLCF        R0, 1, 0
;__Lib_Math.c,1530 :: 		
0x1332	0x0E07      	MOVLW       7
;__Lib_Math.c,1531 :: 		
0x1334	0x6E0C      	MOVWF       R12, 0
;__Lib_Math.c,1533 :: 		
LOOPU3232D:
;__Lib_Math.c,1534 :: 		
0x1336	0x3400      	RLCF        R0, 0, 0
;__Lib_Math.c,1535 :: 		
0x1338	0x3608      	RLCF        R8, 1, 0
;__Lib_Math.c,1536 :: 		
0x133A	0x3609      	RLCF        R9, 1, 0
;__Lib_Math.c,1537 :: 		
0x133C	0x360A      	RLCF        R10, 1, 0
;__Lib_Math.c,1538 :: 		
0x133E	0x360B      	RLCF        R11, 1, 0
;__Lib_Math.c,1539 :: 		
0x1340	0x360E      	RLCF        R14, 1, 0
;__Lib_Math.c,1540 :: 		
0x1342	0x5004      	MOVF        R4, 0, 0
;__Lib_Math.c,1541 :: 		
0x1344	0xA000      	BTFSS       R0, 0, 0
;__Lib_Math.c,1542 :: 		
0x1346	0xD012      	BRA         UADD22LD
;__Lib_Math.c,1544 :: 		
0x1348	0x5E08      	SUBWF       R8, 1, 0
;__Lib_Math.c,1545 :: 		
0x134A	0x5005      	MOVF        R5, 0, 0
;__Lib_Math.c,1546 :: 		
0x134C	0xA0D8      	BTFSS       STATUS, 0, 0
;__Lib_Math.c,1547 :: 		
0x134E	0x3C05      	INCFSZ      R5, 0, 0
;__Lib_Math.c,1548 :: 		
0x1350	0x5E09      	SUBWF       R9, 1, 0
;__Lib_Math.c,1549 :: 		
0x1352	0x5006      	MOVF        R6, 0, 0
;__Lib_Math.c,1550 :: 		
0x1354	0xA0D8      	BTFSS       STATUS, 0, 0
;__Lib_Math.c,1551 :: 		
0x1356	0x3C06      	INCFSZ      R6, 0, 0
;__Lib_Math.c,1552 :: 		
0x1358	0x5E0A      	SUBWF       R10, 1, 0
;__Lib_Math.c,1553 :: 		
0x135A	0x5007      	MOVF        R7, 0, 0
;__Lib_Math.c,1554 :: 		
0x135C	0xA0D8      	BTFSS       STATUS, 0, 0
;__Lib_Math.c,1555 :: 		
0x135E	0x3C07      	INCFSZ      R7, 0, 0
;__Lib_Math.c,1556 :: 		
0x1360	0x5E0B      	SUBWF       R11, 1, 0
;__Lib_Math.c,1557 :: 		
0x1362	0x6AE8      	CLRF        WREG, 0
;__Lib_Math.c,1558 :: 		
0x1364	0xA0D8      	BTFSS       STATUS, 0, 0
;__Lib_Math.c,1559 :: 		
0x1366	0x0E01      	MOVLW       1
;__Lib_Math.c,1560 :: 		
0x1368	0x5E0E      	SUBWF       R14, 1, 0
;__Lib_Math.c,1561 :: 		
0x136A	0xD011      	BRA         UOK22LD
;__Lib_Math.c,1563 :: 		
UADD22LD:
;__Lib_Math.c,1564 :: 		
0x136C	0x2608      	ADDWF       R8, 1, 0
;__Lib_Math.c,1565 :: 		
0x136E	0x5005      	MOVF        R5, 0, 0
;__Lib_Math.c,1566 :: 		
0x1370	0xB0D8      	BTFSC       STATUS, 0, 0
;__Lib_Math.c,1567 :: 		
0x1372	0x3C05      	INCFSZ      R5, 0, 0
;__Lib_Math.c,1568 :: 		
0x1374	0x2609      	ADDWF       R9, 1, 0
;__Lib_Math.c,1569 :: 		
0x1376	0x5006      	MOVF        R6, 0, 0
;__Lib_Math.c,1570 :: 		
0x1378	0xB0D8      	BTFSC       STATUS, 0, 0
;__Lib_Math.c,1571 :: 		
0x137A	0x3C06      	INCFSZ      R6, 0, 0
;__Lib_Math.c,1572 :: 		
0x137C	0x260A      	ADDWF       R10, 1, 0
;__Lib_Math.c,1573 :: 		
0x137E	0x5007      	MOVF        R7, 0, 0
;__Lib_Math.c,1574 :: 		
0x1380	0xB0D8      	BTFSC       STATUS, 0, 0
;__Lib_Math.c,1575 :: 		
0x1382	0x3C07      	INCFSZ      R7, 0, 0
;__Lib_Math.c,1576 :: 		
0x1384	0x260B      	ADDWF       R11, 1, 0
;__Lib_Math.c,1577 :: 		
0x1386	0x6AE8      	CLRF        WREG, 0
;__Lib_Math.c,1578 :: 		
0x1388	0xB0D8      	BTFSC       STATUS, 0, 0
;__Lib_Math.c,1579 :: 		
0x138A	0x0E01      	MOVLW       1
;__Lib_Math.c,1580 :: 		
0x138C	0x260E      	ADDWF       R14, 1, 0
;__Lib_Math.c,1582 :: 		
UOK22LD:
;__Lib_Math.c,1583 :: 		
0x138E	0x3600      	RLCF        R0, 1, 0
;__Lib_Math.c,1585 :: 		
0x1390	0x2E0C      	DECFSZ      R12, 1, 0
;__Lib_Math.c,1586 :: 		
0x1392	0xD7D1      	BRA         LOOPU3232D
;__Lib_Math.c,1588 :: 		
0x1394	0xB000      	BTFSC       R0, 0, 0
;__Lib_Math.c,1589 :: 		
0x1396	0xD00E      	BRA         UOK22L
;__Lib_Math.c,1590 :: 		
0x1398	0x5004      	MOVF        R4, 0, 0
;__Lib_Math.c,1591 :: 		
0x139A	0x2608      	ADDWF       R8, 1, 0
;__Lib_Math.c,1592 :: 		
0x139C	0x5005      	MOVF        R5, 0, 0
;__Lib_Math.c,1593 :: 		
0x139E	0xB0D8      	BTFSC       STATUS, 0, 0
;__Lib_Math.c,1594 :: 		
0x13A0	0x3C05      	INCFSZ      R5, 0, 0
;__Lib_Math.c,1595 :: 		
0x13A2	0x2609      	ADDWF       R9, 1, 0
;__Lib_Math.c,1596 :: 		
0x13A4	0x5006      	MOVF        R6, 0, 0
;__Lib_Math.c,1597 :: 		
0x13A6	0xB0D8      	BTFSC       STATUS, 0, 0
;__Lib_Math.c,1598 :: 		
0x13A8	0x3C06      	INCFSZ      R6, 0, 0
;__Lib_Math.c,1599 :: 		
0x13AA	0x260A      	ADDWF       R10, 1, 0
;__Lib_Math.c,1600 :: 		
0x13AC	0x5007      	MOVF        R7, 0, 0
;__Lib_Math.c,1601 :: 		
0x13AE	0xB0D8      	BTFSC       STATUS, 0, 0
;__Lib_Math.c,1602 :: 		
0x13B0	0x3C07      	INCFSZ      R7, 0, 0
;__Lib_Math.c,1603 :: 		
0x13B2	0x260B      	ADDWF       R11, 1, 0
;__Lib_Math.c,1605 :: 		
UOK22L:
;__Lib_Math.c,1607 :: 		
L_end_Div_32x32_U:
0x13B4	0x0012      	RETURN      0
; end of _Div_32x32_U
_Delay_Cyc:
;__Lib_Delays.c,105 :: 		void Delay_Cyc(char cycles_div_by_10)  { // Cycles_div_by_10: min 3, max 255
;__Lib_Delays.c,106 :: 		--cycles_div_by_10;
0x13B6	0x062B      	DECF        FARG_Delay_Cyc_cycles_div_by_10, 1 
;__Lib_Delays.c,107 :: 		--cycles_div_by_10;
0x13B8	0x062B      	DECF        FARG_Delay_Cyc_cycles_div_by_10, 1 
;__Lib_Delays.c,108 :: 		while (cycles_div_by_10-- > 0) {
L_Delay_Cyc22:
0x13BA	0xF001C02B  	MOVFF       FARG_Delay_Cyc_cycles_div_by_10, R1
0x13BE	0x062B      	DECF        FARG_Delay_Cyc_cycles_div_by_10, 1 
0x13C0	0x5001      	MOVF        R1, 0 
0x13C2	0x0800      	SUBLW       0
0x13C4	0xE203      	BC          L_Delay_Cyc23
;__Lib_Delays.c,110 :: 		NOP
0x13C6	0x0000      	NOP
;__Lib_Delays.c,111 :: 		NOP
0x13C8	0x0000      	NOP
;__Lib_Delays.c,113 :: 		}
0x13CA	0xD7F7      	BRA         L_Delay_Cyc22
L_Delay_Cyc23:
;__Lib_Delays.c,115 :: 		NOP
0x13CC	0x0000      	NOP
;__Lib_Delays.c,116 :: 		NOP
0x13CE	0x0000      	NOP
;__Lib_Delays.c,117 :: 		NOP
0x13D0	0x0000      	NOP
;__Lib_Delays.c,118 :: 		NOP
0x13D2	0x0000      	NOP
;__Lib_Delays.c,119 :: 		NOP
0x13D4	0x0000      	NOP
;__Lib_Delays.c,121 :: 		}
L_end_Delay_Cyc:
0x13D6	0x0012      	RETURN      0
; end of _Delay_Cyc
_Div_16X16_U:
;__Lib_Math.c,102 :: 		
;__Lib_Math.c,109 :: 		
0x13D8	0x6A08      	CLRF        R8, 0
;__Lib_Math.c,110 :: 		
0x13DA	0x6A09      	CLRF        R9, 0
;__Lib_Math.c,111 :: 		
0x13DC	0x0E10      	MOVLW       16
;__Lib_Math.c,112 :: 		
0x13DE	0x6E0C      	MOVWF       R12, 0
;__Lib_Math.c,113 :: 		
0x13E0	0x3401      	RLCF        R1, 0, 0
;__Lib_Math.c,114 :: 		
0x13E2	0x3608      	RLCF        R8, 1, 0
;__Lib_Math.c,115 :: 		
0x13E4	0x3609      	RLCF        R9, 1, 0
;__Lib_Math.c,116 :: 		
0x13E6	0x5004      	MOVF        R4, 0, 0
;__Lib_Math.c,117 :: 		
0x13E8	0x5E08      	SUBWF       R8, 1, 0
;__Lib_Math.c,118 :: 		
0x13EA	0x5005      	MOVF        R5, 0, 0
;__Lib_Math.c,119 :: 		
0x13EC	0xA0D8      	BTFSS       STATUS, 0, 0
;__Lib_Math.c,120 :: 		
0x13EE	0x3C05      	INCFSZ      R5, 0, 0
;__Lib_Math.c,121 :: 		
0x13F0	0x5E09      	SUBWF       R9, 1, 0
;__Lib_Math.c,122 :: 		
0x13F2	0xB0D8      	BTFSC       STATUS, 0, 0
;__Lib_Math.c,123 :: 		
0x13F4	0xD007      	BRA         $+16
;__Lib_Math.c,124 :: 		
0x13F6	0x5004      	MOVF        R4, 0, 0
;__Lib_Math.c,125 :: 		
0x13F8	0x2608      	ADDWF       R8, 1, 0
;__Lib_Math.c,126 :: 		
0x13FA	0x5005      	MOVF        R5, 0, 0
;__Lib_Math.c,127 :: 		
0x13FC	0xB0D8      	BTFSC       STATUS, 0, 0
;__Lib_Math.c,128 :: 		
0x13FE	0x3C05      	INCFSZ      R5, 0, 0
;__Lib_Math.c,129 :: 		
0x1400	0x2609      	ADDWF       R9, 1, 0
;__Lib_Math.c,130 :: 		
0x1402	0x90D8      	BCF         STATUS, 0, 0
;__Lib_Math.c,131 :: 		
0x1404	0x3600      	RLCF        R0, 1, 0
;__Lib_Math.c,132 :: 		
0x1406	0x3601      	RLCF        R1, 1, 0
;__Lib_Math.c,133 :: 		
0x1408	0x2E0C      	DECFSZ      R12, 1, 0
;__Lib_Math.c,134 :: 		
0x140A	0xD7EA      	BRA         $-42
;__Lib_Math.c,136 :: 		
L_end_Div_16X16_U:
0x140C	0x0012      	RETURN      0
; end of _Div_16X16_U
_Mul_32x32_U:
;__Lib_Math.c,1616 :: 		
;__Lib_Math.c,1631 :: 		
0x140E	0x0E22      	MOVLW       34
;__Lib_Math.c,1632 :: 		
0x1410	0x6E0C      	MOVWF       R12, 0
;__Lib_Math.c,1633 :: 		
0x1412	0x6A08      	CLRF        R8, 0
;__Lib_Math.c,1634 :: 		
0x1414	0x6A09      	CLRF        R9, 0
;__Lib_Math.c,1635 :: 		
0x1416	0x6A0A      	CLRF        R10, 0
;__Lib_Math.c,1636 :: 		
0x1418	0x6A0B      	CLRF        R11, 0
;__Lib_Math.c,1638 :: 		
_NEXT:
;__Lib_Math.c,1642 :: 		
0x141A	0x060C      	DECF        R12, 1, 0
;__Lib_Math.c,1643 :: 		
0x141C	0xB4D8      	BTFSC       STATUS, 2, 0
;__Lib_Math.c,1644 :: 		
0x141E	0xD01F      	BRA         _EXIT2
;__Lib_Math.c,1645 :: 		
0x1420	0x90D8      	BCF         STATUS, 0, 0
;__Lib_Math.c,1647 :: 		
_LOOP:
;__Lib_Math.c,1656 :: 		
0x1422	0x320B      	RRCF        R11, 1, 0
;__Lib_Math.c,1657 :: 		
0x1424	0x320A      	RRCF        R10, 1, 0
;__Lib_Math.c,1658 :: 		
0x1426	0x3209      	RRCF        R9, 1, 0
;__Lib_Math.c,1659 :: 		
0x1428	0x3208      	RRCF        R8, 1, 0
;__Lib_Math.c,1660 :: 		
0x142A	0x3203      	RRCF        R3, 1, 0
;__Lib_Math.c,1661 :: 		
0x142C	0x3202      	RRCF        R2, 1, 0
;__Lib_Math.c,1662 :: 		
0x142E	0x3201      	RRCF        R1, 1, 0
;__Lib_Math.c,1663 :: 		
0x1430	0x3200      	RRCF        R0, 1, 0
;__Lib_Math.c,1668 :: 		
0x1432	0xA0D8      	BTFSS       STATUS, 0, 0
;__Lib_Math.c,1669 :: 		
0x1434	0xD7F2      	BRA         _NEXT
;__Lib_Math.c,1670 :: 		
0x1436	0x060C      	DECF        R12, 1, 0
;__Lib_Math.c,1671 :: 		
0x1438	0xB4D8      	BTFSC       STATUS, 2, 0
;__Lib_Math.c,1672 :: 		
0x143A	0xD009      	BRA         _EXIT1
;__Lib_Math.c,1679 :: 		
0x143C	0x5004      	MOVF        R4, 0, 0
;__Lib_Math.c,1680 :: 		
0x143E	0x2608      	ADDWF       R8, 1, 0
;__Lib_Math.c,1681 :: 		
0x1440	0x5005      	MOVF        R5, 0, 0
;__Lib_Math.c,1684 :: 		
0x1442	0x2209      	ADDWFC      R9, 1, 0
;__Lib_Math.c,1685 :: 		
0x1444	0x5006      	MOVF        R6, 0, 0
;__Lib_Math.c,1688 :: 		
0x1446	0x220A      	ADDWFC      R10, 1, 0
;__Lib_Math.c,1689 :: 		
0x1448	0x5007      	MOVF        R7, 0, 0
;__Lib_Math.c,1692 :: 		
0x144A	0x220B      	ADDWFC      R11, 1, 0
;__Lib_Math.c,1694 :: 		
0x144C	0xD7EA      	BRA         _LOOP
;__Lib_Math.c,1696 :: 		
_EXIT1:
;__Lib_Math.c,1701 :: 		
0x144E	0x5004      	MOVF        R4, 0, 0
;__Lib_Math.c,1702 :: 		
0x1450	0x2608      	ADDWF       R8, 1, 0
;__Lib_Math.c,1703 :: 		
0x1452	0x5005      	MOVF        R5, 0, 0
;__Lib_Math.c,1706 :: 		
0x1454	0x2209      	ADDWFC      R9, 1, 0
;__Lib_Math.c,1707 :: 		
0x1456	0x5006      	MOVF        R6, 0, 0
;__Lib_Math.c,1710 :: 		
0x1458	0x220A      	ADDWFC      R10, 1, 0
;__Lib_Math.c,1711 :: 		
0x145A	0x5007      	MOVF        R7, 0, 0
;__Lib_Math.c,1714 :: 		
0x145C	0x220B      	ADDWFC      R11, 1, 0
;__Lib_Math.c,1717 :: 		
_EXIT2:
;__Lib_Math.c,1719 :: 		
L_end_Mul_32x32_U:
0x145E	0x0012      	RETURN      0
; end of _Mul_32x32_U
_Sound_Init:
;__Lib_Sound.c,9 :: 		
;__Lib_Sound.c,11 :: 		
0x1460	0xF01BC01F  	MOVFF       FARG_Sound_Init_snd_port, __Lib_Sound_soundPortAddr
0x1464	0xF01CC020  	MOVFF       FARG_Sound_Init_snd_port+1, __Lib_Sound_soundPortAddr+1
;__Lib_Sound.c,13 :: 		
0x1468	0xF001C021  	MOVFF       FARG_Sound_Init_snd_pin, R1
0x146C	0x0E01      	MOVLW       1
0x146E	0x6E00      	MOVWF       R0 
0x1470	0x5001      	MOVF        R1, 0 
L__Sound_Init12:
0x1472	0xE004      	BZ          L__Sound_Init13
0x1474	0x3600      	RLCF        R0, 1 
0x1476	0x9000      	BCF         R0, 0 
0x1478	0x0FFF      	ADDLW       255
0x147A	0xD7FB      	BRA         L__Sound_Init12
L__Sound_Init13:
0x147C	0xF01EC000  	MOVFF       R0, __Lib_Sound_pinMask1
;__Lib_Sound.c,14 :: 		
0x1480	0x1E00      	COMF        R0, 1 
0x1482	0xF01DC000  	MOVFF       R0, __Lib_Sound_pinMask0
;__Lib_Sound.c,18 :: 		
0x1486	0x0E12      	MOVLW       18
0x1488	0x241F      	ADDWF       FARG_Sound_Init_snd_port, 0 
0x148A	0x6EE9      	MOVWF       FSR0L 
0x148C	0x0E00      	MOVLW       0
0x148E	0x2020      	ADDWFC      FARG_Sound_Init_snd_port+1, 0 
0x1490	0x6EEA      	MOVWF       FSR0H 
;__Lib_Sound.c,19 :: 		
0x1492	0x5000      	MOVF        R0, 0 
0x1494	0x16EF      	ANDWF       INDF0, 1 
;__Lib_Sound.c,21 :: 		
0x1496	0x0E12      	MOVLW       18
0x1498	0x5EE9      	SUBWF       FSR0L, 1 
;__Lib_Sound.c,22 :: 		
0x149A	0x5000      	MOVF        R0, 0 
0x149C	0x16EF      	ANDWF       INDF0, 1 
;__Lib_Sound.c,23 :: 		
L_end_Sound_Init:
0x149E	0x0012      	RETURN      0
; end of _Sound_Init
_Sound_Play:
;__Lib_Sound.c,26 :: 		
;__Lib_Sound.c,30 :: 		
0x14A0	0xDE0C      	RCALL       _Get_Fosc_kHz
0x14A2	0x0EE8      	MOVLW       232
0x14A4	0x6E04      	MOVWF       R4 
0x14A6	0x0E03      	MOVLW       3
0x14A8	0x6E05      	MOVWF       R5 
0x14AA	0x0E00      	MOVLW       0
0x14AC	0x6E06      	MOVWF       R6 
0x14AE	0x6E07      	MOVWF       R7 
0x14B0	0xDFAE      	RCALL       _Mul_32x32_U
0x14B2	0xF027C000  	MOVFF       R0, Sound_Play_per_nc_L0
0x14B6	0xF028C001  	MOVFF       R1, Sound_Play_per_nc_L0+1
0x14BA	0xF029C002  	MOVFF       R2, Sound_Play_per_nc_L0+2
0x14BE	0xF02AC003  	MOVFF       R3, Sound_Play_per_nc_L0+3
;__Lib_Sound.c,31 :: 		
0x14C2	0xF004C01F  	MOVFF       FARG_Sound_Play_freq_in_hz, R4
0x14C6	0xF005C020  	MOVFF       FARG_Sound_Play_freq_in_hz+1, R5
0x14CA	0x0E00      	MOVLW       0
0x14CC	0x6E06      	MOVWF       R6 
0x14CE	0x6E07      	MOVWF       R7 
0x14D0	0xDDFC      	RCALL       _Div_32x32_U
0x14D2	0xF027C000  	MOVFF       R0, Sound_Play_per_nc_L0
0x14D6	0xF028C001  	MOVFF       R1, Sound_Play_per_nc_L0+1
0x14DA	0xF029C002  	MOVFF       R2, Sound_Play_per_nc_L0+2
0x14DE	0xF02AC003  	MOVFF       R3, Sound_Play_per_nc_L0+3
;__Lib_Sound.c,32 :: 		
0x14E2	0xF005C000  	MOVFF       R0, R5
0x14E6	0xF006C001  	MOVFF       R1, R6
0x14EA	0xF007C002  	MOVFF       R2, R7
0x14EE	0xF008C003  	MOVFF       R3, R8
0x14F2	0x3208      	RRCF        R8, 1 
0x14F4	0x3207      	RRCF        R7, 1 
0x14F6	0x3206      	RRCF        R6, 1 
0x14F8	0x3205      	RRCF        R5, 1 
0x14FA	0x9E08      	BCF         R8, 7 
0x14FC	0x3208      	RRCF        R8, 1 
0x14FE	0x3207      	RRCF        R7, 1 
0x1500	0x3206      	RRCF        R6, 1 
0x1502	0x3205      	RRCF        R5, 1 
0x1504	0x9E08      	BCF         R8, 7 
0x1506	0xF000C005  	MOVFF       R5, R0
0x150A	0xF001C006  	MOVFF       R6, R1
0x150E	0xF002C007  	MOVFF       R7, R2
0x1512	0xF003C008  	MOVFF       R8, R3
0x1516	0x3203      	RRCF        R3, 1 
0x1518	0x3202      	RRCF        R2, 1 
0x151A	0x3201      	RRCF        R1, 1 
0x151C	0x3200      	RRCF        R0, 1 
0x151E	0x9E03      	BCF         R3, 7 
0x1520	0xF023C000  	MOVFF       R0, Sound_Play_nc_L0
0x1524	0xF024C001  	MOVFF       R1, Sound_Play_nc_L0+1
;__Lib_Sound.c,35 :: 		
0x1528	0xDDC8      	RCALL       _Get_Fosc_kHz
0x152A	0xF004C021  	MOVFF       FARG_Sound_Play_duration_ms, R4
0x152E	0xF005C022  	MOVFF       FARG_Sound_Play_duration_ms+1, R5
0x1532	0x0E00      	MOVLW       0
0x1534	0x6E06      	MOVWF       R6 
0x1536	0x6E07      	MOVWF       R7 
0x1538	0xDF6A      	RCALL       _Mul_32x32_U
0x153A	0xF009C023  	MOVFF       Sound_Play_nc_L0, R9
0x153E	0xF00AC024  	MOVFF       Sound_Play_nc_L0+1, R10
0x1542	0x0E00      	MOVLW       0
0x1544	0x6E0B      	MOVWF       R11 
0x1546	0x6E0C      	MOVWF       R12 
0x1548	0x0E03      	MOVLW       3
0x154A	0x6E08      	MOVWF       R8 
0x154C	0xF004C009  	MOVFF       R9, R4
0x1550	0xF005C00A  	MOVFF       R10, R5
0x1554	0xF006C00B  	MOVFF       R11, R6
0x1558	0xF007C00C  	MOVFF       R12, R7
0x155C	0x5008      	MOVF        R8, 0 
L__Sound_Play15:
0x155E	0xE007      	BZ          L__Sound_Play16
0x1560	0x3604      	RLCF        R4, 1 
0x1562	0x9004      	BCF         R4, 0 
0x1564	0x3605      	RLCF        R5, 1 
0x1566	0x3606      	RLCF        R6, 1 
0x1568	0x3607      	RLCF        R7, 1 
0x156A	0x0FFF      	ADDLW       255
0x156C	0xD7F8      	BRA         L__Sound_Play15
L__Sound_Play16:
0x156E	0xDDAD      	RCALL       _Div_32x32_U
0x1570	0xF027C000  	MOVFF       R0, Sound_Play_per_nc_L0
0x1574	0xF028C001  	MOVFF       R1, Sound_Play_per_nc_L0+1
0x1578	0xF029C002  	MOVFF       R2, Sound_Play_per_nc_L0+2
0x157C	0xF02AC003  	MOVFF       R3, Sound_Play_per_nc_L0+3
;__Lib_Sound.c,37 :: 		
0x1580	0x0E0A      	MOVLW       10
0x1582	0x6E04      	MOVWF       R4 
0x1584	0x0E00      	MOVLW       0
0x1586	0x6E05      	MOVWF       R5 
0x1588	0xF000C023  	MOVFF       Sound_Play_nc_L0, R0
0x158C	0xF001C024  	MOVFF       Sound_Play_nc_L0+1, R1
0x1590	0xDF23      	RCALL       _Div_16X16_U
0x1592	0xF023C000  	MOVFF       R0, Sound_Play_nc_L0
0x1596	0xF024C001  	MOVFF       R1, Sound_Play_nc_L0+1
;__Lib_Sound.c,38 :: 		
0x159A	0x0E00      	MOVLW       0
0x159C	0x5C01      	SUBWF       R1, 0 
0x159E	0xE102      	BNZ         L__Sound_Play17
0x15A0	0x0E03      	MOVLW       3
0x15A2	0x5C00      	SUBWF       R0, 0 
L__Sound_Play17:
0x15A4	0xE201      	BC          L_Sound_Play0
0x15A6	0xD041      	BRA         L_end_Sound_Play
L_Sound_Play0:
;__Lib_Sound.c,39 :: 		
0x15A8	0xFFE9C01B  	MOVFF       __Lib_Sound_soundPortAddr, FSR0L
0x15AC	0xFFEAC01C  	MOVFF       __Lib_Sound_soundPortAddr+1, FSR0H
;__Lib_Sound.c,40 :: 		
L_Sound_Play1:
0x15B0	0x502A      	MOVF        Sound_Play_per_nc_L0+3, 0 
0x15B2	0x0800      	SUBLW       0
0x15B4	0xE108      	BNZ         L__Sound_Play18
0x15B6	0x5029      	MOVF        Sound_Play_per_nc_L0+2, 0 
0x15B8	0x0800      	SUBLW       0
0x15BA	0xE105      	BNZ         L__Sound_Play18
0x15BC	0x5028      	MOVF        Sound_Play_per_nc_L0+1, 0 
0x15BE	0x0800      	SUBLW       0
0x15C0	0xE102      	BNZ         L__Sound_Play18
0x15C2	0x5027      	MOVF        Sound_Play_per_nc_L0, 0 
0x15C4	0x0800      	SUBLW       0
L__Sound_Play18:
0x15C6	0xE22F      	BC          L_Sound_Play2
;__Lib_Sound.c,42 :: 		
0x15C8	0x501E      	MOVF        __Lib_Sound_pinMask1, 0 
0x15CA	0x12EF      	IORWF       INDF0, 1 
;__Lib_Sound.c,44 :: 		
0x15CC	0x5224      	MOVF        Sound_Play_nc_L0+1, 1 
0x15CE	0xE00D      	BZ          L_Sound_Play3
;__Lib_Sound.c,45 :: 		
0x15D0	0x6A25      	CLRF        Sound_Play_i_L0 
0x15D2	0x6A26      	CLRF        Sound_Play_i_L0+1 
L_Sound_Play4:
0x15D4	0x0E00      	MOVLW       0
0x15D6	0x5C26      	SUBWF       Sound_Play_i_L0+1, 0 
0x15D8	0xE102      	BNZ         L__Sound_Play19
0x15DA	0x5024      	MOVF        Sound_Play_nc_L0+1, 0 
0x15DC	0x5C25      	SUBWF       Sound_Play_i_L0, 0 
L__Sound_Play19:
0x15DE	0xE205      	BC          L_Sound_Play5
;__Lib_Sound.c,46 :: 		
0x15E0	0x6A2B      	CLRF        FARG_Delay_Cyc_cycles_div_by_10 
0x15E2	0xDEE9      	RCALL       _Delay_Cyc
;__Lib_Sound.c,45 :: 		
0x15E4	0x4A25      	INFSNZ      Sound_Play_i_L0, 1 
0x15E6	0x2A26      	INCF        Sound_Play_i_L0+1, 1 
;__Lib_Sound.c,47 :: 		
0x15E8	0xD7F5      	BRA         L_Sound_Play4
L_Sound_Play5:
;__Lib_Sound.c,48 :: 		
L_Sound_Play3:
;__Lib_Sound.c,49 :: 		
0x15EA	0xF02BC023  	MOVFF       Sound_Play_nc_L0, FARG_Delay_Cyc_cycles_div_by_10
0x15EE	0xDEE3      	RCALL       _Delay_Cyc
;__Lib_Sound.c,52 :: 		
0x15F0	0x501D      	MOVF        __Lib_Sound_pinMask0, 0 
0x15F2	0x16EF      	ANDWF       INDF0, 1 
;__Lib_Sound.c,54 :: 		
0x15F4	0x5224      	MOVF        Sound_Play_nc_L0+1, 1 
0x15F6	0xE00D      	BZ          L_Sound_Play7
;__Lib_Sound.c,55 :: 		
0x15F8	0x6A25      	CLRF        Sound_Play_i_L0 
0x15FA	0x6A26      	CLRF        Sound_Play_i_L0+1 
L_Sound_Play8:
0x15FC	0x0E00      	MOVLW       0
0x15FE	0x5C26      	SUBWF       Sound_Play_i_L0+1, 0 
0x1600	0xE102      	BNZ         L__Sound_Play20
0x1602	0x5024      	MOVF        Sound_Play_nc_L0+1, 0 
0x1604	0x5C25      	SUBWF       Sound_Play_i_L0, 0 
L__Sound_Play20:
0x1606	0xE205      	BC          L_Sound_Play9
;__Lib_Sound.c,56 :: 		
0x1608	0x6A2B      	CLRF        FARG_Delay_Cyc_cycles_div_by_10 
0x160A	0xDED5      	RCALL       _Delay_Cyc
;__Lib_Sound.c,55 :: 		
0x160C	0x4A25      	INFSNZ      Sound_Play_i_L0, 1 
0x160E	0x2A26      	INCF        Sound_Play_i_L0+1, 1 
;__Lib_Sound.c,57 :: 		
0x1610	0xD7F5      	BRA         L_Sound_Play8
L_Sound_Play9:
;__Lib_Sound.c,58 :: 		
L_Sound_Play7:
;__Lib_Sound.c,59 :: 		
0x1612	0xF02BC023  	MOVFF       Sound_Play_nc_L0, FARG_Delay_Cyc_cycles_div_by_10
0x1616	0xDECF      	RCALL       _Delay_Cyc
;__Lib_Sound.c,61 :: 		
0x1618	0x0E01      	MOVLW       1
0x161A	0x5E27      	SUBWF       Sound_Play_per_nc_L0, 1 
0x161C	0x0E00      	MOVLW       0
0x161E	0x5A28      	SUBWFB      Sound_Play_per_nc_L0+1, 1 
0x1620	0x5A29      	SUBWFB      Sound_Play_per_nc_L0+2, 1 
0x1622	0x5A2A      	SUBWFB      Sound_Play_per_nc_L0+3, 1 
;__Lib_Sound.c,63 :: 		
0x1624	0xD7C5      	BRA         L_Sound_Play1
L_Sound_Play2:
;__Lib_Sound.c,64 :: 		
0x1626	0x501D      	MOVF        __Lib_Sound_pinMask0, 0 
0x1628	0x16EF      	ANDWF       INDF0, 1 
;__Lib_Sound.c,65 :: 		
L_end_Sound_Play:
0x162A	0x0012      	RETURN      0
; end of _Sound_Play
___CC2DW:
;__Lib_System.c,21 :: 		
;__Lib_System.c,23 :: 		
_CC2DL_Loop1:
;__Lib_System.c,24 :: 		
0x162C	0x0009      	TBLRD*+
;__Lib_System.c,25 :: 		
0x162E	0xFFE6CFF5  	MOVFF       TABLAT, POSTINC1
;__Lib_System.c,26 :: 		
0x1632	0x0600      	DECF        R0, 1, 0
;__Lib_System.c,27 :: 		
0x1634	0xE1FB      	BNZ         _CC2DL_Loop1
;__Lib_System.c,28 :: 		
0x1636	0x0601      	DECF        R1, 1, 0
;__Lib_System.c,29 :: 		
0x1638	0xE1F9      	BNZ         _CC2DL_Loop1
;__Lib_System.c,31 :: 		
L_end___CC2DW:
0x163A	0x0012      	RETURN      0
; end of ___CC2DW
_interrupt:
;Buzzer.c,6 :: 		void interrupt()   //interrupciones de alto nivel, si se desactiva las prioridades todas las interrupciones estan aqui
0x163C	0xF01AC00B  	MOVFF       R11, 26
0x1640	0xF019C00C  	MOVFF       R12, 25
0x1644	0xF018C00D  	MOVFF       R13, 24
;Buzzer.c,8 :: 		if(INTCON.f1 == 1)  //si INT0 se activo entonces cambio el estado del led verde
0x1648	0xA2F2      	BTFSS       INTCON, 1 
0x164A	0xD010      	BRA         L_interrupt0
;Buzzer.c,10 :: 		PORTC.f1 = !PORTC.f1;
0x164C	0x7282      	BTG         PORTC, 1 
;Buzzer.c,11 :: 		delay_ms(200);
0x164E	0x0E0D      	MOVLW       13
0x1650	0x6E0B      	MOVWF       R11, 0
0x1652	0x0E2D      	MOVLW       45
0x1654	0x6E0C      	MOVWF       R12, 0
0x1656	0x0ED7      	MOVLW       215
0x1658	0x6E0D      	MOVWF       R13, 0
L_interrupt1:
0x165A	0x2E0D      	DECFSZ      R13, 1, 0
0x165C	0xD7FE      	BRA         L_interrupt1
0x165E	0x2E0C      	DECFSZ      R12, 1, 0
0x1660	0xD7FC      	BRA         L_interrupt1
0x1662	0x2E0B      	DECFSZ      R11, 1, 0
0x1664	0xD7FA      	BRA         L_interrupt1
0x1666	0x0000      	NOP
0x1668	0x0000      	NOP
;Buzzer.c,12 :: 		INTCON.f1 = 0; //limpio la bandera de INT0, no hacerlo evitara que se active la interrupcion de nuevo
0x166A	0x92F2      	BCF         INTCON, 1 
;Buzzer.c,13 :: 		}
L_interrupt0:
;Buzzer.c,14 :: 		}
L_end_interrupt:
L__interrupt8:
0x166C	0xF00BC01A  	MOVFF       26, R11
0x1670	0xF00CC019  	MOVFF       25, R12
0x1674	0xF00DC018  	MOVFF       24, R13
0x1678	0x0011      	RETFIE      1
; end of _interrupt
_interrupt_low:
0x167A	0x6E15      	MOVWF       ___Low_saveWREG 
0x167C	0xF016CFD8  	MOVFF       STATUS, ___Low_saveSTATUS
0x1680	0xF017CFE0  	MOVFF       BSR, ___Low_saveBSR
;Buzzer.c,16 :: 		void interrupt_low()//interrupciones de bajo nivel
;Buzzer.c,19 :: 		}
L_end_interrupt_low:
L__interrupt_low10:
0x1684	0x5017      	MOVF        ___Low_saveBSR, 0 
0x1686	0x6EE0      	MOVWF       BSR 
0x1688	0x5016      	MOVF        ___Low_saveSTATUS, 0 
0x168A	0x6ED8      	MOVWF       STATUS 
0x168C	0x3A15      	SWAPF       ___Low_saveWREG, 1 
0x168E	0x3815      	SWAPF       ___Low_saveWREG, 0 
0x1690	0x0010      	RETFIE      0
; end of _interrupt_low
Symbol List:
//** Routines locations **
//ADDRESS    SIZE    PROCEDURE
//----------------------------------------------
0x1000      [30]    _bootInterrupt
0x102A     [144]    _main
0x10BA      [16]    _Get_Fosc_kHz
0x10CA     [748]    _Div_32x32_U
0x13B6      [34]    _Delay_Cyc
0x13D8      [54]    _Div_16X16_U
0x140E      [82]    _Mul_32x32_U
0x1460      [64]    _Sound_Init
0x14A0     [396]    _Sound_Play
0x162C      [16]    ___CC2DW
0x163C      [62]    _interrupt
0x167A      [24]    _interrupt_low
//** Variables locations ** 
//ADDRESS    SIZE    VARIABLE
//----------------------------------------------
0x0000       [1]    __Lib_SoftI2C_PutZerosToLATScl_temp_scl_L0
0x0000       [1]    FLASH_Erase_64_SaveINTCON_L0
0x0000       [1]    UART1_Init_tmp_L0
0x0000       [1]    EEPROM_Write_SaveINTCON_L0
0x0000       [1]    SPI1_Write_tmp_L0
0x0000       [1]    __Lib_SoftI2C_PutZerosToLATSda_temp_sda_L0
0x0000       [1]    R0
0x0001       [2]    FLASH_Read_N_Bytes_i_L0
0x0001       [1]    __Lib_TFT_JPEG_FileRead_i_L0
0x0001       [1]    ispunct_rslt_L0
0x0001       [1]    __Lib_TFT_16bit_JPEG_FileRead_i_L0
0x0001       [1]    R1
0x0001       [1]    __Lib_USB_genHID_?FLOC____Lib_USB_genHID_USB_Handle_BusyT1
0x0001       [1]    __Lib_PS2_Wait_Falling_nsample_L0
0x0001       [1]    __Lib_TFT_16bit_JPEG_FileReadBytes_Result_L0
0x0001       [1]    FLASH_Erase_Write_64_i_L0
0x0001       [1]    FLASH_Write_32_i_L0
0x0001       [1]    UART1_Read___tmp_UART1_Read_L0
0x0001       [1]    __Lib_TFT_JPEG_FileReadBytes_Result_L0
0x0001       [1]    I2C1_Rd_tmp_L0
0x0002       [2]    memcpy_dd_L0
0x0002       [1]    FLASH_Write_32_SaveINTCON_L0
0x0002       [2]    strlen_cp_L0
0x0002       [1]    FLASH_Erase_Write_64_j_L0
0x0002       [2]    memset_pp_L0
0x0002       [2]    memchr_s_L0
0x0002       [1]    R2
0x0002       [1]    __Lib_USB_genHID_USB_CtrlTrf_Rx_Service_byteToRead_L0
0x0003       [1]    MM_Init_i_L0
0x0003       [2]    Ltrim_original_L0
0x0003       [1]    R3
0x0003       [2]    memmove_tt_L0
0x0003       [1]    __Lib_USB_genHID_USB_CtrlTrf_Rx_Service_i_L0
0x0003       [2]    __Lib_USB_genHID_USB_CtrlTrf_Tx_Service_byteToSend_L0
0x0003       [2]    MM_TotalFreeMemSize_Tot_L0
0x0003       [1]    __Lib_Sprinti_?FLOC____Lib_Sprinti_Do_FillT29
0x0003       [1]    FLASH_Erase_Write_64_SaveINTCON_L0
0x0003       [2]    __Lib_MmcFat16_f16_toInt_l_L0
0x0004       [2]    strncat_cp_L0
0x0004       [2]    strcpy_cp_L0
0x0004       [1]    R4
0x0004       [1]    __Lib_USB_genHID_GetMaxIndexInDevDsc_index_L0
0x0004       [2]    __Lib_MemManager_MM_GetMemAlign_P_L0
0x0004       [2]    frexp_pom_L0
0x0004       [1]    __Lib_Sprinti_?FLOC____Lib_Sprinti_Do_FillT40
0x0004       [2]    __Lib_USB_genHID_USB_Get_Status_Handler_p_L2
0x0004       [2]    __Lib_USB_genHID_USB_Transfer_Packet_handle_L0
0x0004       [2]    strncpy_cp_L0
0x0004       [2]    strcat_cp_L0
0x0004       [2]    __Lib_USB_genHID_USB_Std_Feature_Req_Handler_p_L0
0x0004       [2]    memcpy_ss_L0
0x0005       [1]    R5
0x0005       [1]    __Lib_Sprinti_?FLOC____Lib_Sprinti_Do_FillT54
0x0005       [2]    __Lib_USB_genHID_USB_Configure_Endpoint_handle_L0
0x0005       [2]    memmove_ff_L0
0x0005       [2]    LongWordToHex_input_half_L0
0x0005       [1]    MM_TotalFreeMemSize_i_L0
0x0005       [2]    Ltrim_p_L0
0x0005       [2]    LongIntToHex_input_half_L0
0x0006       [2]    __Lib_USB_genHID_GetMaxIndexInConfigDsc_totalLen_L0
0x0006       [1]    __Lib_Sprinti_?FLOC____Lib_Sprinti_Do_FillT69
0x0006       [1]    __Lib_MemManager_MM_GetMemAlign_i_L0
0x0006       [1]    R6
0x0007       [1]    __Lib_TFT_16bit_JPEG_GenerateHuffmanTables_bLength_L0
0x0007       [1]    __Lib_TFT_JPEG_GenerateHuffmanTables_bLength_L0
0x0007       [1]    R7
0x0008       [1]    R8
0x0008       [1]    __Lib_TFT_JPEG_GenerateHuffmanTables_bTable_L0
0x0008       [3]    __Lib_USB_genHID_GetMaxIndexInConfigDsc_ptr_L0
0x0008       [1]    __Lib_TFT_16bit_JPEG_GenerateHuffmanTables_bTable_L0
0x0009       [4]    __Lib_MmcFat16_f16_toLong_l_L0
0x0009       [1]    R9
0x000A       [1]    R10
0x000B       [1]    R11
0x000C       [1]    R12
0x000D       [1]    R13
0x000E       [1]    R14
0x000F       [1]    R15
0x0010       [1]    R16
0x0011       [1]    R17
0x0012       [1]    R18
0x0013       [1]    R19
0x0014       [1]    R20
0x0015       [1]    ___Low_saveWREG
0x0016       [1]    ___Low_saveSTATUS
0x0017       [1]    ___Low_saveBSR
0x001B       [2]    __Lib_Sound_soundPortAddr
0x001D       [1]    __Lib_Sound_pinMask0
0x001E       [1]    __Lib_Sound_pinMask1
0x001F       [2]    FARG_Sound_Play_freq_in_hz
0x001F       [2]    FARG_Sound_Init_snd_port
0x0021       [2]    FARG_Sound_Play_duration_ms
0x0021       [1]    FARG_Sound_Init_snd_pin
0x0023       [2]    Sound_Play_nc_L0
0x0025       [2]    Sound_Play_i_L0
0x0027       [4]    Sound_Play_per_nc_L0
0x002B       [1]    FARG_Delay_Cyc_cycles_div_by_10
0x0F80       [1]    PORTA
0x0F81       [1]    PORTB
0x0F82       [1]    PORTC
0x0F92       [1]    TRISA
0x0F93       [1]    TRISB
0x0F94       [1]    TRISC
0x0FC1       [1]    ADCON1
0x0FD8       [1]    STATUS
0x0FD9       [1]    FSR2L
0x0FDA       [1]    FSR2H
0x0FDE       [1]    POSTINC2
0x0FE0       [1]    BSR
0x0FE1       [1]    FSR1L
0x0FE2       [1]    FSR1H
0x0FE4       [1]    PREINC1
0x0FE6       [1]    POSTINC1
0x0FE7       [1]    INDF1
0x0FE8       [1]    WREG
0x0FE9       [2]    FSR0
0x0FE9       [1]    FSR0L
0x0FEA       [1]    FSR0H
0x0FEE       [1]    POSTINC0
0x0FEF       [1]    INDF0
0x0FF1       [1]    INTCON2
0x0FF2       [1]    INTCON
0x0FF3       [1]    PRODL
0x0FF4       [1]    PRODH
0x0FF5       [1]    TABLAT
0x0FF6       [1]    TBLPTRL
0x0FF7       [1]    TBLPTRH
0x0FF8       [1]    TBLPTRU
