;  LST file generated by mikroListExporter - v.2.0 
; Date/Time: 08/10/2016 02:47:38 p.m.
;----------------------------------------------

;Address Opcode 	ASM
0x0000	0xF008EF00  	GOTO        4096
0x0004	0x0000      	NOP
0x0006	0x0000      	NOP
0x0008	0xF000EF00  	GOTO        0
0x000C	0x0000      	NOP
0x000E	0x0000      	NOP
0x0010	0x0000      	NOP
0x0012	0x0000      	NOP
0x0014	0x0000      	NOP
0x0016	0x0000      	NOP
0x0018	0xD7F3      	BRA         0
_main:
0x1000	0xF00DEC07  	CALL        6670, 0
;PingDemo.c,17 :: 		void main()  org 0x1000
;PingDemo.c,20 :: 		TRISA = 0b00000000;
0x1004	0x6A92      	CLRF        TRISA 
;PingDemo.c,21 :: 		TRISB = 0b00000001;
0x1006	0x0E01      	MOVLW       1
0x1008	0x6E93      	MOVWF       TRISB 
;PingDemo.c,22 :: 		TRISC = 0b00000001;
0x100A	0x0E01      	MOVLW       1
0x100C	0x6E94      	MOVWF       TRISC 
;PingDemo.c,23 :: 		ADCON1 = 0b00001111;
0x100E	0x0E0F      	MOVLW       15
0x1010	0x6EC1      	MOVWF       ADCON1 
;PingDemo.c,26 :: 		PORTA = 0b00000000;
0x1012	0x6A80      	CLRF        PORTA 
;PingDemo.c,27 :: 		PORTB = 0b00000000;
0x1014	0x6A81      	CLRF        PORTB 
;PingDemo.c,28 :: 		PORTC = 0b00000000;
0x1016	0x6A82      	CLRF        PORTC 
;PingDemo.c,30 :: 		UART1_Init(9600); //Abrimos el UART del microcontrolador (pines Rx y Tx de la tarjeta)
0x1018	0x86B8      	BSF         BAUDCON, 3, 0
0x101A	0x0E04      	MOVLW       4
0x101C	0x6EB0      	MOVWF       SPBRGH 
0x101E	0x0EE1      	MOVLW       225
0x1020	0x6EAF      	MOVWF       SPBRG 
0x1022	0x84AC      	BSF         TXSTA, 2, 0
0x1024	0xDA03      	RCALL       _UART1_Init
;PingDemo.c,31 :: 		delay_ms(100);
0x1026	0x0E07      	MOVLW       7
0x1028	0x6E0B      	MOVWF       R11, 0
0x102A	0x0E17      	MOVLW       23
0x102C	0x6E0C      	MOVWF       R12, 0
0x102E	0x0E6A      	MOVLW       106
0x1030	0x6E0D      	MOVWF       R13, 0
L_main0:
0x1032	0x2E0D      	DECFSZ      R13, 1, 0
0x1034	0xD7FE      	BRA         L_main0
0x1036	0x2E0C      	DECFSZ      R12, 1, 0
0x1038	0xD7FC      	BRA         L_main0
0x103A	0x2E0B      	DECFSZ      R11, 1, 0
0x103C	0xD7FA      	BRA         L_main0
0x103E	0x0000      	NOP
;PingDemo.c,33 :: 		while(1)
L_main1:
;PingDemo.c,36 :: 		x = Ping(); //llamamos a la funcion que lee el sensor y guardamos la distancia obtenida en x
0x1040	0xDA20      	RCALL       _Ping
0x1042	0xF01AC000  	MOVFF       R0, _x
0x1046	0xF01BC001  	MOVFF       R1, _x+1
0x104A	0xF01CC002  	MOVFF       R2, _x+2
0x104E	0xF01DC003  	MOVFF       R3, _x+3
;PingDemo.c,37 :: 		floattostr(x,txt); //convertimos x a una cadena de texto
0x1052	0xF06AC000  	MOVFF       R0, FARG_FloatToStr_fnum
0x1056	0xF06BC001  	MOVFF       R1, FARG_FloatToStr_fnum+1
0x105A	0xF06CC002  	MOVFF       R2, FARG_FloatToStr_fnum+2
0x105E	0xF06DC003  	MOVFF       R3, FARG_FloatToStr_fnum+3
0x1062	0x0E38      	MOVLW       main_txt_L1
0x1064	0x6F6E      	MOVWF       FARG_FloatToStr_str, 1
0x1066	0x0E00      	MOVLW       hi_addr(main_txt_L1)
0x1068	0x6F6F      	MOVWF       FARG_FloatToStr_str+1, 1
0x106A	0xDA74      	RCALL       _FloatToStr
;PingDemo.c,38 :: 		strcat(txt, " cm.");  //añadimos "cm." a la cadena
0x106C	0x0E38      	MOVLW       main_txt_L1
0x106E	0x6F6A      	MOVWF       FARG_strcat_to, 1
0x1070	0x0E00      	MOVLW       hi_addr(main_txt_L1)
0x1072	0x6F6B      	MOVWF       FARG_strcat_to+1, 1
0x1074	0x0E15      	MOVLW       ?lstr1_PingDemo
0x1076	0x6F6C      	MOVWF       FARG_strcat_from, 1
0x1078	0x0E00      	MOVLW       hi_addr(?lstr1_PingDemo)
0x107A	0x6F6D      	MOVWF       FARG_strcat_from+1, 1
0x107C	0xF00CECB3  	CALL        _strcat, 0
;PingDemo.c,39 :: 		UART1_Write_Text(txt); //enviamos la cadena de texto mediante el UART
0x1080	0x0E38      	MOVLW       main_txt_L1
0x1082	0x6F6A      	MOVWF       FARG_UART1_Write_Text_uart_text, 1
0x1084	0x0E00      	MOVLW       hi_addr(main_txt_L1)
0x1086	0x6F6B      	MOVWF       FARG_UART1_Write_Text_uart_text+1, 1
0x1088	0xF00CECE3  	CALL        _UART1_Write_Text, 0
;PingDemo.c,40 :: 		UART1_Write(10); //comando ascii nueva linea (LF)
0x108C	0x0E0A      	MOVLW       10
0x108E	0x6F78      	MOVWF       FARG_UART1_Write_data_, 1
0x1090	0xD99E      	RCALL       _UART1_Write
;PingDemo.c,41 :: 		UART1_Write(13); //comando ascii retorno de carro (CR)
0x1092	0x0E0D      	MOVLW       13
0x1094	0x0100      	MOVLB       0
0x1096	0x6F78      	MOVWF       FARG_UART1_Write_data_, 1
0x1098	0xD99A      	RCALL       _UART1_Write
;PingDemo.c,42 :: 		delay_ms(1000);
0x109A	0x0E3D      	MOVLW       61
0x109C	0x6E0B      	MOVWF       R11, 0
0x109E	0x0EE1      	MOVLW       225
0x10A0	0x6E0C      	MOVWF       R12, 0
0x10A2	0x0E3F      	MOVLW       63
0x10A4	0x6E0D      	MOVWF       R13, 0
L_main3:
0x10A6	0x2E0D      	DECFSZ      R13, 1, 0
0x10A8	0xD7FE      	BRA         L_main3
0x10AA	0x2E0C      	DECFSZ      R12, 1, 0
0x10AC	0xD7FC      	BRA         L_main3
0x10AE	0x2E0B      	DECFSZ      R11, 1, 0
0x10B0	0xD7FA      	BRA         L_main3
0x10B2	0x0000      	NOP
0x10B4	0x0000      	NOP
;PingDemo.c,43 :: 		}
0x10B6	0xD7C4      	BRA         L_main1
;PingDemo.c,44 :: 		}
L_end_main:
0x10B8	0xD7FF      	BRA         $+0
; end of _main
_FIXSIGN32:
;__Lib_MathDouble.c,117 :: 		
;__Lib_MathDouble.c,121 :: 		
0x10BA	0xAE0A      	BTFSS       R10, 7, 0
;__Lib_MathDouble.c,122 :: 		
0x10BC	0x9E02      	BCF         R2, 7, 0
;__Lib_MathDouble.c,123 :: 		
0x10BE	0x0E00      	MOVLW       0
;__Lib_MathDouble.c,125 :: 		
L_end_FIXSIGN32:
0x10C0	0x0012      	RETURN      0
; end of _FIXSIGN32
_SETFUN32:
;__Lib_MathDouble.c,144 :: 		
;__Lib_MathDouble.c,152 :: 		
0x10C2	0x840B      	BSF         R11, 2, 0
;__Lib_MathDouble.c,153 :: 		
0x10C4	0xAE0B      	BTFSS       R11, 7, 0
;__Lib_MathDouble.c,154 :: 		
0x10C6	0xF008EF6C  	GOTO        SETFUN32EEE
;__Lib_MathDouble.c,156 :: 		
0x10CA	0x0E01      	MOVLW       1
;__Lib_MathDouble.c,157 :: 		
0x10CC	0x6E03      	MOVWF       R3, 0
;__Lib_MathDouble.c,158 :: 		
0x10CE	0x6A02      	CLRF        R2, 0
;__Lib_MathDouble.c,159 :: 		
0x10D0	0x6A01      	CLRF        R1, 0
;__Lib_MathDouble.c,160 :: 		
0x10D2	0x6A00      	CLRF        R0, 0
;__Lib_MathDouble.c,161 :: 		
0x10D4	0x360A      	RLCF        R10, 1, 0
;__Lib_MathDouble.c,162 :: 		
0x10D6	0x3202      	RRCF        R2, 1, 0
;__Lib_MathDouble.c,163 :: 		
SETFUN32EEE:
;__Lib_MathDouble.c,164 :: 		
0x10D8	0x0EFF      	MOVLW       255
;__Lib_MathDouble.c,166 :: 		
L_end_SETFUN32:
0x10DA	0x0012      	RETURN      0
; end of _SETFUN32
_RES032:
;__Lib_MathDouble.c,128 :: 		
;__Lib_MathDouble.c,134 :: 		
0x10DC	0x6A02      	CLRF        R2, 0
;__Lib_MathDouble.c,135 :: 		
0x10DE	0x6A01      	CLRF        R1, 0
;__Lib_MathDouble.c,136 :: 		
0x10E0	0x6A00      	CLRF        R0, 0
;__Lib_MathDouble.c,137 :: 		
0x10E2	0x6A08      	CLRF        R8, 0
;__Lib_MathDouble.c,138 :: 		
0x10E4	0x6A03      	CLRF        R3, 0
;__Lib_MathDouble.c,139 :: 		
0x10E6	0x0E00      	MOVLW       0
;__Lib_MathDouble.c,141 :: 		
L_end_RES032:
0x10E8	0x0012      	RETURN      0
; end of _RES032
_NRM3232:
;__Lib_MathDouble.c,455 :: 		
;__Lib_MathDouble.c,463 :: 		
0x10EA	0x6A0C      	CLRF        R12, 0
;__Lib_MathDouble.c,464 :: 		
0x10EC	0x6A0E      	CLRF        R14, 0
;__Lib_MathDouble.c,465 :: 		
0x10EE	0x5002      	MOVF        R2, 0, 0
;__Lib_MathDouble.c,466 :: 		
0x10F0	0xA4D8      	BTFSS       STATUS, 2, 0
;__Lib_MathDouble.c,467 :: 		
0x10F2	0xF008EF8E  	GOTO        NORM3232
;__Lib_MathDouble.c,468 :: 		
0x10F6	0xF002C001  	MOVFF       R1, R2
;__Lib_MathDouble.c,469 :: 		
0x10FA	0xF001C000  	MOVFF       R0, R1
;__Lib_MathDouble.c,470 :: 		
0x10FE	0x6A00      	CLRF        R0, 0
;__Lib_MathDouble.c,471 :: 		
0x1100	0x860E      	BSF         R14, 3, 0
;__Lib_MathDouble.c,473 :: 		
0x1102	0x5002      	MOVF        R2, 0, 0
;__Lib_MathDouble.c,474 :: 		
0x1104	0xA4D8      	BTFSS       STATUS, 2, 0
;__Lib_MathDouble.c,475 :: 		
0x1106	0xF008EF8E  	GOTO        NORM3232
;__Lib_MathDouble.c,476 :: 		
0x110A	0xF002C001  	MOVFF       R1, R2
;__Lib_MathDouble.c,477 :: 		
0x110E	0x6A01      	CLRF        R1, 0
;__Lib_MathDouble.c,478 :: 		
0x1110	0x960E      	BCF         R14, 3, 0
;__Lib_MathDouble.c,479 :: 		
0x1112	0x880E      	BSF         R14, 4, 0
;__Lib_MathDouble.c,481 :: 		
0x1114	0x5002      	MOVF        R2, 0, 0
;__Lib_MathDouble.c,482 :: 		
0x1116	0xB4D8      	BTFSC       STATUS, 2, 0
;__Lib_MathDouble.c,483 :: 		
0x1118	0xF008EFA0  	GOTO        JPNRES032
;__Lib_MathDouble.c,484 :: 		
NORM3232:
;__Lib_MathDouble.c,485 :: 		
0x111C	0x500E      	MOVF        R14, 0, 0
;__Lib_MathDouble.c,486 :: 		
0x111E	0x5E03      	SUBWF       R3, 1, 0
;__Lib_MathDouble.c,487 :: 		
0x1120	0xA4D8      	BTFSS       STATUS, 2, 0
;__Lib_MathDouble.c,488 :: 		
0x1122	0xA0D8      	BTFSS       STATUS, 0, 0
;__Lib_MathDouble.c,489 :: 		
0x1124	0xF008EFA5  	GOTO        JPNSETFUN32
;__Lib_MathDouble.c,490 :: 		
0x1128	0x90D8      	BCF         STATUS, 0, 0
;__Lib_MathDouble.c,491 :: 		
NORM3232A:
;__Lib_MathDouble.c,492 :: 		
0x112A	0xBE02      	BTFSC       R2, 7, 0
;__Lib_MathDouble.c,493 :: 		
0x112C	0xF008EFAA  	GOTO        JMPNFIXSIGN32
;__Lib_MathDouble.c,494 :: 		
0x1130	0x3600      	RLCF        R0, 1, 0
;__Lib_MathDouble.c,495 :: 		
0x1132	0x3601      	RLCF        R1, 1, 0
;__Lib_MathDouble.c,496 :: 		
0x1134	0x3602      	RLCF        R2, 1, 0
;__Lib_MathDouble.c,497 :: 		
0x1136	0x2E03      	DECFSZ      R3, 1, 0
;__Lib_MathDouble.c,498 :: 		
0x1138	0xF008EF95  	GOTO        NORM3232A
;__Lib_MathDouble.c,499 :: 		
0x113C	0xF008EFA5  	GOTO        JPNSETFUN32
;__Lib_MathDouble.c,500 :: 		
JPNRES032:
;__Lib_MathDouble.c,501 :: 		
0x1140	0x0E01      	MOVLW       1
;__Lib_MathDouble.c,502 :: 		
0x1142	0x6E0C      	MOVWF       R12, 0
;__Lib_MathDouble.c,504 :: 		
0x1144	0xDFCB      	RCALL       _RES032
;__Lib_MathDouble.c,506 :: 		
0x1146	0xF008EFAD  	GOTO        NORM32EEE
;__Lib_MathDouble.c,507 :: 		
JPNSETFUN32:
;__Lib_MathDouble.c,508 :: 		
0x114A	0x0E02      	MOVLW       2
;__Lib_MathDouble.c,509 :: 		
0x114C	0x6E0C      	MOVWF       R12, 0
;__Lib_MathDouble.c,511 :: 		
0x114E	0xDFB9      	RCALL       _SETFUN32
;__Lib_MathDouble.c,513 :: 		
0x1150	0xF008EFAD  	GOTO        NORM32EEE
;__Lib_MathDouble.c,514 :: 		
JMPNFIXSIGN32:
;__Lib_MathDouble.c,515 :: 		
0x1154	0x0E04      	MOVLW       4
;__Lib_MathDouble.c,516 :: 		
0x1156	0x6E0C      	MOVWF       R12, 0
;__Lib_MathDouble.c,518 :: 		
0x1158	0xDFB0      	RCALL       _FIXSIGN32
;__Lib_MathDouble.c,520 :: 		
NORM32EEE:
;__Lib_MathDouble.c,527 :: 		
L_end_NRM3232:
0x115A	0x0012      	RETURN      0
; end of _NRM3232
_SETFOV32:
;__Lib_MathDouble.c,82 :: 		
;__Lib_MathDouble.c,90 :: 		
0x115C	0x820B      	BSF         R11, 1, 0
;__Lib_MathDouble.c,91 :: 		
0x115E	0xAE0B      	BTFSS       R11, 7, 0
;__Lib_MathDouble.c,92 :: 		
0x1160	0xF008EFB8  	GOTO        SETFOV32EEE
;__Lib_MathDouble.c,94 :: 		
0x1164	0x6803      	SETF        R3, 0
;__Lib_MathDouble.c,95 :: 		
0x1166	0x6802      	SETF        R2, 0
;__Lib_MathDouble.c,96 :: 		
0x1168	0x6801      	SETF        R1, 0
;__Lib_MathDouble.c,97 :: 		
0x116A	0x6800      	SETF        R0, 0
;__Lib_MathDouble.c,98 :: 		
0x116C	0x360A      	RLCF        R10, 1, 0
;__Lib_MathDouble.c,99 :: 		
0x116E	0x3202      	RRCF        R2, 1, 0
;__Lib_MathDouble.c,100 :: 		
SETFOV32EEE:
;__Lib_MathDouble.c,101 :: 		
0x1170	0x0EFF      	MOVLW       255
;__Lib_MathDouble.c,103 :: 		
L_end_SETFOV32:
0x1172	0x0012      	RETURN      0
; end of _SETFOV32
_Div_8X8_U:
;__Lib_Math.c,77 :: 		
;__Lib_Math.c,84 :: 		
0x1174	0x6A08      	CLRF        R8, 0
;__Lib_Math.c,85 :: 		
0x1176	0x0E08      	MOVLW       8
;__Lib_Math.c,86 :: 		
0x1178	0x6E0C      	MOVWF       R12, 0
;__Lib_Math.c,87 :: 		
0x117A	0x3400      	RLCF        R0, 0, 0
;__Lib_Math.c,88 :: 		
0x117C	0x3608      	RLCF        R8, 1, 0
;__Lib_Math.c,89 :: 		
0x117E	0x5004      	MOVF        R4, 0, 0
;__Lib_Math.c,90 :: 		
0x1180	0x5E08      	SUBWF       R8, 1, 0
;__Lib_Math.c,91 :: 		
0x1182	0xB0D8      	BTFSC       STATUS, 0, 0
;__Lib_Math.c,92 :: 		
0x1184	0xD002      	BRA         $+6
;__Lib_Math.c,93 :: 		
0x1186	0x2608      	ADDWF       R8, 1, 0
;__Lib_Math.c,94 :: 		
0x1188	0x90D8      	BCF         STATUS, 0, 0
;__Lib_Math.c,95 :: 		
0x118A	0x3600      	RLCF        R0, 1, 0
;__Lib_Math.c,96 :: 		
0x118C	0x2E0C      	DECFSZ      R12, 1, 0
;__Lib_Math.c,97 :: 		
0x118E	0xD7F5      	BRA         $-20
;__Lib_Math.c,99 :: 		
L_end_Div_8X8_U:
0x1190	0x0012      	RETURN      0
; end of _Div_8X8_U
_Compare_Double:
;__Lib_MathDouble.c,2518 :: 		
;__Lib_MathDouble.c,2529 :: 		
0x1192	0x6A0A      	CLRF        R10, 0
;__Lib_MathDouble.c,2530 :: 		
0x1194	0x5003      	MOVF        R3, 0, 0
;__Lib_MathDouble.c,2531 :: 		
0x1196	0xA4D8      	BTFSS       STATUS, 2, 0
;__Lib_MathDouble.c,2532 :: 		
0x1198	0x800A      	BSF         R10, 0, 0
;__Lib_MathDouble.c,2533 :: 		
0x119A	0x5007      	MOVF        R7, 0, 0
;__Lib_MathDouble.c,2534 :: 		
0x119C	0xA4D8      	BTFSS       STATUS, 2, 0
;__Lib_MathDouble.c,2535 :: 		
0x119E	0x820A      	BSF         R10, 1, 0
;__Lib_MathDouble.c,2537 :: 		
0x11A0	0x500A      	MOVF        R10, 0, 0
;__Lib_MathDouble.c,2538 :: 		
0x11A2	0xB4D8      	BTFSC       STATUS, 2, 0
;__Lib_MathDouble.c,2539 :: 		
0x11A4	0xF009EF2C  	GOTO        COMPARE_EQU
;__Lib_MathDouble.c,2540 :: 		
0x11A8	0x0A03      	XORLW       3
;__Lib_MathDouble.c,2541 :: 		
0x11AA	0xB4D8      	BTFSC       STATUS, 2, 0
;__Lib_MathDouble.c,2542 :: 		
0x11AC	0xF008EFE5  	GOTO        COMPARE_NOTZERO
;__Lib_MathDouble.c,2544 :: 		
0x11B0	0xB00A      	BTFSC       R10, 0, 0
;__Lib_MathDouble.c,2545 :: 		
0x11B2	0xF008EFE0  	GOTO        COMPARE_XNOTZERO
;__Lib_MathDouble.c,2547 :: 		
0x11B6	0xAE06      	BTFSS       R6, 7, 0
;__Lib_MathDouble.c,2548 :: 		
0x11B8	0xF009EF2A  	GOTO        COMPARE_LT
;__Lib_MathDouble.c,2549 :: 		
0x11BC	0xF009EF28  	GOTO        COMPARE_GT
;__Lib_MathDouble.c,2550 :: 		
COMPARE_XNOTZERO:
;__Lib_MathDouble.c,2551 :: 		
0x11C0	0xAE02      	BTFSS       R2, 7, 0
;__Lib_MathDouble.c,2552 :: 		
0x11C2	0xF009EF28  	GOTO        COMPARE_GT
;__Lib_MathDouble.c,2553 :: 		
0x11C6	0xF009EF2A  	GOTO        COMPARE_LT
;__Lib_MathDouble.c,2555 :: 		
COMPARE_NOTZERO:
;__Lib_MathDouble.c,2556 :: 		
0x11CA	0x5002      	MOVF        R2, 0, 0
;__Lib_MathDouble.c,2557 :: 		
0x11CC	0x0B80      	ANDLW       128
;__Lib_MathDouble.c,2558 :: 		
0x11CE	0x6E0A      	MOVWF       R10, 0
;__Lib_MathDouble.c,2559 :: 		
0x11D0	0x9E02      	BCF         R2, 7, 0
;__Lib_MathDouble.c,2561 :: 		
0x11D2	0x5006      	MOVF        R6, 0, 0
;__Lib_MathDouble.c,2562 :: 		
0x11D4	0x0B80      	ANDLW       128
;__Lib_MathDouble.c,2563 :: 		
0x11D6	0x9E06      	BCF         R6, 7, 0
;__Lib_MathDouble.c,2565 :: 		
0x11D8	0x180A      	XORWF       R10, 0, 0
;__Lib_MathDouble.c,2566 :: 		
0x11DA	0xB4D8      	BTFSC       STATUS, 2, 0
;__Lib_MathDouble.c,2567 :: 		
0x11DC	0xF008EFF6  	GOTO        COMPARE_TESTALL
;__Lib_MathDouble.c,2569 :: 		
0x11E0	0x500A      	MOVF        R10, 0, 0
;__Lib_MathDouble.c,2570 :: 		
0x11E2	0xB4D8      	BTFSC       STATUS, 2, 0
;__Lib_MathDouble.c,2571 :: 		
0x11E4	0xF009EF28  	GOTO        COMPARE_GT
;__Lib_MathDouble.c,2572 :: 		
0x11E8	0xF009EF2A  	GOTO        COMPARE_LT
;__Lib_MathDouble.c,2574 :: 		
COMPARE_TESTALL:
;__Lib_MathDouble.c,2575 :: 		
0x11EC	0x5007      	MOVF        R7, 0, 0
;__Lib_MathDouble.c,2576 :: 		
0x11EE	0x5C03      	SUBWF       R3, 0, 0
;__Lib_MathDouble.c,2577 :: 		
0x11F0	0xB4D8      	BTFSC       STATUS, 2, 0
;__Lib_MathDouble.c,2578 :: 		
0x11F2	0xF009EF00  	GOTO        COMPARE_C1
;__Lib_MathDouble.c,2579 :: 		
0x11F6	0xA0D8      	BTFSS       STATUS, 0, 0
;__Lib_MathDouble.c,2580 :: 		
0x11F8	0xF009EF1C  	GOTO        GT_FALSE
;__Lib_MathDouble.c,2581 :: 		
0x11FC	0xF009EF22  	GOTO        GT_TRUE
;__Lib_MathDouble.c,2582 :: 		
COMPARE_C1:
;__Lib_MathDouble.c,2583 :: 		
0x1200	0x5006      	MOVF        R6, 0, 0
;__Lib_MathDouble.c,2584 :: 		
0x1202	0x5C02      	SUBWF       R2, 0, 0
;__Lib_MathDouble.c,2585 :: 		
0x1204	0xB4D8      	BTFSC       STATUS, 2, 0
;__Lib_MathDouble.c,2586 :: 		
0x1206	0xF009EF0A  	GOTO        COMPARE_C2
;__Lib_MathDouble.c,2587 :: 		
0x120A	0xA0D8      	BTFSS       STATUS, 0, 0
;__Lib_MathDouble.c,2588 :: 		
0x120C	0xF009EF1C  	GOTO        GT_FALSE
;__Lib_MathDouble.c,2589 :: 		
0x1210	0xF009EF22  	GOTO        GT_TRUE
;__Lib_MathDouble.c,2590 :: 		
COMPARE_C2:
;__Lib_MathDouble.c,2591 :: 		
0x1214	0x5005      	MOVF        R5, 0, 0
;__Lib_MathDouble.c,2592 :: 		
0x1216	0x5C01      	SUBWF       R1, 0, 0
;__Lib_MathDouble.c,2593 :: 		
0x1218	0xB4D8      	BTFSC       STATUS, 2, 0
;__Lib_MathDouble.c,2594 :: 		
0x121A	0xF009EF14  	GOTO        COMPARE_C3
;__Lib_MathDouble.c,2595 :: 		
0x121E	0xA0D8      	BTFSS       STATUS, 0, 0
;__Lib_MathDouble.c,2596 :: 		
0x1220	0xF009EF1C  	GOTO        GT_FALSE
;__Lib_MathDouble.c,2597 :: 		
0x1224	0xF009EF22  	GOTO        GT_TRUE
;__Lib_MathDouble.c,2598 :: 		
COMPARE_C3:
;__Lib_MathDouble.c,2599 :: 		
0x1228	0x5004      	MOVF        R4, 0, 0
;__Lib_MathDouble.c,2600 :: 		
0x122A	0x5C00      	SUBWF       R0, 0, 0
;__Lib_MathDouble.c,2601 :: 		
0x122C	0xB4D8      	BTFSC       STATUS, 2, 0
;__Lib_MathDouble.c,2602 :: 		
0x122E	0xF009EF2C  	GOTO        COMPARE_EQU
;__Lib_MathDouble.c,2603 :: 		
0x1232	0xB0D8      	BTFSC       STATUS, 0, 0
;__Lib_MathDouble.c,2604 :: 		
0x1234	0xF009EF22  	GOTO        GT_TRUE
;__Lib_MathDouble.c,2606 :: 		
GT_FALSE:
;__Lib_MathDouble.c,2607 :: 		
0x1238	0x520A      	MOVF        R10, 1, 0
;__Lib_MathDouble.c,2608 :: 		
0x123A	0xB4D8      	BTFSC       STATUS, 2, 0
;__Lib_MathDouble.c,2609 :: 		
0x123C	0xF009EF2A  	GOTO        COMPARE_LT
;__Lib_MathDouble.c,2610 :: 		
0x1240	0xF009EF28  	GOTO        COMPARE_GT
;__Lib_MathDouble.c,2611 :: 		
GT_TRUE:
;__Lib_MathDouble.c,2612 :: 		
0x1244	0x520A      	MOVF        R10, 1, 0
;__Lib_MathDouble.c,2613 :: 		
0x1246	0xB4D8      	BTFSC       STATUS, 2, 0
;__Lib_MathDouble.c,2614 :: 		
0x1248	0xF009EF28  	GOTO        COMPARE_GT
;__Lib_MathDouble.c,2615 :: 		
0x124C	0xF009EF2A  	GOTO        COMPARE_LT
;__Lib_MathDouble.c,2617 :: 		
COMPARE_GT:
;__Lib_MathDouble.c,2620 :: 		
0x1250	0x80D8      	BSF         STATUS, 0, 0
;__Lib_MathDouble.c,2621 :: 		
0x1252	0x0012      	RETURN      0
;__Lib_MathDouble.c,2622 :: 		
COMPARE_LT:
;__Lib_MathDouble.c,2625 :: 		
0x1254	0x90D8      	BCF         STATUS, 0, 0
;__Lib_MathDouble.c,2626 :: 		
0x1256	0x0012      	RETURN      0
;__Lib_MathDouble.c,2627 :: 		
COMPARE_EQU:
;__Lib_MathDouble.c,2630 :: 		
0x1258	0x80D8      	BSF         STATUS, 0, 0
;__Lib_MathDouble.c,2631 :: 		
0x125A	0x84D8      	BSF         STATUS, 2, 0
;__Lib_MathDouble.c,2632 :: 		
0x125C	0x0012      	RETURN      0
;__Lib_MathDouble.c,2634 :: 		
L_end_Compare_Double:
0x125E	0x0012      	RETURN      0
; end of _Compare_Double
_strcpy:
;__Lib_CString.c,133 :: 		
;__Lib_CString.c,136 :: 		
0x1260	0xF004C078  	MOVFF       FARG_strcpy_to, R4
0x1264	0xF005C079  	MOVFF       FARG_strcpy_to+1, R5
;__Lib_CString.c,137 :: 		
L_strcpy34:
0x1268	0xF002C004  	MOVFF       R4, R2
0x126C	0xF003C005  	MOVFF       R5, R3
0x1270	0x4A04      	INFSNZ      R4, 1 
0x1272	0x2A05      	INCF        R5, 1 
0x1274	0xF000C07A  	MOVFF       FARG_strcpy_from, R0
0x1278	0xF001C07B  	MOVFF       FARG_strcpy_from+1, R1
0x127C	0x0100      	MOVLB       0
0x127E	0x4B7A      	INFSNZ      FARG_strcpy_from, 1, 1
0x1280	0x2B7B      	INCF        FARG_strcpy_from+1, 1, 1
0x1282	0xFFE9C000  	MOVFF       R0, FSR0L
0x1286	0xFFEAC001  	MOVFF       R1, FSR0H
0x128A	0xFFE1C002  	MOVFF       R2, FSR1L
0x128E	0xFFE2C003  	MOVFF       R3, FSR1H
0x1292	0xFFE6CFEE  	MOVFF       POSTINC0, POSTINC1
0x1296	0xFFE9C002  	MOVFF       R2, FSR0L
0x129A	0xFFEAC003  	MOVFF       R3, FSR0H
0x129E	0x52EE      	MOVF        POSTINC0, 1 
0x12A0	0xE001      	BZ          L_strcpy35
;__Lib_CString.c,138 :: 		
0x12A2	0xD7E2      	BRA         L_strcpy34
L_strcpy35:
;__Lib_CString.c,139 :: 		
0x12A4	0xF000C078  	MOVFF       FARG_strcpy_to, R0
0x12A8	0xF001C079  	MOVFF       FARG_strcpy_to+1, R1
;__Lib_CString.c,140 :: 		
L_end_strcpy:
0x12AC	0x0012      	RETURN      0
; end of _strcpy
_Mul_32x32_FP:
;__Lib_MathDouble.c,1130 :: 		
;__Lib_MathDouble.c,1148 :: 		
0x12AE	0x6A08      	CLRF        R8, 0
;__Lib_MathDouble.c,1149 :: 		
0x12B0	0x6A09      	CLRF        R9, 0
;__Lib_MathDouble.c,1151 :: 		
0x12B2	0x0E00      	MOVLW       0
;__Lib_MathDouble.c,1152 :: 		
0x12B4	0x6207      	CPFSEQ      R7, 0
;__Lib_MathDouble.c,1153 :: 		
0x12B6	0x6403      	CPFSGT      R3, 0
;__Lib_MathDouble.c,1154 :: 		
0x12B8	0xF009EFDC  	GOTO        MULJPRES032
;__Lib_MathDouble.c,1157 :: 		
0x12BC	0x5002      	MOVF        R2, 0, 0
;__Lib_MathDouble.c,1158 :: 		
0x12BE	0x1806      	XORWF       R6, 0, 0
;__Lib_MathDouble.c,1159 :: 		
0x12C0	0x6E0A      	MOVWF       R10, 0
;__Lib_MathDouble.c,1161 :: 		
0x12C2	0x5007      	MOVF        R7, 0, 0
;__Lib_MathDouble.c,1162 :: 		
0x12C4	0x2603      	ADDWF       R3, 1, 0
;__Lib_MathDouble.c,1163 :: 		
0x12C6	0x0E7E      	MOVLW       126
;__Lib_MathDouble.c,1164 :: 		
0x12C8	0xA0D8      	BTFSS       STATUS, 0, 0
;__Lib_MathDouble.c,1165 :: 		
0x12CA	0xF009EF6D  	GOTO        MTUN32
;__Lib_MathDouble.c,1167 :: 		
0x12CE	0x5E03      	SUBWF       R3, 1, 0
;__Lib_MathDouble.c,1168 :: 		
0x12D0	0xB0D8      	BTFSC       STATUS, 0, 0
;__Lib_MathDouble.c,1169 :: 		
0x12D2	0xF009EFE0  	GOTO        MULJPSETFOV32
;__Lib_MathDouble.c,1170 :: 		
0x12D6	0xF009EF71  	GOTO        MOK32
;__Lib_MathDouble.c,1172 :: 		
MTUN32:
;__Lib_MathDouble.c,1173 :: 		
0x12DA	0x5E03      	SUBWF       R3, 1, 0
;__Lib_MathDouble.c,1174 :: 		
0x12DC	0xA0D8      	BTFSS       STATUS, 0, 0
;__Lib_MathDouble.c,1175 :: 		
0x12DE	0xF009EFE4  	GOTO        MULJPSETFUN32
;__Lib_MathDouble.c,1177 :: 		
MOK32:
;__Lib_MathDouble.c,1178 :: 		
0x12E2	0x8E02      	BSF         R2, 7, 0
;__Lib_MathDouble.c,1179 :: 		
0x12E4	0x8E06      	BSF         R6, 7, 0
;__Lib_MathDouble.c,1181 :: 		
0x12E6	0xF00EC002  	MOVFF       R2, R14
;__Lib_MathDouble.c,1182 :: 		
0x12EA	0xF00BC001  	MOVFF       R1, R11
;__Lib_MathDouble.c,1183 :: 		
0x12EE	0xF00DC000  	MOVFF       R0, R13
;__Lib_MathDouble.c,1185 :: 		
0x12F2	0x5000      	MOVF        R0, 0, 0
;__Lib_MathDouble.c,1186 :: 		
0x12F4	0x0204      	MULWF       R4, 0
;__Lib_MathDouble.c,1187 :: 		
0x12F6	0xF00CCFF4  	MOVFF       PRODH, R12
;__Lib_MathDouble.c,1189 :: 		
0x12FA	0x5001      	MOVF        R1, 0, 0
;__Lib_MathDouble.c,1190 :: 		
0x12FC	0x0205      	MULWF       R5, 0
;__Lib_MathDouble.c,1191 :: 		
0x12FE	0xF000CFF4  	MOVFF       PRODH, R0
;__Lib_MathDouble.c,1192 :: 		
0x1302	0xF008CFF3  	MOVFF       PRODL, R8
;__Lib_MathDouble.c,1194 :: 		
0x1306	0x0204      	MULWF       R4, 0
;__Lib_MathDouble.c,1195 :: 		
0x1308	0x50F3      	MOVF        PRODL, 0, 0
;__Lib_MathDouble.c,1196 :: 		
0x130A	0x260C      	ADDWF       R12, 1, 0
;__Lib_MathDouble.c,1197 :: 		
0x130C	0x50F4      	MOVF        PRODH, 0, 0
;__Lib_MathDouble.c,1198 :: 		
0x130E	0x2208      	ADDWFC      R8, 1, 0
;__Lib_MathDouble.c,1199 :: 		
0x1310	0x0E00      	MOVLW       0
;__Lib_MathDouble.c,1200 :: 		
0x1312	0x2200      	ADDWFC      R0, 1, 0
;__Lib_MathDouble.c,1202 :: 		
0x1314	0x500D      	MOVF        R13, 0, 0
;__Lib_MathDouble.c,1203 :: 		
0x1316	0x0205      	MULWF       R5, 0
;__Lib_MathDouble.c,1204 :: 		
0x1318	0x50F3      	MOVF        PRODL, 0, 0
;__Lib_MathDouble.c,1205 :: 		
0x131A	0x260C      	ADDWF       R12, 1, 0
;__Lib_MathDouble.c,1206 :: 		
0x131C	0x50F4      	MOVF        PRODH, 0, 0
;__Lib_MathDouble.c,1207 :: 		
0x131E	0x2208      	ADDWFC      R8, 1, 0
;__Lib_MathDouble.c,1208 :: 		
0x1320	0x0E00      	MOVLW       0
;__Lib_MathDouble.c,1209 :: 		
0x1322	0x2200      	ADDWFC      R0, 1, 0
;__Lib_MathDouble.c,1211 :: 		
0x1324	0x5002      	MOVF        R2, 0, 0
;__Lib_MathDouble.c,1212 :: 		
0x1326	0x0204      	MULWF       R4, 0
;__Lib_MathDouble.c,1213 :: 		
0x1328	0x50F3      	MOVF        PRODL, 0, 0
;__Lib_MathDouble.c,1214 :: 		
0x132A	0x2608      	ADDWF       R8, 1, 0
;__Lib_MathDouble.c,1215 :: 		
0x132C	0x50F4      	MOVF        PRODH, 0, 0
;__Lib_MathDouble.c,1216 :: 		
0x132E	0x2200      	ADDWFC      R0, 1, 0
;__Lib_MathDouble.c,1217 :: 		
0x1330	0x5002      	MOVF        R2, 0, 0
;__Lib_MathDouble.c,1218 :: 		
0x1332	0x0205      	MULWF       R5, 0
;__Lib_MathDouble.c,1219 :: 		
0x1334	0x6A01      	CLRF        R1, 0
;__Lib_MathDouble.c,1220 :: 		
0x1336	0x0E00      	MOVLW       0
;__Lib_MathDouble.c,1221 :: 		
0x1338	0x2201      	ADDWFC      R1, 1, 0
;__Lib_MathDouble.c,1222 :: 		
0x133A	0x50F3      	MOVF        PRODL, 0, 0
;__Lib_MathDouble.c,1223 :: 		
0x133C	0x2600      	ADDWF       R0, 1, 0
;__Lib_MathDouble.c,1224 :: 		
0x133E	0x50F4      	MOVF        PRODH, 0, 0
;__Lib_MathDouble.c,1225 :: 		
0x1340	0x2201      	ADDWFC      R1, 1, 0
;__Lib_MathDouble.c,1227 :: 		
0x1342	0x500D      	MOVF        R13, 0, 0
;__Lib_MathDouble.c,1228 :: 		
0x1344	0x0206      	MULWF       R6, 0
;__Lib_MathDouble.c,1229 :: 		
0x1346	0x50F3      	MOVF        PRODL, 0, 0
;__Lib_MathDouble.c,1230 :: 		
0x1348	0x2608      	ADDWF       R8, 1, 0
;__Lib_MathDouble.c,1231 :: 		
0x134A	0x50F4      	MOVF        PRODH, 0, 0
;__Lib_MathDouble.c,1232 :: 		
0x134C	0x2200      	ADDWFC      R0, 1, 0
;__Lib_MathDouble.c,1233 :: 		
0x134E	0x6A02      	CLRF        R2, 0
;__Lib_MathDouble.c,1234 :: 		
0x1350	0x0E00      	MOVLW       0
;__Lib_MathDouble.c,1235 :: 		
0x1352	0x2201      	ADDWFC      R1, 1, 0
;__Lib_MathDouble.c,1236 :: 		
0x1354	0x2202      	ADDWFC      R2, 1, 0
;__Lib_MathDouble.c,1238 :: 		
0x1356	0x500B      	MOVF        R11, 0, 0
;__Lib_MathDouble.c,1239 :: 		
0x1358	0x0206      	MULWF       R6, 0
;__Lib_MathDouble.c,1240 :: 		
0x135A	0x50F3      	MOVF        PRODL, 0, 0
;__Lib_MathDouble.c,1241 :: 		
0x135C	0x2600      	ADDWF       R0, 1, 0
;__Lib_MathDouble.c,1242 :: 		
0x135E	0x50F4      	MOVF        PRODH, 0, 0
;__Lib_MathDouble.c,1243 :: 		
0x1360	0x2201      	ADDWFC      R1, 1, 0
;__Lib_MathDouble.c,1244 :: 		
0x1362	0x0E00      	MOVLW       0
;__Lib_MathDouble.c,1245 :: 		
0x1364	0x2202      	ADDWFC      R2, 1, 0
;__Lib_MathDouble.c,1247 :: 		
0x1366	0x500E      	MOVF        R14, 0, 0
;__Lib_MathDouble.c,1248 :: 		
0x1368	0x0206      	MULWF       R6, 0
;__Lib_MathDouble.c,1249 :: 		
0x136A	0x50F3      	MOVF        PRODL, 0, 0
;__Lib_MathDouble.c,1250 :: 		
0x136C	0x2601      	ADDWF       R1, 1, 0
;__Lib_MathDouble.c,1251 :: 		
0x136E	0x50F4      	MOVF        PRODH, 0, 0
;__Lib_MathDouble.c,1252 :: 		
0x1370	0x2202      	ADDWFC      R2, 1, 0
;__Lib_MathDouble.c,1254 :: 		
0x1372	0xBE02      	BTFSC       R2, 7, 0
;__Lib_MathDouble.c,1255 :: 		
0x1374	0xF009EFC4  	GOTO        MROUND32
;__Lib_MathDouble.c,1256 :: 		
0x1378	0x3608      	RLCF        R8, 1, 0
;__Lib_MathDouble.c,1257 :: 		
0x137A	0x3600      	RLCF        R0, 1, 0
;__Lib_MathDouble.c,1258 :: 		
0x137C	0x3601      	RLCF        R1, 1, 0
;__Lib_MathDouble.c,1259 :: 		
0x137E	0x3602      	RLCF        R2, 1, 0
;__Lib_MathDouble.c,1260 :: 		
0x1380	0x0603      	DECF        R3, 1, 0
;__Lib_MathDouble.c,1261 :: 		
0x1382	0xB4D8      	BTFSC       STATUS, 2, 0
;__Lib_MathDouble.c,1262 :: 		
0x1384	0xF009EFE4  	GOTO        MULJPSETFUN32
;__Lib_MathDouble.c,1264 :: 		
MROUND32:
;__Lib_MathDouble.c,1267 :: 		
0x1388	0xF009EFD7  	GOTO        MUL32OK
;__Lib_MathDouble.c,1268 :: 		
0x138C	0x80D8      	BSF         STATUS, 0, 0
;__Lib_MathDouble.c,1269 :: 		
0x138E	0x0E80      	MOVLW       128
;__Lib_MathDouble.c,1270 :: 		
0x1390	0x6408      	CPFSGT      R8, 0
;__Lib_MathDouble.c,1271 :: 		
0x1392	0x3000      	RRCF        R0, 0, 0
;__Lib_MathDouble.c,1272 :: 		
0x1394	0x0E00      	MOVLW       0
;__Lib_MathDouble.c,1273 :: 		
0x1396	0x2200      	ADDWFC      R0, 1, 0
;__Lib_MathDouble.c,1274 :: 		
0x1398	0x2201      	ADDWFC      R1, 1, 0
;__Lib_MathDouble.c,1275 :: 		
0x139A	0x2202      	ADDWFC      R2, 1, 0
;__Lib_MathDouble.c,1277 :: 		
0x139C	0xA0D8      	BTFSS       STATUS, 0, 0
;__Lib_MathDouble.c,1278 :: 		
0x139E	0xF009EFD7  	GOTO        MUL32OK
;__Lib_MathDouble.c,1279 :: 		
0x13A2	0x3202      	RRCF        R2, 1, 0
;__Lib_MathDouble.c,1280 :: 		
0x13A4	0x3201      	RRCF        R1, 1, 0
;__Lib_MathDouble.c,1281 :: 		
0x13A6	0x3200      	RRCF        R0, 1, 0
;__Lib_MathDouble.c,1282 :: 		
0x13A8	0x4A03      	INFSNZ      R3, 1, 0
;__Lib_MathDouble.c,1283 :: 		
0x13AA	0xF009EFE0  	GOTO        MULJPSETFOV32
;__Lib_MathDouble.c,1285 :: 		
MUL32OK:
;__Lib_MathDouble.c,1286 :: 		
0x13AE	0xAE0A      	BTFSS       R10, 7, 0
;__Lib_MathDouble.c,1287 :: 		
0x13B0	0x9E02      	BCF         R2, 7, 0
;__Lib_MathDouble.c,1289 :: 		
0x13B2	0x0E00      	MOVLW       0
;__Lib_MathDouble.c,1290 :: 		
0x13B4	0xF009EFE6  	GOTO        MULEEE
;__Lib_MathDouble.c,1291 :: 		
MULJPRES032:
;__Lib_MathDouble.c,1292 :: 		
0x13B8	0x0E01      	MOVLW       1
;__Lib_MathDouble.c,1295 :: 		
0x13BA	0xDE90      	RCALL       _RES032
;__Lib_MathDouble.c,1297 :: 		
0x13BC	0xF009EFE6  	GOTO        MULEEE
;__Lib_MathDouble.c,1298 :: 		
MULJPSETFOV32:
;__Lib_MathDouble.c,1299 :: 		
0x13C0	0x0E02      	MOVLW       2
;__Lib_MathDouble.c,1302 :: 		
0x13C2	0xDECC      	RCALL       _SETFOV32
;__Lib_MathDouble.c,1304 :: 		
0x13C4	0xF009EFE6  	GOTO        MULEEE
;__Lib_MathDouble.c,1305 :: 		
MULJPSETFUN32:
;__Lib_MathDouble.c,1306 :: 		
0x13C8	0x0E04      	MOVLW       4
;__Lib_MathDouble.c,1309 :: 		
0x13CA	0xDE7B      	RCALL       _SETFUN32
;__Lib_MathDouble.c,1311 :: 		
MULEEE:
;__Lib_MathDouble.c,1318 :: 		
L_end_Mul_32x32_FP:
0x13CC	0x0012      	RETURN      0
; end of _Mul_32x32_FP
_UART1_Write:
;__Lib_UART_c67.c,58 :: 		
;__Lib_UART_c67.c,59 :: 		
L_UART1_Write3:
0x13CE	0xB2AC      	BTFSC       TXSTA, 1 
0x13D0	0xD002      	BRA         L_UART1_Write4
;__Lib_UART_c67.c,60 :: 		
0x13D2	0x0000      	NOP
0x13D4	0xD7FC      	BRA         L_UART1_Write3
L_UART1_Write4:
;__Lib_UART_c67.c,61 :: 		
0x13D6	0xFFADC078  	MOVFF       FARG_UART1_Write_data_, TXREG
;__Lib_UART_c67.c,62 :: 		
L_end_UART1_Write:
0x13DA	0x0012      	RETURN      0
; end of _UART1_Write
_int2double:
;__Lib_MathDouble.c,2285 :: 		
;__Lib_MathDouble.c,2294 :: 		
0x13DC	0xF008C000  	MOVFF       R0, R8
;__Lib_MathDouble.c,2295 :: 		
0x13E0	0x5001      	MOVF        R1, 0, 0
;__Lib_MathDouble.c,2296 :: 		
0x13E2	0x6E00      	MOVWF       R0, 0
;__Lib_MathDouble.c,2297 :: 		
0x13E4	0x6A01      	CLRF        R1, 0
;__Lib_MathDouble.c,2298 :: 		
0x13E6	0x6A02      	CLRF        R2, 0
;__Lib_MathDouble.c,2299 :: 		
0x13E8	0x6A03      	CLRF        R3, 0
;__Lib_MathDouble.c,2302 :: 		
0x13EA	0x6A0B      	CLRF        R11, 0
;__Lib_MathDouble.c,2303 :: 		
0x13EC	0x6A0C      	CLRF        R12, 0
;__Lib_MathDouble.c,2304 :: 		
0x13EE	0x6A01      	CLRF        R1, 0
;__Lib_MathDouble.c,2305 :: 		
0x13F0	0x6A02      	CLRF        R2, 0
;__Lib_MathDouble.c,2306 :: 		
0x13F2	0x6A03      	CLRF        R3, 0
;__Lib_MathDouble.c,2308 :: 		
0x13F4	0x0E96      	MOVLW       150
;__Lib_MathDouble.c,2309 :: 		
0x13F6	0x6E03      	MOVWF       R3, 0
;__Lib_MathDouble.c,2310 :: 		
0x13F8	0x6A0A      	CLRF        R10, 0
;__Lib_MathDouble.c,2311 :: 		
0x13FA	0xAE00      	BTFSS       R0, 7, 0
;__Lib_MathDouble.c,2312 :: 		
0x13FC	0xF00AEF06  	GOTO        FLO1632EEE
;__Lib_MathDouble.c,2314 :: 		
0x1400	0x1E08      	COMF        R8, 1, 0
;__Lib_MathDouble.c,2315 :: 		
0x1402	0x1E00      	COMF        R0, 1, 0
;__Lib_MathDouble.c,2317 :: 		
0x1404	0x2A08      	INCF        R8, 1, 0
;__Lib_MathDouble.c,2318 :: 		
0x1406	0xB4D8      	BTFSC       STATUS, 2, 0
;__Lib_MathDouble.c,2319 :: 		
0x1408	0x2A00      	INCF        R0, 1, 0
;__Lib_MathDouble.c,2321 :: 		
0x140A	0x8E0A      	BSF         R10, 7, 0
;__Lib_MathDouble.c,2322 :: 		
FLO1632EEE:
;__Lib_MathDouble.c,2323 :: 		
0x140C	0xF001C000  	MOVFF       R0, R1
;__Lib_MathDouble.c,2324 :: 		
0x1410	0xF000C008  	MOVFF       R8, R0
;__Lib_MathDouble.c,2325 :: 		
0x1414	0x6A08      	CLRF        R8, 0
;__Lib_MathDouble.c,2326 :: 		
0x1416	0x6A02      	CLRF        R2, 0
;__Lib_MathDouble.c,2328 :: 		
0x1418	0xDE68      	RCALL       _NRM3232
;__Lib_MathDouble.c,2329 :: 		
L_end_int2double:
0x141A	0x0012      	RETURN      0
; end of _int2double
___CC2DW:
;__Lib_System.c,21 :: 		
;__Lib_System.c,23 :: 		
_CC2DL_Loop1:
;__Lib_System.c,24 :: 		
0x141C	0x0009      	TBLRD*+
;__Lib_System.c,25 :: 		
0x141E	0xFFE6CFF5  	MOVFF       TABLAT, POSTINC1
;__Lib_System.c,26 :: 		
0x1422	0x0600      	DECF        R0, 1, 0
;__Lib_System.c,27 :: 		
0x1424	0xE1FB      	BNZ         _CC2DL_Loop1
;__Lib_System.c,28 :: 		
0x1426	0x0601      	DECF        R1, 1, 0
;__Lib_System.c,29 :: 		
0x1428	0xE1F9      	BNZ         _CC2DL_Loop1
;__Lib_System.c,31 :: 		
L_end___CC2DW:
0x142A	0x0012      	RETURN      0
; end of ___CC2DW
_UART1_Init:
;__Lib_UART_c67.c,15 :: 		
;__Lib_UART_c67.c,18 :: 		
0x142C	0x0ECE      	MOVLW       _UART1_Write
0x142E	0x6E30      	MOVWF       _UART_Wr_Ptr 
0x1430	0x0E13      	MOVLW       hi_addr(_UART1_Write)
0x1432	0x6E31      	MOVWF       _UART_Wr_Ptr+1 
0x1434	0x0E78      	MOVLW       FARG_UART1_Write_data_
0x1436	0x6E32      	MOVWF       _UART_Wr_Ptr+2 
0x1438	0x0E00      	MOVLW       hi_addr(FARG_UART1_Write_data_)
0x143A	0x6E33      	MOVWF       _UART_Wr_Ptr+3 
;__Lib_UART_c67.c,19 :: 		
0x143C	0x0EFF      	MOVLW       _UART1_Read
0x143E	0x6E34      	MOVWF       _UART_Rd_Ptr 
0x1440	0x0EFF      	MOVLW       hi_addr(_UART1_Read)
0x1442	0x6E35      	MOVWF       _UART_Rd_Ptr+1 
0x1444	0x0E00      	MOVLW       0
0x1446	0x6E36      	MOVWF       _UART_Rd_Ptr+2 
0x1448	0x0E00      	MOVLW       0
0x144A	0x6E37      	MOVWF       _UART_Rd_Ptr+3 
;__Lib_UART_c67.c,20 :: 		
0x144C	0x0EFF      	MOVLW       _UART1_Data_Ready
0x144E	0x6E28      	MOVWF       _UART_Rdy_Ptr 
0x1450	0x0EFF      	MOVLW       hi_addr(_UART1_Data_Ready)
0x1452	0x6E29      	MOVWF       _UART_Rdy_Ptr+1 
0x1454	0x0E00      	MOVLW       0
0x1456	0x6E2A      	MOVWF       _UART_Rdy_Ptr+2 
0x1458	0x0E00      	MOVLW       0
0x145A	0x6E2B      	MOVWF       _UART_Rdy_Ptr+3 
;__Lib_UART_c67.c,21 :: 		
0x145C	0x0EFF      	MOVLW       _UART1_Tx_Idle
0x145E	0x6E2C      	MOVWF       _UART_Tx_Idle_Ptr 
0x1460	0x0EFF      	MOVLW       hi_addr(_UART1_Tx_Idle)
0x1462	0x6E2D      	MOVWF       _UART_Tx_Idle_Ptr+1 
0x1464	0x0E00      	MOVLW       0
0x1466	0x6E2E      	MOVWF       _UART_Tx_Idle_Ptr+2 
0x1468	0x0E00      	MOVLW       0
0x146A	0x6E2F      	MOVWF       _UART_Tx_Idle_Ptr+3 
;__Lib_UART_c67.c,23 :: 		
0x146C	0x8AAC      	BSF         TXSTA, 5 
;__Lib_UART_c67.c,24 :: 		
0x146E	0x0E90      	MOVLW       144
0x1470	0x6EAB      	MOVWF       RCSTA 
;__Lib_UART_c67.c,25 :: 		
0x1472	0x8E94      	BSF         TRISC7_bit, BitPos(TRISC7_bit+0) 
;__Lib_UART_c67.c,26 :: 		
0x1474	0x9C94      	BCF         TRISC6_bit, BitPos(TRISC6_bit+0) 
;__Lib_UART_c67.c,28 :: 		
L_UART1_Init0:
0x1476	0xAA9E      	BTFSS       PIR1, 5 
0x1478	0xD003      	BRA         L_UART1_Init1
;__Lib_UART_c67.c,29 :: 		
0x147A	0xF000CFAE  	MOVFF       RCREG, R0
0x147E	0xD7FB      	BRA         L_UART1_Init0
L_UART1_Init1:
;__Lib_UART_c67.c,30 :: 		
L_end_UART1_Init:
0x1480	0x0012      	RETURN      0
; end of _UART1_Init
_Ping:
;PingDemo.c,46 :: 		float Ping() //Funcion encargada de leer el sensor
;PingDemo.c,48 :: 		float x = 0;
0x1482	0x0100      	MOVLB       0
0x1484	0x6B6A      	CLRF        Ping_x_L0, 1
0x1486	0x6B6B      	CLRF        Ping_x_L0+1, 1
0x1488	0x6B6C      	CLRF        Ping_x_L0+2, 1
0x148A	0x6B6D      	CLRF        Ping_x_L0+3, 1
0x148C	0x6B6E      	CLRF        Ping_time_us_L0, 1
0x148E	0x6B6F      	CLRF        Ping_time_us_L0+1, 1
0x1490	0x0EB0      	MOVLW       176
0x1492	0x6F70      	MOVWF       Ping_timeOut_L0, 1
0x1494	0x0E36      	MOVLW       54
0x1496	0x6F71      	MOVWF       Ping_timeOut_L0+1, 1
;PingDemo.c,51 :: 		trigPin = 0; //cambiamos el estado logico del trigger a 0
0x1498	0x9281      	BCF         PORTB, 1 
;PingDemo.c,52 :: 		delay_us(5);
0x149A	0x0E13      	MOVLW       19
0x149C	0x6E0D      	MOVWF       R13, 0
L_Ping4:
0x149E	0x2E0D      	DECFSZ      R13, 1, 0
0x14A0	0xD7FE      	BRA         L_Ping4
0x14A2	0x0000      	NOP
0x14A4	0x0000      	NOP
;PingDemo.c,53 :: 		trigPin = 1; //cambiamos el estado logico del trigger a 1
0x14A6	0x8281      	BSF         PORTB, 1 
;PingDemo.c,54 :: 		delay_us(10);
0x14A8	0x0E27      	MOVLW       39
0x14AA	0x6E0D      	MOVWF       R13, 0
L_Ping5:
0x14AC	0x2E0D      	DECFSZ      R13, 1, 0
0x14AE	0xD7FE      	BRA         L_Ping5
0x14B0	0x0000      	NOP
0x14B2	0x0000      	NOP
;PingDemo.c,55 :: 		trigPin = 0; //cambiamos el estado logico del trigger a 0
0x14B4	0x9281      	BCF         PORTB, 1 
;PingDemo.c,57 :: 		while(echoPin == 0);  //espero a que el pin echo del sensor se ponga en 1 logico para poder empezar a contar el tiempo
L_Ping6:
0x14B6	0xB081      	BTFSC       PORTB, 0 
0x14B8	0xD001      	BRA         L_Ping7
0x14BA	0xD7FD      	BRA         L_Ping6
L_Ping7:
;PingDemo.c,59 :: 		while((echoPin == 1)&& (time_us<=timeOut))  //mientras el pin echo este en 1 logico y no se haya agotado el tiempo maximo de espera hago:
L_Ping8:
0x14BC	0xA081      	BTFSS       PORTB, 0 
0x14BE	0xD013      	BRA         L_Ping9
0x14C0	0x0E80      	MOVLW       128
0x14C2	0x1971      	XORWF       Ping_timeOut_L0+1, 0, 1
0x14C4	0x6E00      	MOVWF       R0 
0x14C6	0x0E80      	MOVLW       128
0x14C8	0x196F      	XORWF       Ping_time_us_L0+1, 0, 1
0x14CA	0x5C00      	SUBWF       R0, 0 
0x14CC	0xE102      	BNZ         L__Ping18
0x14CE	0x516E      	MOVF        Ping_time_us_L0, 0, 1
0x14D0	0x5D70      	SUBWF       Ping_timeOut_L0, 0, 1
L__Ping18:
0x14D2	0xE309      	BNC         L_Ping9
L__Ping15:
;PingDemo.c,61 :: 		delay_us(1);  //espero 1 us
0x14D4	0x0E03      	MOVLW       3
0x14D6	0x6E0D      	MOVWF       R13, 0
L_Ping12:
0x14D8	0x2E0D      	DECFSZ      R13, 1, 0
0x14DA	0xD7FE      	BRA         L_Ping12
0x14DC	0x0000      	NOP
0x14DE	0x0000      	NOP
;PingDemo.c,62 :: 		time_us++;   //por cada 1 us transcurrido incremento el acumulador, de este modo se cuantos microsegundos duro el pulso enviado desde el sensor
0x14E0	0x4B6E      	INFSNZ      Ping_time_us_L0, 1, 1
0x14E2	0x2B6F      	INCF        Ping_time_us_L0+1, 1, 1
;PingDemo.c,63 :: 		}
0x14E4	0xD7EB      	BRA         L_Ping8
L_Ping9:
;PingDemo.c,65 :: 		if(time_us >= timeOut)
0x14E6	0x0E80      	MOVLW       128
0x14E8	0x196F      	XORWF       Ping_time_us_L0+1, 0, 1
0x14EA	0x6E00      	MOVWF       R0 
0x14EC	0x0E80      	MOVLW       128
0x14EE	0x1971      	XORWF       Ping_timeOut_L0+1, 0, 1
0x14F0	0x5C00      	SUBWF       R0, 0 
0x14F2	0xE102      	BNZ         L__Ping19
0x14F4	0x5170      	MOVF        Ping_timeOut_L0, 0, 1
0x14F6	0x5D6E      	SUBWF       Ping_time_us_L0, 0, 1
L__Ping19:
0x14F8	0xE305      	BNC         L_Ping13
;PingDemo.c,67 :: 		x = 0; //si el sensor agoto el tiempo maximo de espera entonces indico que la distancia es cero ya que no hay obstaculo o esta fuera de alcance
0x14FA	0x6B6A      	CLRF        Ping_x_L0, 1
0x14FC	0x6B6B      	CLRF        Ping_x_L0+1, 1
0x14FE	0x6B6C      	CLRF        Ping_x_L0+2, 1
0x1500	0x6B6D      	CLRF        Ping_x_L0+3, 1
;PingDemo.c,68 :: 		}
0x1502	0xD01F      	BRA         L_Ping14
L_Ping13:
;PingDemo.c,71 :: 		x = ((time_us*1.08)*0.03436); //si el pulso esta dentro del rango, entonces convierto el tiempo a distancia con esta ecuacion
0x1504	0xF000C06E  	MOVFF       Ping_time_us_L0, R0
0x1508	0xF001C06F  	MOVFF       Ping_time_us_L0+1, R1
0x150C	0xDF67      	RCALL       _int2double
0x150E	0x0E71      	MOVLW       113
0x1510	0x6E04      	MOVWF       R4 
0x1512	0x0E3D      	MOVLW       61
0x1514	0x6E05      	MOVWF       R5 
0x1516	0x0E0A      	MOVLW       10
0x1518	0x6E06      	MOVWF       R6 
0x151A	0x0E7F      	MOVLW       127
0x151C	0x6E07      	MOVWF       R7 
0x151E	0xDEC7      	RCALL       _Mul_32x32_FP
0x1520	0x0E12      	MOVLW       18
0x1522	0x6E04      	MOVWF       R4 
0x1524	0x0EBD      	MOVLW       189
0x1526	0x6E05      	MOVWF       R5 
0x1528	0x0E0C      	MOVLW       12
0x152A	0x6E06      	MOVWF       R6 
0x152C	0x0E7A      	MOVLW       122
0x152E	0x6E07      	MOVWF       R7 
0x1530	0xDEBE      	RCALL       _Mul_32x32_FP
0x1532	0xF06AC000  	MOVFF       R0, Ping_x_L0
0x1536	0xF06BC001  	MOVFF       R1, Ping_x_L0+1
0x153A	0xF06CC002  	MOVFF       R2, Ping_x_L0+2
0x153E	0xF06DC003  	MOVFF       R3, Ping_x_L0+3
;PingDemo.c,72 :: 		}
L_Ping14:
;PingDemo.c,73 :: 		return x; //regreso el valor de la distancia en centimetros
0x1542	0xF000C06A  	MOVFF       Ping_x_L0, R0
0x1546	0xF001C06B  	MOVFF       Ping_x_L0+1, R1
0x154A	0xF002C06C  	MOVFF       Ping_x_L0+2, R2
0x154E	0xF003C06D  	MOVFF       Ping_x_L0+3, R3
;PingDemo.c,74 :: 		}
L_end_Ping:
0x1552	0x0012      	RETURN      0
; end of _Ping
_FloatToStr:
;__Lib_Conversions.c,472 :: 		
;__Lib_Conversions.c,474 :: 		
0x1554	0x0100      	MOVLB       0
0x1556	0x6B76      	CLRF        FloatToStr_bpoint_L0, 1
0x1558	0x6B77      	CLRF        FloatToStr_dexpon_L0, 1
;__Lib_Conversions.c,479 :: 		
0x155A	0xF072C06A  	MOVFF       FARG_FloatToStr_fnum, FloatToStr_un_L0
0x155E	0xF073C06B  	MOVFF       FARG_FloatToStr_fnum+1, FloatToStr_un_L0+1
0x1562	0xF074C06C  	MOVFF       FARG_FloatToStr_fnum+2, FloatToStr_un_L0+2
0x1566	0xF075C06D  	MOVFF       FARG_FloatToStr_fnum+3, FloatToStr_un_L0+3
;__Lib_Conversions.c,480 :: 		
0x156A	0x5175      	MOVF        FloatToStr_un_L0+3, 0, 1
0x156C	0x0AFF      	XORLW       255
0x156E	0xE108      	BNZ         L__FloatToStr145
0x1570	0x5174      	MOVF        FloatToStr_un_L0+2, 0, 1
0x1572	0x0AFF      	XORLW       255
0x1574	0xE105      	BNZ         L__FloatToStr145
0x1576	0x5173      	MOVF        FloatToStr_un_L0+1, 0, 1
0x1578	0x0AFF      	XORLW       255
0x157A	0xE102      	BNZ         L__FloatToStr145
0x157C	0x5172      	MOVF        FloatToStr_un_L0, 0, 1
0x157E	0x0AFF      	XORLW       255
L__FloatToStr145:
0x1580	0xE10C      	BNZ         L_FloatToStr76
;__Lib_Conversions.c,481 :: 		
0x1582	0xF078C06E  	MOVFF       FARG_FloatToStr_str, FARG_strcpy_to
0x1586	0xF079C06F  	MOVFF       FARG_FloatToStr_str+1, FARG_strcpy_to+1
0x158A	0x0E1E      	MOVLW       ?lstr1___Lib_Conversions
0x158C	0x6F7A      	MOVWF       FARG_strcpy_from, 1
0x158E	0x0E00      	MOVLW       hi_addr(?lstr1___Lib_Conversions)
0x1590	0x6F7B      	MOVWF       FARG_strcpy_from+1, 1
0x1592	0xDE66      	RCALL       _strcpy
;__Lib_Conversions.c,482 :: 		
0x1594	0x0E03      	MOVLW       3
0x1596	0x6E00      	MOVWF       R0 
0x1598	0xD1E5      	BRA         L_end_FloatToStr
;__Lib_Conversions.c,483 :: 		
L_FloatToStr76:
;__Lib_Conversions.c,484 :: 		
0x159A	0x0E01      	MOVLW       1
0x159C	0x6F70      	MOVWF       FloatToStr_i_L0, 1
;__Lib_Conversions.c,485 :: 		
0x159E	0xAF74      	BTFSS       FloatToStr_un_L0+2, 7, 1
0x15A0	0xD00E      	BRA         L_FloatToStr77
;__Lib_Conversions.c,486 :: 		
0x15A2	0x0E80      	MOVLW       128
0x15A4	0x1974      	XORWF       FloatToStr_un_L0+2, 0, 1
0x15A6	0x6E00      	MOVWF       R0 
0x15A8	0xF074C000  	MOVFF       R0, FloatToStr_un_L0+2
;__Lib_Conversions.c,487 :: 		
0x15AC	0x2B70      	INCF        FloatToStr_i_L0, 1, 1
;__Lib_Conversions.c,488 :: 		
0x15AE	0xFFE1C06E  	MOVFF       FARG_FloatToStr_str, FSR1L
0x15B2	0xFFE2C06F  	MOVFF       FARG_FloatToStr_str+1, FSR1H
0x15B6	0x0E2D      	MOVLW       45
0x15B8	0x6EE6      	MOVWF       POSTINC1 
0x15BA	0x4B6E      	INFSNZ      FARG_FloatToStr_str, 1, 1
0x15BC	0x2B6F      	INCF        FARG_FloatToStr_str+1, 1, 1
;__Lib_Conversions.c,489 :: 		
L_FloatToStr77:
;__Lib_Conversions.c,490 :: 		
0x15BE	0x0E00      	MOVLW       0
0x15C0	0x6E00      	MOVWF       R0 
0x15C2	0x1975      	XORWF       FloatToStr_un_L0+3, 0, 1
0x15C4	0xE108      	BNZ         L__FloatToStr146
0x15C6	0x5000      	MOVF        R0, 0 
0x15C8	0x1974      	XORWF       FloatToStr_un_L0+2, 0, 1
0x15CA	0xE105      	BNZ         L__FloatToStr146
0x15CC	0x5000      	MOVF        R0, 0 
0x15CE	0x1973      	XORWF       FloatToStr_un_L0+1, 0, 1
0x15D0	0xE102      	BNZ         L__FloatToStr146
0x15D2	0x5172      	MOVF        FloatToStr_un_L0, 0, 1
0x15D4	0x0A00      	XORLW       0
L__FloatToStr146:
0x15D6	0xE10B      	BNZ         L_FloatToStr78
;__Lib_Conversions.c,491 :: 		
0x15D8	0xF078C06E  	MOVFF       FARG_FloatToStr_str, FARG_strcpy_to
0x15DC	0xF079C06F  	MOVFF       FARG_FloatToStr_str+1, FARG_strcpy_to+1
0x15E0	0x0E26      	MOVLW       ?lstr2___Lib_Conversions
0x15E2	0x6F7A      	MOVWF       FARG_strcpy_from, 1
0x15E4	0x0E00      	MOVLW       hi_addr(?lstr2___Lib_Conversions)
0x15E6	0x6F7B      	MOVWF       FARG_strcpy_from+1, 1
0x15E8	0xDE3B      	RCALL       _strcpy
;__Lib_Conversions.c,492 :: 		
0x15EA	0x6A00      	CLRF        R0 
0x15EC	0xD1BB      	BRA         L_end_FloatToStr
;__Lib_Conversions.c,493 :: 		
L_FloatToStr78:
;__Lib_Conversions.c,494 :: 		
0x15EE	0x5175      	MOVF        FloatToStr_un_L0+3, 0, 1
0x15F0	0x0AFF      	XORLW       255
0x15F2	0xE108      	BNZ         L__FloatToStr147
0x15F4	0x5174      	MOVF        FloatToStr_un_L0+2, 0, 1
0x15F6	0x0A00      	XORLW       0
0x15F8	0xE105      	BNZ         L__FloatToStr147
0x15FA	0x5173      	MOVF        FloatToStr_un_L0+1, 0, 1
0x15FC	0x0A00      	XORLW       0
0x15FE	0xE102      	BNZ         L__FloatToStr147
0x1600	0x5172      	MOVF        FloatToStr_un_L0, 0, 1
0x1602	0x0A00      	XORLW       0
L__FloatToStr147:
0x1604	0xE10C      	BNZ         L_FloatToStr79
;__Lib_Conversions.c,495 :: 		
0x1606	0xF078C06E  	MOVFF       FARG_FloatToStr_str, FARG_strcpy_to
0x160A	0xF079C06F  	MOVFF       FARG_FloatToStr_str+1, FARG_strcpy_to+1
0x160E	0x0E22      	MOVLW       ?lstr3___Lib_Conversions
0x1610	0x6F7A      	MOVWF       FARG_strcpy_from, 1
0x1612	0x0E00      	MOVLW       hi_addr(?lstr3___Lib_Conversions)
0x1614	0x6F7B      	MOVWF       FARG_strcpy_from+1, 1
0x1616	0xDE24      	RCALL       _strcpy
;__Lib_Conversions.c,496 :: 		
0x1618	0xF000C070  	MOVFF       FloatToStr_i_L0, R0
0x161C	0xD1A3      	BRA         L_end_FloatToStr
;__Lib_Conversions.c,497 :: 		
L_FloatToStr79:
;__Lib_Conversions.c,505 :: 		
L_FloatToStr80:
0x161E	0x0E00      	MOVLW       0
0x1620	0x6E04      	MOVWF       R4 
0x1622	0x0E00      	MOVLW       0
0x1624	0x6E05      	MOVWF       R5 
0x1626	0x0E00      	MOVLW       0
0x1628	0x6E06      	MOVWF       R6 
0x162A	0x0E7F      	MOVLW       127
0x162C	0x6E07      	MOVWF       R7 
0x162E	0xF000C072  	MOVFF       FloatToStr_un_L0, R0
0x1632	0xF001C073  	MOVFF       FloatToStr_un_L0+1, R1
0x1636	0xF002C074  	MOVFF       FloatToStr_un_L0+2, R2
0x163A	0xF003C075  	MOVFF       FloatToStr_un_L0+3, R3
0x163E	0xDDA9      	RCALL       _Compare_Double
0x1640	0x0E01      	MOVLW       1
0x1642	0xB0D8      	BTFSC       STATUS, 0 
0x1644	0x0E00      	MOVLW       0
0x1646	0x6E00      	MOVWF       R0 
0x1648	0x5200      	MOVF        R0, 1 
0x164A	0xE01B      	BZ          L_FloatToStr81
;__Lib_Conversions.c,506 :: 		
0x164C	0xF000C072  	MOVFF       FloatToStr_un_L0, R0
0x1650	0xF001C073  	MOVFF       FloatToStr_un_L0+1, R1
0x1654	0xF002C074  	MOVFF       FloatToStr_un_L0+2, R2
0x1658	0xF003C075  	MOVFF       FloatToStr_un_L0+3, R3
0x165C	0x0E00      	MOVLW       0
0x165E	0x6E04      	MOVWF       R4 
0x1660	0x0E00      	MOVLW       0
0x1662	0x6E05      	MOVWF       R5 
0x1664	0x0E20      	MOVLW       32
0x1666	0x6E06      	MOVWF       R6 
0x1668	0x0E82      	MOVLW       130
0x166A	0x6E07      	MOVWF       R7 
0x166C	0xDE20      	RCALL       _Mul_32x32_FP
0x166E	0xF072C000  	MOVFF       R0, FloatToStr_un_L0
0x1672	0xF073C001  	MOVFF       R1, FloatToStr_un_L0+1
0x1676	0xF074C002  	MOVFF       R2, FloatToStr_un_L0+2
0x167A	0xF075C003  	MOVFF       R3, FloatToStr_un_L0+3
;__Lib_Conversions.c,507 :: 		
0x167E	0x0777      	DECF        FloatToStr_dexpon_L0, 1, 1
;__Lib_Conversions.c,508 :: 		
0x1680	0xD7CE      	BRA         L_FloatToStr80
L_FloatToStr81:
;__Lib_Conversions.c,513 :: 		
L_FloatToStr82:
0x1682	0x0E00      	MOVLW       0
0x1684	0x6E04      	MOVWF       R4 
0x1686	0x0E00      	MOVLW       0
0x1688	0x6E05      	MOVWF       R5 
0x168A	0x0E20      	MOVLW       32
0x168C	0x6E06      	MOVWF       R6 
0x168E	0x0E82      	MOVLW       130
0x1690	0x6E07      	MOVWF       R7 
0x1692	0xF000C072  	MOVFF       FloatToStr_un_L0, R0
0x1696	0xF001C073  	MOVFF       FloatToStr_un_L0+1, R1
0x169A	0xF002C074  	MOVFF       FloatToStr_un_L0+2, R2
0x169E	0xF003C075  	MOVFF       FloatToStr_un_L0+3, R3
0x16A2	0xDD77      	RCALL       _Compare_Double
0x16A4	0x0E00      	MOVLW       0
0x16A6	0xB0D8      	BTFSC       STATUS, 0 
0x16A8	0x0E01      	MOVLW       1
0x16AA	0x6E00      	MOVWF       R0 
0x16AC	0x5200      	MOVF        R0, 1 
0x16AE	0xE01B      	BZ          L_FloatToStr83
;__Lib_Conversions.c,514 :: 		
0x16B0	0xF000C072  	MOVFF       FloatToStr_un_L0, R0
0x16B4	0xF001C073  	MOVFF       FloatToStr_un_L0+1, R1
0x16B8	0xF002C074  	MOVFF       FloatToStr_un_L0+2, R2
0x16BC	0xF003C075  	MOVFF       FloatToStr_un_L0+3, R3
0x16C0	0x0ECD      	MOVLW       205
0x16C2	0x6E04      	MOVWF       R4 
0x16C4	0x0ECC      	MOVLW       204
0x16C6	0x6E05      	MOVWF       R5 
0x16C8	0x0E4C      	MOVLW       76
0x16CA	0x6E06      	MOVWF       R6 
0x16CC	0x0E7B      	MOVLW       123
0x16CE	0x6E07      	MOVWF       R7 
0x16D0	0xDDEE      	RCALL       _Mul_32x32_FP
0x16D2	0xF072C000  	MOVFF       R0, FloatToStr_un_L0
0x16D6	0xF073C001  	MOVFF       R1, FloatToStr_un_L0+1
0x16DA	0xF074C002  	MOVFF       R2, FloatToStr_un_L0+2
0x16DE	0xF075C003  	MOVFF       R3, FloatToStr_un_L0+3
;__Lib_Conversions.c,515 :: 		
0x16E2	0x2B77      	INCF        FloatToStr_dexpon_L0, 1, 1
;__Lib_Conversions.c,516 :: 		
0x16E4	0xD7CE      	BRA         L_FloatToStr82
L_FloatToStr83:
;__Lib_Conversions.c,525 :: 		
0x16E6	0x0EFF      	MOVLW       255
0x16E8	0x1572      	ANDWF       FloatToStr_un_L0, 0, 1
0x16EA	0x6E08      	MOVWF       R8 
0x16EC	0x0EFF      	MOVLW       255
0x16EE	0x1573      	ANDWF       FloatToStr_un_L0+1, 0, 1
0x16F0	0x6E09      	MOVWF       R9 
0x16F2	0x0E7F      	MOVLW       127
0x16F4	0x1574      	ANDWF       FloatToStr_un_L0+2, 0, 1
0x16F6	0x6E0A      	MOVWF       R10 
0x16F8	0x0E00      	MOVLW       0
0x16FA	0x1575      	ANDWF       FloatToStr_un_L0+3, 0, 1
0x16FC	0x6E0B      	MOVWF       R11 
;__Lib_Conversions.c,526 :: 		
0x16FE	0xF004C008  	MOVFF       R8, R4
0x1702	0xF005C009  	MOVFF       R9, R5
0x1706	0xF006C00A  	MOVFF       R10, R6
0x170A	0xF007C00B  	MOVFF       R11, R7
0x170E	0x3604      	RLCF        R4, 1 
0x1710	0x9004      	BCF         R4, 0 
0x1712	0x3605      	RLCF        R5, 1 
0x1714	0x3606      	RLCF        R6, 1 
0x1716	0x3607      	RLCF        R7, 1 
;__Lib_Conversions.c,527 :: 		
0x1718	0x0E00      	MOVLW       0
0x171A	0x1572      	ANDWF       FloatToStr_un_L0, 0, 1
0x171C	0x6E00      	MOVWF       R0 
0x171E	0x0E00      	MOVLW       0
0x1720	0x1573      	ANDWF       FloatToStr_un_L0+1, 0, 1
0x1722	0x6E01      	MOVWF       R1 
0x1724	0x0E00      	MOVLW       0
0x1726	0x1574      	ANDWF       FloatToStr_un_L0+2, 0, 1
0x1728	0x6E02      	MOVWF       R2 
0x172A	0x0EFF      	MOVLW       255
0x172C	0x1575      	ANDWF       FloatToStr_un_L0+3, 0, 1
0x172E	0x6E03      	MOVWF       R3 
0x1730	0xF072C000  	MOVFF       R0, FloatToStr_un_L0
0x1734	0xF073C001  	MOVFF       R1, FloatToStr_un_L0+1
0x1738	0xF074C002  	MOVFF       R2, FloatToStr_un_L0+2
0x173C	0xF075C003  	MOVFF       R3, FloatToStr_un_L0+3
;__Lib_Conversions.c,528 :: 		
0x1740	0x5004      	MOVF        R4, 0 
0x1742	0x1172      	IORWF       FloatToStr_un_L0, 0, 1
0x1744	0x6E00      	MOVWF       R0 
0x1746	0x5005      	MOVF        R5, 0 
0x1748	0x1173      	IORWF       FloatToStr_un_L0+1, 0, 1
0x174A	0x6E01      	MOVWF       R1 
0x174C	0x5006      	MOVF        R6, 0 
0x174E	0x1174      	IORWF       FloatToStr_un_L0+2, 0, 1
0x1750	0x6E02      	MOVWF       R2 
0x1752	0x5007      	MOVF        R7, 0 
0x1754	0x1175      	IORWF       FloatToStr_un_L0+3, 0, 1
0x1756	0x6E03      	MOVWF       R3 
0x1758	0xF072C000  	MOVFF       R0, FloatToStr_un_L0
0x175C	0xF073C001  	MOVFF       R1, FloatToStr_un_L0+1
0x1760	0xF074C002  	MOVFF       R2, FloatToStr_un_L0+2
0x1764	0xF075C003  	MOVFF       R3, FloatToStr_un_L0+3
;__Lib_Conversions.c,530 :: 		
0x1768	0x0E7F      	MOVLW       127
0x176A	0x5D75      	SUBWF       FloatToStr_un_L0+3, 0, 1
0x176C	0x6E00      	MOVWF       R0 
0x176E	0xF071C000  	MOVFF       R0, FloatToStr_d_L0
;__Lib_Conversions.c,533 :: 		
0x1772	0x0E01      	MOVLW       1
0x1774	0x6F75      	MOVWF       FloatToStr_un_L0+3, 1
;__Lib_Conversions.c,534 :: 		
0x1776	0xF004C000  	MOVFF       R0, R4
0x177A	0xF000C072  	MOVFF       FloatToStr_un_L0, R0
0x177E	0xF001C073  	MOVFF       FloatToStr_un_L0+1, R1
0x1782	0xF002C074  	MOVFF       FloatToStr_un_L0+2, R2
0x1786	0xF003C075  	MOVFF       FloatToStr_un_L0+3, R3
0x178A	0x5004      	MOVF        R4, 0 
L__FloatToStr148:
0x178C	0xE007      	BZ          L__FloatToStr149
0x178E	0x3600      	RLCF        R0, 1 
0x1790	0x9000      	BCF         R0, 0 
0x1792	0x3601      	RLCF        R1, 1 
0x1794	0x3602      	RLCF        R2, 1 
0x1796	0x3603      	RLCF        R3, 1 
0x1798	0x0FFF      	ADDLW       255
0x179A	0xD7F8      	BRA         L__FloatToStr148
L__FloatToStr149:
0x179C	0xF072C000  	MOVFF       R0, FloatToStr_un_L0
0x17A0	0xF073C001  	MOVFF       R1, FloatToStr_un_L0+1
0x17A4	0xF074C002  	MOVFF       R2, FloatToStr_un_L0+2
0x17A8	0xF075C003  	MOVFF       R3, FloatToStr_un_L0+3
;__Lib_Conversions.c,535 :: 		
0x17AC	0xFFE1C06E  	MOVFF       FARG_FloatToStr_str, FSR1L
0x17B0	0xFFE2C06F  	MOVFF       FARG_FloatToStr_str+1, FSR1H
0x17B4	0x5175      	MOVF        FloatToStr_un_L0+3, 0, 1
0x17B6	0x0F30      	ADDLW       48
0x17B8	0x6EE6      	MOVWF       POSTINC1 
0x17BA	0x4B6E      	INFSNZ      FARG_FloatToStr_str, 1, 1
0x17BC	0x2B6F      	INCF        FARG_FloatToStr_str+1, 1, 1
;__Lib_Conversions.c,536 :: 		
0x17BE	0x0E80      	MOVLW       128
0x17C0	0x1977      	XORWF       FloatToStr_dexpon_L0, 0, 1
0x17C2	0x6E00      	MOVWF       R0 
0x17C4	0x0E80      	MOVLW       128
0x17C6	0x0A01      	XORLW       1
0x17C8	0x5C00      	SUBWF       R0, 0 
0x17CA	0xE308      	BNC         L__FloatToStr100
0x17CC	0x0E80      	MOVLW       128
0x17CE	0x0A06      	XORLW       6
0x17D0	0x6E00      	MOVWF       R0 
0x17D2	0x0E80      	MOVLW       128
0x17D4	0x1977      	XORWF       FloatToStr_dexpon_L0, 0, 1
0x17D6	0x5C00      	SUBWF       R0, 0 
0x17D8	0xE301      	BNC         L__FloatToStr100
0x17DA	0xD00A      	BRA         L_FloatToStr86
L__FloatToStr100:
;__Lib_Conversions.c,537 :: 		
0x17DC	0xFFE1C06E  	MOVFF       FARG_FloatToStr_str, FSR1L
0x17E0	0xFFE2C06F  	MOVFF       FARG_FloatToStr_str+1, FSR1H
0x17E4	0x0E2E      	MOVLW       46
0x17E6	0x6EE6      	MOVWF       POSTINC1 
0x17E8	0x4B6E      	INFSNZ      FARG_FloatToStr_str, 1, 1
0x17EA	0x2B6F      	INCF        FARG_FloatToStr_str+1, 1, 1
;__Lib_Conversions.c,538 :: 		
0x17EC	0x0E01      	MOVLW       1
0x17EE	0x6F76      	MOVWF       FloatToStr_bpoint_L0, 1
;__Lib_Conversions.c,539 :: 		
L_FloatToStr86:
;__Lib_Conversions.c,540 :: 		
0x17F0	0x0E06      	MOVLW       6
0x17F2	0x6F71      	MOVWF       FloatToStr_d_L0, 1
L_FloatToStr87:
0x17F4	0x5171      	MOVF        FloatToStr_d_L0, 0, 1
0x17F6	0x0A00      	XORLW       0
0x17F8	0xE054      	BZ          L_FloatToStr88
;__Lib_Conversions.c,541 :: 		
0x17FA	0x6B75      	CLRF        FloatToStr_un_L0+3, 1
;__Lib_Conversions.c,542 :: 		
0x17FC	0xF000C072  	MOVFF       FloatToStr_un_L0, R0
0x1800	0xF001C073  	MOVFF       FloatToStr_un_L0+1, R1
0x1804	0xF002C074  	MOVFF       FloatToStr_un_L0+2, R2
0x1808	0xF003C075  	MOVFF       FloatToStr_un_L0+3, R3
0x180C	0x3600      	RLCF        R0, 1 
0x180E	0x9000      	BCF         R0, 0 
0x1810	0x3601      	RLCF        R1, 1 
0x1812	0x3602      	RLCF        R2, 1 
0x1814	0x3603      	RLCF        R3, 1 
0x1816	0x3600      	RLCF        R0, 1 
0x1818	0x9000      	BCF         R0, 0 
0x181A	0x3601      	RLCF        R1, 1 
0x181C	0x3602      	RLCF        R2, 1 
0x181E	0x3603      	RLCF        R3, 1 
0x1820	0x5172      	MOVF        FloatToStr_un_L0, 0, 1
0x1822	0x2600      	ADDWF       R0, 1 
0x1824	0x5173      	MOVF        FloatToStr_un_L0+1, 0, 1
0x1826	0x2201      	ADDWFC      R1, 1 
0x1828	0x5174      	MOVF        FloatToStr_un_L0+2, 0, 1
0x182A	0x2202      	ADDWFC      R2, 1 
0x182C	0x5175      	MOVF        FloatToStr_un_L0+3, 0, 1
0x182E	0x2203      	ADDWFC      R3, 1 
0x1830	0xF072C000  	MOVFF       R0, FloatToStr_un_L0
0x1834	0xF073C001  	MOVFF       R1, FloatToStr_un_L0+1
0x1838	0xF074C002  	MOVFF       R2, FloatToStr_un_L0+2
0x183C	0xF075C003  	MOVFF       R3, FloatToStr_un_L0+3
;__Lib_Conversions.c,543 :: 		
0x1840	0xF000C072  	MOVFF       FloatToStr_un_L0, R0
0x1844	0xF001C073  	MOVFF       FloatToStr_un_L0+1, R1
0x1848	0xF002C074  	MOVFF       FloatToStr_un_L0+2, R2
0x184C	0xF003C075  	MOVFF       FloatToStr_un_L0+3, R3
0x1850	0x3600      	RLCF        R0, 1 
0x1852	0x9000      	BCF         R0, 0 
0x1854	0x3601      	RLCF        R1, 1 
0x1856	0x3602      	RLCF        R2, 1 
0x1858	0x3603      	RLCF        R3, 1 
0x185A	0xF072C000  	MOVFF       R0, FloatToStr_un_L0
0x185E	0xF073C001  	MOVFF       R1, FloatToStr_un_L0+1
0x1862	0xF074C002  	MOVFF       R2, FloatToStr_un_L0+2
0x1866	0xF075C003  	MOVFF       R3, FloatToStr_un_L0+3
;__Lib_Conversions.c,544 :: 		
0x186A	0xFFE1C06E  	MOVFF       FARG_FloatToStr_str, FSR1L
0x186E	0xFFE2C06F  	MOVFF       FARG_FloatToStr_str+1, FSR1H
0x1872	0x5175      	MOVF        FloatToStr_un_L0+3, 0, 1
0x1874	0x0F30      	ADDLW       48
0x1876	0x6EE6      	MOVWF       POSTINC1 
0x1878	0x4B6E      	INFSNZ      FARG_FloatToStr_str, 1, 1
0x187A	0x2B6F      	INCF        FARG_FloatToStr_str+1, 1, 1
;__Lib_Conversions.c,545 :: 		
0x187C	0x5176      	MOVF        FloatToStr_bpoint_L0, 0, 1
0x187E	0x0A00      	XORLW       0
0x1880	0xE10E      	BNZ         L_FloatToStr90
;__Lib_Conversions.c,546 :: 		
0x1882	0x0777      	DECF        FloatToStr_dexpon_L0, 1, 1
0x1884	0x5177      	MOVF        FloatToStr_dexpon_L0, 0, 1
0x1886	0x0A00      	XORLW       0
0x1888	0xE10A      	BNZ         L_FloatToStr91
;__Lib_Conversions.c,547 :: 		
0x188A	0xFFE1C06E  	MOVFF       FARG_FloatToStr_str, FSR1L
0x188E	0xFFE2C06F  	MOVFF       FARG_FloatToStr_str+1, FSR1H
0x1892	0x0E2E      	MOVLW       46
0x1894	0x6EE6      	MOVWF       POSTINC1 
0x1896	0x4B6E      	INFSNZ      FARG_FloatToStr_str, 1, 1
0x1898	0x2B6F      	INCF        FARG_FloatToStr_str+1, 1, 1
;__Lib_Conversions.c,548 :: 		
0x189A	0x0E01      	MOVLW       1
0x189C	0x6F76      	MOVWF       FloatToStr_bpoint_L0, 1
;__Lib_Conversions.c,549 :: 		
L_FloatToStr91:
L_FloatToStr90:
;__Lib_Conversions.c,540 :: 		
0x189E	0x0771      	DECF        FloatToStr_d_L0, 1, 1
;__Lib_Conversions.c,550 :: 		
0x18A0	0xD7A9      	BRA         L_FloatToStr87
L_FloatToStr88:
;__Lib_Conversions.c,551 :: 		
L_FloatToStr92:
0x18A2	0x0EFF      	MOVLW       255
0x18A4	0x256E      	ADDWF       FARG_FloatToStr_str, 0, 1
0x18A6	0x6EE9      	MOVWF       FSR0L 
0x18A8	0x0EFF      	MOVLW       255
0x18AA	0x216F      	ADDWFC      FARG_FloatToStr_str+1, 0, 1
0x18AC	0x6EEA      	MOVWF       FSR0H 
0x18AE	0x50EE      	MOVF        POSTINC0, 0 
0x18B0	0x0A30      	XORLW       48
0x18B2	0xE105      	BNZ         L_FloatToStr93
;__Lib_Conversions.c,552 :: 		
0x18B4	0x0E01      	MOVLW       1
0x18B6	0x5F6E      	SUBWF       FARG_FloatToStr_str, 1, 1
0x18B8	0x0E00      	MOVLW       0
0x18BA	0x5B6F      	SUBWFB      FARG_FloatToStr_str+1, 1, 1
0x18BC	0xD7F2      	BRA         L_FloatToStr92
L_FloatToStr93:
;__Lib_Conversions.c,553 :: 		
0x18BE	0x0EFF      	MOVLW       255
0x18C0	0x256E      	ADDWF       FARG_FloatToStr_str, 0, 1
0x18C2	0x6EE9      	MOVWF       FSR0L 
0x18C4	0x0EFF      	MOVLW       255
0x18C6	0x216F      	ADDWFC      FARG_FloatToStr_str+1, 0, 1
0x18C8	0x6EEA      	MOVWF       FSR0H 
0x18CA	0x50EE      	MOVF        POSTINC0, 0 
0x18CC	0x0A2E      	XORLW       46
0x18CE	0xE104      	BNZ         L_FloatToStr94
;__Lib_Conversions.c,554 :: 		
0x18D0	0x0E01      	MOVLW       1
0x18D2	0x5F6E      	SUBWF       FARG_FloatToStr_str, 1, 1
0x18D4	0x0E00      	MOVLW       0
0x18D6	0x5B6F      	SUBWFB      FARG_FloatToStr_str+1, 1, 1
L_FloatToStr94:
;__Lib_Conversions.c,555 :: 		
0x18D8	0x5177      	MOVF        FloatToStr_dexpon_L0, 0, 1
0x18DA	0x0A00      	XORLW       0
0x18DC	0xE03D      	BZ          L_FloatToStr95
;__Lib_Conversions.c,556 :: 		
0x18DE	0xFFE1C06E  	MOVFF       FARG_FloatToStr_str, FSR1L
0x18E2	0xFFE2C06F  	MOVFF       FARG_FloatToStr_str+1, FSR1H
0x18E6	0x0E65      	MOVLW       101
0x18E8	0x6EE6      	MOVWF       POSTINC1 
0x18EA	0x4B6E      	INFSNZ      FARG_FloatToStr_str, 1, 1
0x18EC	0x2B6F      	INCF        FARG_FloatToStr_str+1, 1, 1
;__Lib_Conversions.c,557 :: 		
0x18EE	0x0E80      	MOVLW       128
0x18F0	0x1977      	XORWF       FloatToStr_dexpon_L0, 0, 1
0x18F2	0x6E00      	MOVWF       R0 
0x18F4	0x0E80      	MOVLW       128
0x18F6	0x0A00      	XORLW       0
0x18F8	0x5C00      	SUBWF       R0, 0 
0x18FA	0xE20B      	BC          L_FloatToStr96
;__Lib_Conversions.c,558 :: 		
0x18FC	0xFFE1C06E  	MOVFF       FARG_FloatToStr_str, FSR1L
0x1900	0xFFE2C06F  	MOVFF       FARG_FloatToStr_str+1, FSR1H
0x1904	0x0E2D      	MOVLW       45
0x1906	0x6EE6      	MOVWF       POSTINC1 
0x1908	0x4B6E      	INFSNZ      FARG_FloatToStr_str, 1, 1
0x190A	0x2B6F      	INCF        FARG_FloatToStr_str+1, 1, 1
;__Lib_Conversions.c,559 :: 		
0x190C	0x5177      	MOVF        FloatToStr_dexpon_L0, 0, 1
0x190E	0x0800      	SUBLW       0
0x1910	0x6F77      	MOVWF       FloatToStr_dexpon_L0, 1
;__Lib_Conversions.c,560 :: 		
L_FloatToStr96:
;__Lib_Conversions.c,561 :: 		
0x1912	0xF071C077  	MOVFF       FloatToStr_dexpon_L0, FloatToStr_d_L0
;__Lib_Conversions.c,562 :: 		
0x1916	0x5177      	MOVF        FloatToStr_dexpon_L0, 0, 1
0x1918	0x0809      	SUBLW       9
0x191A	0xE20E      	BC          L_FloatToStr97
;__Lib_Conversions.c,563 :: 		
0x191C	0x0E0A      	MOVLW       10
0x191E	0x6E04      	MOVWF       R4 
0x1920	0xF000C071  	MOVFF       FloatToStr_d_L0, R0
0x1924	0xDC27      	RCALL       _Div_8X8_U
0x1926	0xFFE1C06E  	MOVFF       FARG_FloatToStr_str, FSR1L
0x192A	0xFFE2C06F  	MOVFF       FARG_FloatToStr_str+1, FSR1H
0x192E	0x5000      	MOVF        R0, 0 
0x1930	0x0F30      	ADDLW       48
0x1932	0x6EE6      	MOVWF       POSTINC1 
0x1934	0x4B6E      	INFSNZ      FARG_FloatToStr_str, 1, 1
0x1936	0x2B6F      	INCF        FARG_FloatToStr_str+1, 1, 1
L_FloatToStr97:
;__Lib_Conversions.c,564 :: 		
0x1938	0x0E0A      	MOVLW       10
0x193A	0x6E04      	MOVWF       R4 
0x193C	0xF000C071  	MOVFF       FloatToStr_d_L0, R0
0x1940	0xDC19      	RCALL       _Div_8X8_U
0x1942	0xF000C008  	MOVFF       R8, R0
0x1946	0xFFE1C06E  	MOVFF       FARG_FloatToStr_str, FSR1L
0x194A	0xFFE2C06F  	MOVFF       FARG_FloatToStr_str+1, FSR1H
0x194E	0x5000      	MOVF        R0, 0 
0x1950	0x0F30      	ADDLW       48
0x1952	0x6EE6      	MOVWF       POSTINC1 
0x1954	0x4B6E      	INFSNZ      FARG_FloatToStr_str, 1, 1
0x1956	0x2B6F      	INCF        FARG_FloatToStr_str+1, 1, 1
;__Lib_Conversions.c,565 :: 		
L_FloatToStr95:
;__Lib_Conversions.c,566 :: 		
0x1958	0xFFE1C06E  	MOVFF       FARG_FloatToStr_str, FSR1L
0x195C	0xFFE2C06F  	MOVFF       FARG_FloatToStr_str+1, FSR1H
0x1960	0x6AE6      	CLRF        POSTINC1 
;__Lib_Conversions.c,567 :: 		
0x1962	0x6A00      	CLRF        R0 
;__Lib_Conversions.c,568 :: 		
L_end_FloatToStr:
0x1964	0x0012      	RETURN      0
; end of _FloatToStr
_strcat:
;__Lib_CString.c,94 :: 		
;__Lib_CString.c,97 :: 		
0x1966	0xF004C06A  	MOVFF       FARG_strcat_to, R4
0x196A	0xF005C06B  	MOVFF       FARG_strcat_to+1, R5
;__Lib_CString.c,98 :: 		
L_strcat22:
0x196E	0xFFE9C004  	MOVFF       R4, FSR0L
0x1972	0xFFEAC005  	MOVFF       R5, FSR0H
0x1976	0x52EE      	MOVF        POSTINC0, 1 
0x1978	0xE003      	BZ          L_strcat23
;__Lib_CString.c,99 :: 		
0x197A	0x4A04      	INFSNZ      R4, 1 
0x197C	0x2A05      	INCF        R5, 1 
0x197E	0xD7F7      	BRA         L_strcat22
L_strcat23:
;__Lib_CString.c,100 :: 		
L_strcat24:
0x1980	0xF002C004  	MOVFF       R4, R2
0x1984	0xF003C005  	MOVFF       R5, R3
0x1988	0x4A04      	INFSNZ      R4, 1 
0x198A	0x2A05      	INCF        R5, 1 
0x198C	0xF000C06C  	MOVFF       FARG_strcat_from, R0
0x1990	0xF001C06D  	MOVFF       FARG_strcat_from+1, R1
0x1994	0x0100      	MOVLB       0
0x1996	0x4B6C      	INFSNZ      FARG_strcat_from, 1, 1
0x1998	0x2B6D      	INCF        FARG_strcat_from+1, 1, 1
0x199A	0xFFE9C000  	MOVFF       R0, FSR0L
0x199E	0xFFEAC001  	MOVFF       R1, FSR0H
0x19A2	0xFFE1C002  	MOVFF       R2, FSR1L
0x19A6	0xFFE2C003  	MOVFF       R3, FSR1H
0x19AA	0xFFE6CFEE  	MOVFF       POSTINC0, POSTINC1
0x19AE	0xFFE9C002  	MOVFF       R2, FSR0L
0x19B2	0xFFEAC003  	MOVFF       R3, FSR0H
0x19B6	0x52EE      	MOVF        POSTINC0, 1 
0x19B8	0xE001      	BZ          L_strcat25
;__Lib_CString.c,101 :: 		
0x19BA	0xD7E2      	BRA         L_strcat24
L_strcat25:
;__Lib_CString.c,102 :: 		
0x19BC	0xF000C06A  	MOVFF       FARG_strcat_to, R0
0x19C0	0xF001C06B  	MOVFF       FARG_strcat_to+1, R1
;__Lib_CString.c,103 :: 		
L_end_strcat:
0x19C4	0x0012      	RETURN      0
; end of _strcat
_UART1_Write_Text:
;__Lib_UART_c67.c,66 :: 		
;__Lib_UART_c67.c,67 :: 		
0x19C6	0x0100      	MOVLB       0
0x19C8	0x6B6D      	CLRF        UART1_Write_Text_counter_L0, 1
;__Lib_UART_c67.c,69 :: 		
0x19CA	0xFFE9C06A  	MOVFF       FARG_UART1_Write_Text_uart_text, FSR0L
0x19CE	0xFFEAC06B  	MOVFF       FARG_UART1_Write_Text_uart_text+1, FSR0H
0x19D2	0xF06CCFEE  	MOVFF       POSTINC0, UART1_Write_Text_data__L0
;__Lib_UART_c67.c,70 :: 		
L_UART1_Write_Text5:
0x19D6	0x516C      	MOVF        UART1_Write_Text_data__L0, 0, 1
0x19D8	0x0A00      	XORLW       0
0x19DA	0xE00E      	BZ          L_UART1_Write_Text6
;__Lib_UART_c67.c,71 :: 		
0x19DC	0xF078C06C  	MOVFF       UART1_Write_Text_data__L0, FARG_UART1_Write_data_
0x19E0	0xDCF6      	RCALL       _UART1_Write
;__Lib_UART_c67.c,72 :: 		
0x19E2	0x0100      	MOVLB       0
0x19E4	0x2B6D      	INCF        UART1_Write_Text_counter_L0, 1, 1
;__Lib_UART_c67.c,73 :: 		
0x19E6	0x516D      	MOVF        UART1_Write_Text_counter_L0, 0, 1
0x19E8	0x256A      	ADDWF       FARG_UART1_Write_Text_uart_text, 0, 1
0x19EA	0x6EE9      	MOVWF       FSR0L 
0x19EC	0x0E00      	MOVLW       0
0x19EE	0x216B      	ADDWFC      FARG_UART1_Write_Text_uart_text+1, 0, 1
0x19F0	0x6EEA      	MOVWF       FSR0H 
0x19F2	0xF06CCFEE  	MOVFF       POSTINC0, UART1_Write_Text_data__L0
;__Lib_UART_c67.c,74 :: 		
0x19F6	0xD7EF      	BRA         L_UART1_Write_Text5
L_UART1_Write_Text6:
;__Lib_UART_c67.c,75 :: 		
L_end_UART1_Write_Text:
0x19F8	0x0012      	RETURN      0
; end of _UART1_Write_Text
0x1A0E	0xF015EE10  	LFSR        1, 21
0x1A12	0x0E13      	MOVLW       19
0x1A14	0x6E00      	MOVWF       R0 
0x1A16	0x0E01      	MOVLW       1
0x1A18	0x6E01      	MOVWF       R1 
0x1A1A	0x0EFA      	MOVLW       250
0x1A1C	0x6EF6      	MOVWF       4086 
0x1A1E	0x0E19      	MOVLW       25
0x1A20	0x6EF7      	MOVWF       TBLPTRH 
0x1A22	0x0E00      	MOVLW       0
0x1A24	0x6EF8      	MOVWF       TBLPTRU 
0x1A26	0xF00AEC0E  	CALL        5148, 0
0x1A2A	0x0012      	RETURN      0
;PingDemo.c,0 :: ?ICS?lstr1_PingDemo
0x19FA	0x6320 ;?ICS?lstr1_PingDemo+0
0x19FC	0x2E6D ;?ICS?lstr1_PingDemo+2
0x19FE	0x00 ;?ICS?lstr1_PingDemo+4
; end of ?ICS?lstr1_PingDemo
;PingDemo.c,0 :: ?ICS_x
0x19FF	0x0000 ;?ICS_x+0
0x1A01	0x0000 ;?ICS_x+2
; end of ?ICS_x
;__Lib_Conversions.c,0 :: ?ICS?lstr1___Lib_Conversions
0x1A03	0x614E ;?ICS?lstr1___Lib_Conversions+0
0x1A05	0x004E ;?ICS?lstr1___Lib_Conversions+2
; end of ?ICS?lstr1___Lib_Conversions
;__Lib_Conversions.c,0 :: ?ICS?lstr3___Lib_Conversions
0x1A07	0x4E49 ;?ICS?lstr3___Lib_Conversions+0
0x1A09	0x0046 ;?ICS?lstr3___Lib_Conversions+2
; end of ?ICS?lstr3___Lib_Conversions
;__Lib_Conversions.c,0 :: ?ICS?lstr2___Lib_Conversions
0x1A0B	0x0030 ;?ICS?lstr2___Lib_Conversions+0
; end of ?ICS?lstr2___Lib_Conversions
Symbol List:
//** Routines locations **
//ADDRESS    SIZE    PROCEDURE
//----------------------------------------------
0x1000     [186]    _main
0x10BA       [8]    _FIXSIGN32
0x10C2      [26]    _SETFUN32
0x10DC      [14]    _RES032
0x10EA     [114]    _NRM3232
0x115C      [24]    _SETFOV32
0x1174      [30]    _Div_8X8_U
0x1192     [206]    _Compare_Double
0x1260      [78]    _strcpy
0x12AE     [288]    _Mul_32x32_FP
0x13CE      [14]    _UART1_Write
0x13DC      [64]    _int2double
0x141C      [16]    ___CC2DW
0x142C      [86]    _UART1_Init
0x1482     [210]    _Ping
0x1554    [1042]    _FloatToStr
0x1966      [96]    _strcat
0x19C6      [52]    _UART1_Write_Text
//** Variables locations ** 
//ADDRESS    SIZE    VARIABLE
//----------------------------------------------
0x0000       [1]    FLASH_Erase_64_SaveINTCON_L0
0x0000       [1]    SPI1_Write_tmp_L0
0x0000       [1]    __Lib_SoftI2C_PutZerosToLATSda_temp_sda_L0
0x0000       [1]    __Lib_SoftI2C_PutZerosToLATScl_temp_scl_L0
0x0000       [1]    R0
0x0000       [1]    EEPROM_Write_SaveINTCON_L0
0x0000       [1]    UART1_Init_tmp_L0
0x0001       [1]    FLASH_Write_32_i_L0
0x0001       [2]    FLASH_Read_N_Bytes_i_L0
0x0001       [1]    __Lib_TFT_JPEG_FileRead_i_L0
0x0001       [1]    ispunct_rslt_L0
0x0001       [1]    __Lib_TFT_JPEG_FileReadBytes_Result_L0
0x0001       [1]    __Lib_USB_genHID_?FLOC____Lib_USB_genHID_USB_Handle_BusyT1
0x0001       [1]    UART1_Read___tmp_UART1_Read_L0
0x0001       [1]    I2C1_Rd_tmp_L0
0x0001       [1]    __Lib_TFT_16bit_JPEG_FileReadBytes_Result_L0
0x0001       [1]    R1
0x0001       [1]    __Lib_PS2_Wait_Falling_nsample_L0
0x0001       [1]    FLASH_Erase_Write_64_i_L0
0x0001       [1]    __Lib_TFT_16bit_JPEG_FileRead_i_L0
0x0002       [1]    FLASH_Write_32_SaveINTCON_L0
0x0002       [1]    __Lib_USB_genHID_USB_CtrlTrf_Rx_Service_byteToRead_L0
0x0002       [2]    memchr_s_L0
0x0002       [1]    FLASH_Erase_Write_64_j_L0
0x0002       [1]    R2
0x0002       [2]    memcpy_dd_L0
0x0002       [2]    memset_pp_L0
0x0002       [2]    strlen_cp_L0
0x0003       [2]    MM_TotalFreeMemSize_Tot_L0
0x0003       [1]    MM_Init_i_L0
0x0003       [1]    FLASH_Erase_Write_64_SaveINTCON_L0
0x0003       [2]    __Lib_USB_genHID_USB_CtrlTrf_Tx_Service_byteToSend_L0
0x0003       [1]    __Lib_USB_genHID_USB_CtrlTrf_Rx_Service_i_L0
0x0003       [1]    __Lib_Sprinti_?FLOC____Lib_Sprinti_Do_FillT29
0x0003       [2]    Ltrim_original_L0
0x0003       [2]    memmove_tt_L0
0x0003       [1]    R3
0x0003       [2]    __Lib_MmcFat16_f16_toInt_l_L0
0x0004       [1]    __Lib_Sprinti_?FLOC____Lib_Sprinti_Do_FillT40
0x0004       [2]    memcpy_ss_L0
0x0004       [2]    strcat_cp_L0
0x0004       [2]    __Lib_USB_genHID_USB_Std_Feature_Req_Handler_p_L0
0x0004       [1]    R4
0x0004       [2]    frexp_pom_L0
0x0004       [2]    __Lib_MemManager_MM_GetMemAlign_P_L0
0x0004       [1]    __Lib_USB_genHID_GetMaxIndexInDevDsc_index_L0
0x0004       [2]    __Lib_USB_genHID_USB_Get_Status_Handler_p_L2
0x0004       [2]    strncat_cp_L0
0x0004       [2]    strncpy_cp_L0
0x0004       [2]    __Lib_USB_genHID_USB_Transfer_Packet_handle_L0
0x0004       [2]    strcpy_cp_L0
0x0005       [2]    __Lib_USB_genHID_USB_Configure_Endpoint_handle_L0
0x0005       [2]    memmove_ff_L0
0x0005       [2]    LongWordToHex_input_half_L0
0x0005       [2]    LongIntToHex_input_half_L0
0x0005       [2]    Ltrim_p_L0
0x0005       [1]    __Lib_Sprinti_?FLOC____Lib_Sprinti_Do_FillT54
0x0005       [1]    MM_TotalFreeMemSize_i_L0
0x0005       [1]    R5
0x0006       [2]    __Lib_USB_genHID_GetMaxIndexInConfigDsc_totalLen_L0
0x0006       [1]    __Lib_MemManager_MM_GetMemAlign_i_L0
0x0006       [1]    R6
0x0006       [1]    __Lib_Sprinti_?FLOC____Lib_Sprinti_Do_FillT69
0x0007       [1]    __Lib_TFT_16bit_JPEG_GenerateHuffmanTables_bLength_L0
0x0007       [1]    R7
0x0007       [1]    __Lib_TFT_JPEG_GenerateHuffmanTables_bLength_L0
0x0008       [1]    R8
0x0008       [1]    __Lib_TFT_JPEG_GenerateHuffmanTables_bTable_L0
0x0008       [3]    __Lib_USB_genHID_GetMaxIndexInConfigDsc_ptr_L0
0x0008       [1]    __Lib_TFT_16bit_JPEG_GenerateHuffmanTables_bTable_L0
0x0009       [1]    R9
0x0009       [4]    __Lib_MmcFat16_f16_toLong_l_L0
0x000A       [1]    R10
0x000B       [1]    R11
0x000C       [1]    R12
0x000D       [1]    R13
0x000E       [1]    R14
0x000F       [1]    R15
0x0010       [1]    R16
0x0011       [1]    R17
0x0012       [1]    R18
0x0013       [1]    R19
0x0014       [1]    R20
0x0015       [5]    ?lstr1_PingDemo
0x001A       [4]    _x
0x001E       [4]    ?lstr1___Lib_Conversions
0x0022       [4]    ?lstr3___Lib_Conversions
0x0026       [2]    ?lstr2___Lib_Conversions
0x0028       [4]    _UART_Rdy_Ptr
0x002C       [4]    _UART_Tx_Idle_Ptr
0x0030       [4]    _UART_Wr_Ptr
0x0034       [4]    _UART_Rd_Ptr
0x0038      [50]    main_txt_L1
0x006A       [4]    Ping_x_L0
0x006A       [2]    FARG_strcat_to
0x006A       [4]    FARG_FloatToStr_fnum
0x006A       [2]    FARG_UART1_Write_Text_uart_text
0x006C       [2]    FARG_strcat_from
0x006C       [1]    UART1_Write_Text_data__L0
0x006D       [1]    UART1_Write_Text_counter_L0
0x006E       [2]    FARG_FloatToStr_str
0x006E       [2]    Ping_time_us_L0
0x0070       [1]    FloatToStr_i_L0
0x0070       [2]    Ping_timeOut_L0
0x0071       [1]    FloatToStr_d_L0
0x0072       [4]    FloatToStr_un_L0
0x0076       [1]    FloatToStr_bpoint_L0
0x0077       [1]    FloatToStr_dexpon_L0
0x0078       [1]    FARG_UART1_Write_data_
0x0078       [2]    FARG_strcpy_to
0x007A       [2]    FARG_strcpy_from
0x0F80       [1]    PORTA
0x0F81       [1]    PORTB
0x0F82       [1]    PORTC
0x0F92       [1]    TRISA
0x0F93       [1]    TRISB
0x0F94       [1]    TRISC
0x0F94       [0]    TRISC7_bit
0x0F94       [0]    TRISC6_bit
0x0F9E       [1]    PIR1
0x0FAB       [1]    RCSTA
0x0FAC       [1]    TXSTA
0x0FAD       [1]    TXREG
0x0FAE       [1]    RCREG
0x0FAF       [1]    SPBRG
0x0FB0       [1]    SPBRGH
0x0FB8       [1]    BAUDCON
0x0FC1       [1]    ADCON1
0x0FD8       [1]    STATUS
0x0FD9       [1]    FSR2L
0x0FDA       [1]    FSR2H
0x0FDE       [1]    POSTINC2
0x0FE0       [1]    BSR
0x0FE1       [1]    FSR1L
0x0FE2       [1]    FSR1H
0x0FE4       [1]    PREINC1
0x0FE6       [1]    POSTINC1
0x0FE7       [1]    INDF1
0x0FE8       [1]    WREG
0x0FE9       [1]    FSR0L
0x0FEA       [1]    FSR0H
0x0FEE       [1]    POSTINC0
0x0FF3       [1]    PRODL
0x0FF4       [1]    PRODH
0x0FF5       [1]    TABLAT
0x0FF6       [1]    TBLPTRL
0x0FF7       [1]    TBLPTRH
0x0FF8       [1]    TBLPTRU
//** Constants locations ** 
//ADDRESS    SIZE    CONSTANT
//----------------------------------------------
0x19FA       [5]    ?ICS?lstr1_PingDemo
0x19FF       [4]    ?ICS_x
0x1A03       [4]    ?ICS?lstr1___Lib_Conversions
0x1A07       [4]    ?ICS?lstr3___Lib_Conversions
0x1A0B       [2]    ?ICS?lstr2___Lib_Conversions
