;  LST file generated by mikroListExporter - v.2.0 
; Date/Time: 03/09/2016 01:34:47 a.m.
;----------------------------------------------

;Address Opcode 	ASM
0x0000	0xF008EF00  	GOTO        4096
0x0004	0x0000      	NOP
0x0006	0x0000      	NOP
0x0008	0xF000EF00  	GOTO        0
0x000C	0x0000      	NOP
0x000E	0x0000      	NOP
0x0010	0x0000      	NOP
0x0012	0x0000      	NOP
0x0014	0x0000      	NOP
0x0016	0x0000      	NOP
0x0018	0xD7F3      	BRA         0
_main:
;MyProject.mbas,7 :: 		org 0x1000
;MyProject.mbas,9 :: 		TRISC = %00000000
0x1000	0x6A94      	CLRF        TRISC 
;MyProject.mbas,11 :: 		PORTC.1 = 0
0x1002	0x9282      	BCF         PORTC, 1 
;MyProject.mbas,12 :: 		PORTC.2 = 0
0x1004	0x9482      	BCF         PORTC, 2 
;MyProject.mbas,14 :: 		PWM1_Init(100000)
0x1006	0x90CA      	BCF         T2CON, 0, 0
0x1008	0x92CA      	BCF         T2CON, 1, 0
0x100A	0x90CA      	BCF         T2CON, 0, 0
0x100C	0x92CA      	BCF         T2CON, 1, 0
0x100E	0x0E77      	MOVLW       119
0x1010	0x6ECB      	MOVWF       PR2, 0
0x1012	0xD8FD      	RCALL       _PWM1_Init
;MyProject.mbas,15 :: 		PWM1_start()
0x1014	0xD900      	RCALL       _PWM1_Start
;MyProject.mbas,16 :: 		PWM2_Init(100000)
0x1016	0x90CA      	BCF         T2CON, 0, 0
0x1018	0x92CA      	BCF         T2CON, 1, 0
0x101A	0x90CA      	BCF         T2CON, 0, 0
0x101C	0x92CA      	BCF         T2CON, 1, 0
0x101E	0x0E77      	MOVLW       119
0x1020	0x6ECB      	MOVWF       PR2, 0
0x1022	0xD8FE      	RCALL       _PWM2_Init
;MyProject.mbas,17 :: 		PWM2_start()
0x1024	0xD8EF      	RCALL       _PWM2_Start
;MyProject.mbas,19 :: 		delay_ms(500)
0x1026	0x0E1F      	MOVLW       31
0x1028	0x6E0B      	MOVWF       R11, 0
0x102A	0x0E71      	MOVLW       113
0x102C	0x6E0C      	MOVWF       R12, 0
0x102E	0x0E1E      	MOVLW       30
0x1030	0x6E0D      	MOVWF       R13, 0
L__main1:
0x1032	0x2E0D      	DECFSZ      R13, 1, 0
0x1034	0xD7FE      	BRA         L__main1
0x1036	0x2E0C      	DECFSZ      R12, 1, 0
0x1038	0xD7FC      	BRA         L__main1
0x103A	0x2E0B      	DECFSZ      R11, 1, 0
0x103C	0xD7FA      	BRA         L__main1
0x103E	0x0000      	NOP
;MyProject.mbas,21 :: 		inicio:
L__main_inicio:
;MyProject.mbas,22 :: 		for x = 0 to 255 step 1
0x1040	0x6A15      	CLRF        _x 
L__main4:
;MyProject.mbas,23 :: 		PWM1_set_Duty(x)
0x1042	0xF016C015  	MOVFF       _x, FARG_PWM1_Set_Duty_new_duty
0x1046	0xD86E      	RCALL       _PWM1_Set_Duty
;MyProject.mbas,24 :: 		delay_ms(10)
0x1048	0x0E9C      	MOVLW       156
0x104A	0x6E0C      	MOVWF       R12, 0
0x104C	0x0ED7      	MOVLW       215
0x104E	0x6E0D      	MOVWF       R13, 0
L__main8:
0x1050	0x2E0D      	DECFSZ      R13, 1, 0
0x1052	0xD7FE      	BRA         L__main8
0x1054	0x2E0C      	DECFSZ      R12, 1, 0
0x1056	0xD7FC      	BRA         L__main8
;MyProject.mbas,25 :: 		next x
0x1058	0x5015      	MOVF        _x, 0 
0x105A	0x0AFF      	XORLW       255
0x105C	0xE002      	BZ          L__main7
0x105E	0x2A15      	INCF        _x, 1 
0x1060	0xD7F0      	BRA         L__main4
L__main7:
;MyProject.mbas,27 :: 		for x = 0 to 255 step 1
0x1062	0x6A15      	CLRF        _x 
L__main10:
;MyProject.mbas,28 :: 		PWM2_set_Duty(x)
0x1064	0xF016C015  	MOVFF       _x, FARG_PWM2_Set_Duty_new_duty
0x1068	0xD895      	RCALL       _PWM2_Set_Duty
;MyProject.mbas,29 :: 		delay_ms(10)
0x106A	0x0E9C      	MOVLW       156
0x106C	0x6E0C      	MOVWF       R12, 0
0x106E	0x0ED7      	MOVLW       215
0x1070	0x6E0D      	MOVWF       R13, 0
L__main14:
0x1072	0x2E0D      	DECFSZ      R13, 1, 0
0x1074	0xD7FE      	BRA         L__main14
0x1076	0x2E0C      	DECFSZ      R12, 1, 0
0x1078	0xD7FC      	BRA         L__main14
;MyProject.mbas,30 :: 		next x
0x107A	0x5015      	MOVF        _x, 0 
0x107C	0x0AFF      	XORLW       255
0x107E	0xE002      	BZ          L__main13
0x1080	0x2A15      	INCF        _x, 1 
0x1082	0xD7F0      	BRA         L__main10
L__main13:
;MyProject.mbas,32 :: 		for x = 255 to 0 step -1
0x1084	0x0EFF      	MOVLW       255
0x1086	0x6E15      	MOVWF       _x 
L__main16:
;MyProject.mbas,33 :: 		PWM1_set_Duty(x)
0x1088	0xF016C015  	MOVFF       _x, FARG_PWM1_Set_Duty_new_duty
0x108C	0xD84B      	RCALL       _PWM1_Set_Duty
;MyProject.mbas,34 :: 		delay_ms(10)
0x108E	0x0E9C      	MOVLW       156
0x1090	0x6E0C      	MOVWF       R12, 0
0x1092	0x0ED7      	MOVLW       215
0x1094	0x6E0D      	MOVWF       R13, 0
L__main20:
0x1096	0x2E0D      	DECFSZ      R13, 1, 0
0x1098	0xD7FE      	BRA         L__main20
0x109A	0x2E0C      	DECFSZ      R12, 1, 0
0x109C	0xD7FC      	BRA         L__main20
;MyProject.mbas,35 :: 		next x
0x109E	0x5015      	MOVF        _x, 0 
0x10A0	0x0A00      	XORLW       0
0x10A2	0xE003      	BZ          L__main19
0x10A4	0x0EFF      	MOVLW       255
0x10A6	0x2615      	ADDWF       _x, 1 
0x10A8	0xD7EF      	BRA         L__main16
L__main19:
;MyProject.mbas,37 :: 		for x = 255 to 0 step -1
0x10AA	0x0EFF      	MOVLW       255
0x10AC	0x6E15      	MOVWF       _x 
L__main22:
;MyProject.mbas,38 :: 		PWM2_set_Duty(x)
0x10AE	0xF016C015  	MOVFF       _x, FARG_PWM2_Set_Duty_new_duty
0x10B2	0xD870      	RCALL       _PWM2_Set_Duty
;MyProject.mbas,39 :: 		delay_ms(10)
0x10B4	0x0E9C      	MOVLW       156
0x10B6	0x6E0C      	MOVWF       R12, 0
0x10B8	0x0ED7      	MOVLW       215
0x10BA	0x6E0D      	MOVWF       R13, 0
L__main26:
0x10BC	0x2E0D      	DECFSZ      R13, 1, 0
0x10BE	0xD7FE      	BRA         L__main26
0x10C0	0x2E0C      	DECFSZ      R12, 1, 0
0x10C2	0xD7FC      	BRA         L__main26
;MyProject.mbas,40 :: 		next x
0x10C4	0x5015      	MOVF        _x, 0 
0x10C6	0x0A00      	XORLW       0
0x10C8	0xE003      	BZ          L__main25
0x10CA	0x0EFF      	MOVLW       255
0x10CC	0x2615      	ADDWF       _x, 1 
0x10CE	0xD7EF      	BRA         L__main22
L__main25:
;MyProject.mbas,42 :: 		goto inicio
0x10D0	0xD7B7      	BRA         L__main_inicio
L_end_main:
0x10D2	0xD7FF      	BRA         $+0
; end of _main
_Mul_16x16_U:
;__Lib_Math.mpas,434 :: 		
;__Lib_Math.mpas,441 :: 		
0x10D4	0x6A0B      	CLRF        R11, 0
;__Lib_Math.mpas,442 :: 		
0x10D6	0x6A0A      	CLRF        R10, 0
;__Lib_Math.mpas,443 :: 		
0x10D8	0x6A09      	CLRF        R9, 0
;__Lib_Math.mpas,444 :: 		
0x10DA	0x5000      	MOVF        R0, 0, 0
;__Lib_Math.mpas,445 :: 		
0x10DC	0x0204      	MULWF       R4, 0
;__Lib_Math.mpas,447 :: 		
0x10DE	0xF009CFF4  	MOVFF       PRODH, R9
;__Lib_Math.mpas,448 :: 		
0x10E2	0xF008CFF3  	MOVFF       PRODL, R8
;__Lib_Math.mpas,449 :: 		
0x10E6	0x5001      	MOVF        R1, 0, 0
;__Lib_Math.mpas,450 :: 		
0x10E8	0x0205      	MULWF       R5, 0
;__Lib_Math.mpas,452 :: 		
0x10EA	0xF00BCFF4  	MOVFF       PRODH, R11
;__Lib_Math.mpas,453 :: 		
0x10EE	0xF00ACFF3  	MOVFF       PRODL, R10
;__Lib_Math.mpas,454 :: 		
0x10F2	0x5000      	MOVF        R0, 0, 0
;__Lib_Math.mpas,455 :: 		
0x10F4	0x0205      	MULWF       R5, 0
;__Lib_Math.mpas,457 :: 		
0x10F6	0x50F3      	MOVF        PRODL, 0, 0
;__Lib_Math.mpas,458 :: 		
0x10F8	0x2609      	ADDWF       R9, 1, 0
;__Lib_Math.mpas,459 :: 		
0x10FA	0x50F4      	MOVF        PRODH, 0, 0
;__Lib_Math.mpas,460 :: 		
0x10FC	0x220A      	ADDWFC      R10, 1, 0
;__Lib_Math.mpas,461 :: 		
0x10FE	0x6AE8      	CLRF        WREG, 0
;__Lib_Math.mpas,462 :: 		
0x1100	0x220B      	ADDWFC      R11, 1, 0
;__Lib_Math.mpas,463 :: 		
0x1102	0x5001      	MOVF        R1, 0, 0
;__Lib_Math.mpas,464 :: 		
0x1104	0x0204      	MULWF       R4, 0
;__Lib_Math.mpas,466 :: 		
0x1106	0x50F3      	MOVF        PRODL, 0, 0
;__Lib_Math.mpas,467 :: 		
0x1108	0x2609      	ADDWF       R9, 1, 0
;__Lib_Math.mpas,468 :: 		
0x110A	0x50F4      	MOVF        PRODH, 0, 0
;__Lib_Math.mpas,469 :: 		
0x110C	0x220A      	ADDWFC      R10, 1, 0
;__Lib_Math.mpas,470 :: 		
0x110E	0x6AE8      	CLRF        WREG, 0
;__Lib_Math.mpas,471 :: 		
0x1110	0x220B      	ADDWFC      R11, 1, 0
;__Lib_Math.mpas,473 :: 		
0x1112	0xF000C008  	MOVFF       R8, R0
;__Lib_Math.mpas,474 :: 		
0x1116	0xF001C009  	MOVFF       R9, R1
;__Lib_Math.mpas,475 :: 		
0x111A	0xF002C00A  	MOVFF       R10, R2
;__Lib_Math.mpas,476 :: 		
0x111E	0xF003C00B  	MOVFF       R11, R3
;__Lib_Math.mpas,478 :: 		
L_end_Mul_16x16_U:
0x1122	0x0012      	RETURN      0
; end of _Mul_16x16_U
_PWM1_Set_Duty:
;__Lib_PWM_c21.mpas,25 :: 		
;__Lib_PWM_c21.mpas,26 :: 		
0x1124	0x0E01      	MOVLW       1
0x1126	0x6E00      	MOVWF       R0 
0x1128	0x0E00      	MOVLW       0
0x112A	0x6E01      	MOVWF       R1 
0x112C	0x50CB      	MOVF        PR2, 0 
0x112E	0x2600      	ADDWF       R0, 1 
0x1130	0xB0D8      	BTFSC       STATUS, 0 
0x1132	0x2A01      	INCF        R1, 1 
0x1134	0xF004C016  	MOVFF       FARG_PWM1_Set_Duty_new_duty, R4
0x1138	0x0E00      	MOVLW       0
0x113A	0x6E05      	MOVWF       R5 
0x113C	0xDFCB      	RCALL       _Mul_16x16_U
0x113E	0x0E06      	MOVLW       6
0x1140	0x6E02      	MOVWF       R2 
0x1142	0xF004C000  	MOVFF       R0, R4
0x1146	0xF005C001  	MOVFF       R1, R5
0x114A	0x5002      	MOVF        R2, 0 
L__PWM1_Set_Duty10:
0x114C	0xE005      	BZ          L__PWM1_Set_Duty11
0x114E	0x3205      	RRCF        R5, 1 
0x1150	0x3204      	RRCF        R4, 1 
0x1152	0x9E05      	BCF         R5, 7 
0x1154	0x0FFF      	ADDLW       255
0x1156	0xD7FA      	BRA         L__PWM1_Set_Duty10
L__PWM1_Set_Duty11:
;__Lib_PWM_c21.mpas,27 :: 		
0x1158	0x0E04      	MOVLW       4
0x115A	0x6E01      	MOVWF       R1 
0x115C	0xF000C004  	MOVFF       R4, R0
0x1160	0x5001      	MOVF        R1, 0 
L__PWM1_Set_Duty12:
0x1162	0xE004      	BZ          L__PWM1_Set_Duty13
0x1164	0x3600      	RLCF        R0, 1 
0x1166	0x9000      	BCF         R0, 0 
0x1168	0x0FFF      	ADDLW       255
0x116A	0xD7FB      	BRA         L__PWM1_Set_Duty12
L__PWM1_Set_Duty13:
0x116C	0x0E30      	MOVLW       48
0x116E	0x1400      	ANDWF       R0, 0 
0x1170	0x6E03      	MOVWF       R3 
;__Lib_PWM_c21.mpas,28 :: 		
0x1172	0xF000C004  	MOVFF       R4, R0
0x1176	0xF001C005  	MOVFF       R5, R1
0x117A	0x3201      	RRCF        R1, 1 
0x117C	0x3200      	RRCF        R0, 1 
0x117E	0x9E01      	BCF         R1, 7 
0x1180	0x3201      	RRCF        R1, 1 
0x1182	0x3200      	RRCF        R0, 1 
0x1184	0x9E01      	BCF         R1, 7 
0x1186	0xFFBEC000  	MOVFF       R0, CCPR1L
;__Lib_PWM_c21.mpas,29 :: 		
0x118A	0x0E0F      	MOVLW       15
0x118C	0x16BD      	ANDWF       CCP1CON, 1 
;__Lib_PWM_c21.mpas,30 :: 		
0x118E	0x5003      	MOVF        R3, 0 
0x1190	0x12BD      	IORWF       CCP1CON, 1 
;__Lib_PWM_c21.mpas,31 :: 		
L_end_PWM1_Set_Duty:
0x1192	0x0012      	RETURN      0
; end of _PWM1_Set_Duty
_PWM2_Set_Duty:
;__Lib_PWM_c21.mpas,60 :: 		
;__Lib_PWM_c21.mpas,61 :: 		
0x1194	0x0E01      	MOVLW       1
0x1196	0x6E00      	MOVWF       R0 
0x1198	0x0E00      	MOVLW       0
0x119A	0x6E01      	MOVWF       R1 
0x119C	0x50CB      	MOVF        PR2, 0 
0x119E	0x2600      	ADDWF       R0, 1 
0x11A0	0xB0D8      	BTFSC       STATUS, 0 
0x11A2	0x2A01      	INCF        R1, 1 
0x11A4	0xF004C016  	MOVFF       FARG_PWM2_Set_Duty_new_duty, R4
0x11A8	0x0E00      	MOVLW       0
0x11AA	0x6E05      	MOVWF       R5 
0x11AC	0xDF93      	RCALL       _Mul_16x16_U
0x11AE	0x0E06      	MOVLW       6
0x11B0	0x6E02      	MOVWF       R2 
0x11B2	0xF004C000  	MOVFF       R0, R4
0x11B6	0xF005C001  	MOVFF       R1, R5
0x11BA	0x5002      	MOVF        R2, 0 
L__PWM2_Set_Duty18:
0x11BC	0xE005      	BZ          L__PWM2_Set_Duty19
0x11BE	0x3205      	RRCF        R5, 1 
0x11C0	0x3204      	RRCF        R4, 1 
0x11C2	0x9E05      	BCF         R5, 7 
0x11C4	0x0FFF      	ADDLW       255
0x11C6	0xD7FA      	BRA         L__PWM2_Set_Duty18
L__PWM2_Set_Duty19:
;__Lib_PWM_c21.mpas,62 :: 		
0x11C8	0x0E04      	MOVLW       4
0x11CA	0x6E01      	MOVWF       R1 
0x11CC	0xF000C004  	MOVFF       R4, R0
0x11D0	0x5001      	MOVF        R1, 0 
L__PWM2_Set_Duty20:
0x11D2	0xE004      	BZ          L__PWM2_Set_Duty21
0x11D4	0x3600      	RLCF        R0, 1 
0x11D6	0x9000      	BCF         R0, 0 
0x11D8	0x0FFF      	ADDLW       255
0x11DA	0xD7FB      	BRA         L__PWM2_Set_Duty20
L__PWM2_Set_Duty21:
0x11DC	0x0E30      	MOVLW       48
0x11DE	0x1400      	ANDWF       R0, 0 
0x11E0	0x6E03      	MOVWF       R3 
;__Lib_PWM_c21.mpas,63 :: 		
0x11E2	0xF000C004  	MOVFF       R4, R0
0x11E6	0xF001C005  	MOVFF       R5, R1
0x11EA	0x3201      	RRCF        R1, 1 
0x11EC	0x3200      	RRCF        R0, 1 
0x11EE	0x9E01      	BCF         R1, 7 
0x11F0	0x3201      	RRCF        R1, 1 
0x11F2	0x3200      	RRCF        R0, 1 
0x11F4	0x9E01      	BCF         R1, 7 
0x11F6	0xFFBBC000  	MOVFF       R0, CCPR2L
;__Lib_PWM_c21.mpas,64 :: 		
0x11FA	0x0E0F      	MOVLW       15
0x11FC	0x16BA      	ANDWF       CCP2CON, 1 
;__Lib_PWM_c21.mpas,65 :: 		
0x11FE	0x5003      	MOVF        R3, 0 
0x1200	0x12BA      	IORWF       CCP2CON, 1 
;__Lib_PWM_c21.mpas,66 :: 		
L_end_PWM2_Set_Duty:
0x1202	0x0012      	RETURN      0
; end of _PWM2_Set_Duty
_PWM2_Start:
;__Lib_PWM_c21.mpas,69 :: 		
;__Lib_PWM_c21.mpas,70 :: 		
0x1204	0x9294      	BCF         TRISC1_bit, BitPos(TRISC1_bit+0) 
;__Lib_PWM_c21.mpas,71 :: 		
0x1206	0x84CA      	BSF         T2CON, 2 
;__Lib_PWM_c21.mpas,72 :: 		
0x1208	0x0E0C      	MOVLW       12
0x120A	0x12BA      	IORWF       CCP2CON, 1 
;__Lib_PWM_c21.mpas,73 :: 		
L_end_PWM2_Start:
0x120C	0x0012      	RETURN      0
; end of _PWM2_Start
_PWM1_Init:
;__Lib_PWM_c21.mpas,15 :: 		
;__Lib_PWM_c21.mpas,17 :: 		
0x120E	0x6ABE      	CLRF        CCPR1L 
;__Lib_PWM_c21.mpas,18 :: 		
0x1210	0x98BD      	BCF         CCP1CON, 4 
;__Lib_PWM_c21.mpas,19 :: 		
0x1212	0x9ABD      	BCF         CCP1CON, 5 
;__Lib_PWM_c21.mpas,20 :: 		
L_end_PWM1_Init:
0x1214	0x0012      	RETURN      0
; end of _PWM1_Init
_PWM1_Start:
;__Lib_PWM_c21.mpas,34 :: 		
;__Lib_PWM_c21.mpas,35 :: 		
0x1216	0x9494      	BCF         TRISC2_bit, BitPos(TRISC2_bit+0) 
;__Lib_PWM_c21.mpas,36 :: 		
0x1218	0x84CA      	BSF         T2CON, 2 
;__Lib_PWM_c21.mpas,37 :: 		
0x121A	0x0E0C      	MOVLW       12
0x121C	0x12BD      	IORWF       CCP1CON, 1 
;__Lib_PWM_c21.mpas,38 :: 		
L_end_PWM1_Start:
0x121E	0x0012      	RETURN      0
; end of _PWM1_Start
_PWM2_Init:
;__Lib_PWM_c21.mpas,50 :: 		
;__Lib_PWM_c21.mpas,52 :: 		
0x1220	0x6ABB      	CLRF        CCPR2L 
;__Lib_PWM_c21.mpas,53 :: 		
0x1222	0x98BA      	BCF         CCP2CON, 4 
;__Lib_PWM_c21.mpas,54 :: 		
0x1224	0x9ABA      	BCF         CCP2CON, 5 
;__Lib_PWM_c21.mpas,55 :: 		
L_end_PWM2_Init:
0x1226	0x0012      	RETURN      0
; end of _PWM2_Init
Symbol List:
//** Routines locations **
//ADDRESS    SIZE    PROCEDURE
//----------------------------------------------
0x1000     [212]    _main
0x10D4      [80]    _Mul_16x16_U
0x1124     [112]    _PWM1_Set_Duty
0x1194     [112]    _PWM2_Set_Duty
0x1204      [10]    _PWM2_Start
0x120E       [8]    _PWM1_Init
0x1216      [10]    _PWM1_Start
0x1220       [8]    _PWM2_Init
//** Variables locations ** 
//ADDRESS    SIZE    VARIABLE
//----------------------------------------------
0x0000       [1]    SPI1_Write_tmp
0x0000       [1]    EEPROM_Write_SaveINTCON
0x0000       [1]    PutZerosToLATSda_temp_sda
0x0000       [1]    UART1_Init_tmp
0x0000       [1]    PutZerosToLATScl_temp_scl
0x0000       [1]    FLASH_Erase_64_SaveINTCON
0x0000       [1]    R0
0x0001       [2]    strcpy_ptr1
0x0001       [1]    Is_TFT_Rotated_180_local_result
0x0001       [1]    Is_SSD1963_16bit_Set_local_result
0x0001       [1]    EEPROM_Read_local_result
0x0001       [2]    strcat2_ptrl1
0x0001       [1]    Cf_Detect_local_result
0x0001       [1]    Mmc_Fat_EOF_local_result
0x0001       [1]    Is_TFT_16bit_Set_local_result
0x0001       [1]    FLASH_Erase_Write_64_cnt1
0x0001       [1]    Is_TFT_16bit_Rotated_180_local_result
0x0001       [2]    ltrim_ptr1
0x0001       [1]    FLASH_Read_local_result
0x0001       [1]    R1
0x0001       [1]    I2C1_Rd_local_result
0x0001       [1]    __Lib_USB_genHID_?FLOC____Lib_USB_genHID_USB_Handle_BusyT1
0x0001       [2]    FLASH_Read_N_Bytes_counter
0x0001       [1]    MM_error_local_result
0x0001       [1]    JPEG_FileReadBytes_local_result
0x0001       [1]    Is_TFT_Set_local_result
0x0001       [2]    strncat2_ptr1
0x0001       [1]    JPEG_ToSignedCharRange_local_result
0x0001       [1]    JPEG_FileReadBytes_local_result
0x0001       [1]    JPEG_ToCharRange_local_result
0x0001       [1]    I2C1_Wr_local_result
0x0001       [1]    FLASH_Write_32_counter
0x0001       [2]    strncpy_ptr1
0x0001       [1]    Is_SSD1963_Set_local_result
0x0001       [1]    UART1_Read_local_result
0x0001       [1]    JPEG_ToSignedCharRange_local_result
0x0001       [2]    strcat_ptr1
0x0001       [1]    closeDir_local_result
0x0001       [1]    Clock_Wait_High_local_result
0x0001       [1]    JPEG_ToCharRange_local_result
0x0001       [1]    SPI1_Read_local_result
0x0001       [1]    UART1_Data_Ready_local_result
0x0001       [1]    UART1_TX_Idle_local_result
0x0001       [2]    memset_chptr
0x0001       [2]    memcpy_chptr1
0x0002       [2]    strncat_ptr1
0x0002       [1]    islower_local_result
0x0002       [2]    SPI_Ethernet_24j600_getIpAddress_local_result
0x0002       [1]    Wait_Falling_local_result
0x0002       [2]    constToVar_local_result
0x0002       [2]    SPI_Ethernet_24j600_getIpMask_local_result
0x0002       [1]    JPEG_FileRead_i
0x0002       [2]    abs_local_result
0x0002       [2]    SPI_Ethernet_24j600_getGwIpAddress_local_result
0x0002       [2]    SPI_Ethernet_24j600_getDnsIpAddress_local_result
0x0002       [2]    memchr_local_result
0x0002       [1]    JPEG_FileRead_i
0x0002       [1]    ispunct_local_result
0x0002       [2]    memcmp_local_result
0x0002       [2]    SPI_Ethernet_getGwIpAddress_local_result
0x0002       [2]    T6963C_WaitReady_ptr
0x0002       [2]    SPI_Ethernet_getIpAddress_local_result
0x0002       [1]    __Lib_USB_genHID_USB_CtrlTrf_Rx_Service_byteToRead_L0
0x0002       [1]    isdigit_local_result
0x0002       [1]    tolower_local_result
0x0002       [1]    I2C1_Is_Idle_local_result
0x0002       [2]    min_local_result
0x0002       [1]    toupper_local_result
0x0002       [2]    max_local_result
0x0002       [2]    SPI_Ethernet_getIpMask_local_result
0x0002       [1]    R2
0x0002       [1]    Clock_Wait_Low_local_result
0x0002       [2]    f16_toInt_local_result
0x0002       [1]    UART1_Read_tmp
0x0002       [2]    SPI_Ethernet_getDnsIpAddress_local_result
0x0002       [2]    strchr_local_result
0x0002       [1]    isupper_local_result
0x0002       [1]    FLASH_Write_32_SaveINTCON
0x0002       [1]    iscntrl_local_result
0x0002       [1]    FLASH_Erase_Write_64_cnt2
0x0002       [2]    Length_local_result
0x0002       [2]    strlen_local_result
0x0002       [2]    strstr_local_result
0x0003       [1]    __Lib_USB_genHID_USB_CtrlTrf_Rx_Service_i_L0
0x0003       [1]    FLASH_Erase_Write_64_SaveINTCON
0x0003       [2]    MM_TotalFreeMemSize_local_result
0x0003       [2]    strcat_ptr2
0x0003       [2]    strcat2_ptr1
0x0003       [1]    MM_Init_i
0x0003       [2]    ltrim_ptr2
0x0003       [2]    strncpy_ptr2
0x0003       [1]    R3
0x0003       [2]    memcpy_chptr2
0x0003       [1]    isspace_local_result
0x0003       [2]    strcpy_ptr2
0x0003       [2]    __Lib_USB_genHID_USB_CtrlTrf_Tx_Service_byteToSend_L0
0x0003       [2]    MM_CheckBlocks_local_result
0x0003       [1]    Wait_Falling_osample
0x0003       [2]    strncat2_ptr2
0x0003       [2]    strcmp_local_result
0x0004       [4]    Get_Fosc_kHz_local_result
0x0004       [2]    __Lib_USB_genHID_USB_Std_Feature_Req_Handler_p_L0
0x0004       [2]    __Lib_USB_genHID_USB_Get_Status_Handler_p_L2
0x0004       [2]    memchr_chptr
0x0004       [2]    strstr_i
0x0004       [4]    labs_local_result
0x0004       [4]    f16_toLong_local_result
0x0004       [1]    R4
0x0004       [4]    Mmc_Fat_Tell_local_result
0x0004       [1]    Wait_Falling_nsample
0x0004       [2]    strncmp_local_result
0x0004       [1]    __Lib_USB_genHID_GetMaxIndexInDevDsc_index_L0
0x0004       [2]    __Lib_USB_genHID_USB_Transfer_Packet_handle_L0
0x0004       [4]    Mmc_Fat_Get_File_Size_local_result
0x0004       [4]    Cf_Fat_Get_File_Size_local_result
0x0004       [2]    Length_ptr
0x0004       [1]    Ps2_Get_Value_local_result
0x0004       [2]    strlen_ptr
0x0004       [4]    frexp_local_result
0x0004       [2]    memmove_chptr1
0x0004       [2]    strncat_ptr2
0x0004       [2]    memcmp_chptr1
0x0004       [2]    strchr_ptr
0x0005       [2]    __Lib_USB_genHID_USB_Configure_Endpoint_handle_L0
0x0005       [1]    Wait_Falling_i
0x0005       [1]    Ps2_Get_Value_rslt
0x0005       [2]    LongWordToHex_input_half
0x0005       [2]    strcat2_ptr2
0x0005       [1]    GetMemAlign_i
0x0005       [2]    LongIntToHex_input_half
0x0005       [1]    MM_TotalFreeMemSize_i
0x0005       [2]    strcmp_ptr1
0x0005       [1]    R5
0x0006       [1]    strncmp_ch1
0x0006       [2]    __Lib_USB_genHID_GetMaxIndexInConfigDsc_totalLen_L0
0x0006       [2]    TFT_16bit_RGBToColor16bit_local_result
0x0006       [2]    TFT_RGBToColor16bit_local_result
0x0006       [1]    R6
0x0006       [2]    memcmp_chptr2
0x0006       [2]    memmove_chptr2
0x0006       [2]    strstr_j
0x0007       [1]    strncmp_ch2
0x0007       [1]    R7
0x0007       [2]    strcmp_ptr2
0x0008       [2]    strncmp_ptr1
0x0008       [1]    JPEG_GenerateHuffmanTables_local_result
0x0008       [1]    R8
0x0008       [1]    JPEG_GenerateHuffmanTables_local_result
0x0008       [2]    strstr_k
0x0008       [3]    __Lib_USB_genHID_GetMaxIndexInConfigDsc_ptr_L0
0x0009       [4]    JPEG_UnscaleValue_local_result
0x0009       [1]    R9
0x0009       [1]    JPEG_GenerateHuffmanTables_bLength
0x0009       [1]    JPEG_GenerateHuffmanTables_bLength
0x0009       [4]    JPEG_UnscaleValue_local_result
0x000A       [1]    JPEG_GenerateHuffmanTables_bTable
0x000A       [1]    R10
0x000A       [1]    strstr_aa
0x000A       [2]    strncmp_ptr2
0x000A       [1]    JPEG_GenerateHuffmanTables_bTable
0x000B       [1]    strstr_bb
0x000B       [1]    R11
0x000C       [1]    R12
0x000D       [1]    R13
0x000E       [1]    R14
0x000F       [1]    R15
0x0010       [1]    R16
0x0011       [1]    R17
0x0012       [1]    R18
0x0013       [1]    R19
0x0014       [1]    R20
0x0015       [1]    _x
0x0016       [4]    FARG_PWM2_Init_PWM_Freq
0x0016       [4]    FARG_PWM1_Init_PWM_Freq
0x0016       [1]    FARG_PWM1_Set_Duty_new_duty
0x0016       [1]    FARG_PWM2_Set_Duty_new_duty
0x0F82       [1]    PORTC
0x0F94       [0]    TRISC1_bit
0x0F94       [0]    TRISC2_bit
0x0F94       [1]    TRISC
0x0FBA       [1]    CCP2CON
0x0FBB       [1]    CCPR2L
0x0FBD       [1]    CCP1CON
0x0FBE       [1]    CCPR1L
0x0FCA       [1]    T2CON
0x0FCB       [1]    PR2
0x0FE8       [1]    WREG
0x0FF3       [1]    PRODL
0x0FF4       [1]    PRODH
